{"/Users/florianmartinez/Desktop/Projet-Final-main/firebase.config.js": {"path":"/Users/florianmartinez/Desktop/Projet-Final-main/firebase.config.js","statementMap":{"0":{"start":{"line":5,"column":30},"end":{"line":13,"column":1}},"1":{"start":{"line":16,"column":25},"end":{"line":21,"column":1}}},"fnMap":{},"branchMap":{"0":{"loc":{"start":{"line":6,"column":10},"end":{"line":6,"column":83}},"type":"binary-expr","locations":[{"start":{"line":6,"column":10},"end":{"line":6,"column":38}},{"start":{"line":6,"column":42},"end":{"line":6,"column":83}}],"line":6},"1":{"loc":{"start":{"line":7,"column":14},"end":{"line":7,"column":83}},"type":"binary-expr","locations":[{"start":{"line":7,"column":14},"end":{"line":7,"column":46}},{"start":{"line":7,"column":50},"end":{"line":7,"column":83}}],"line":7},"2":{"loc":{"start":{"line":8,"column":13},"end":{"line":8,"column":65}},"type":"binary-expr","locations":[{"start":{"line":8,"column":13},"end":{"line":8,"column":44}},{"start":{"line":8,"column":48},"end":{"line":8,"column":65}}],"line":8},"3":{"loc":{"start":{"line":9,"column":17},"end":{"line":9,"column":85}},"type":"binary-expr","locations":[{"start":{"line":9,"column":17},"end":{"line":9,"column":52}},{"start":{"line":9,"column":56},"end":{"line":9,"column":85}}],"line":9},"4":{"loc":{"start":{"line":10,"column":21},"end":{"line":10,"column":76}},"type":"binary-expr","locations":[{"start":{"line":10,"column":21},"end":{"line":10,"column":61}},{"start":{"line":10,"column":65},"end":{"line":10,"column":76}}],"line":10},"5":{"loc":{"start":{"line":11,"column":9},"end":{"line":11,"column":70}},"type":"binary-expr","locations":[{"start":{"line":11,"column":9},"end":{"line":11,"column":36}},{"start":{"line":11,"column":40},"end":{"line":11,"column":70}}],"line":11},"6":{"loc":{"start":{"line":12,"column":17},"end":{"line":12,"column":70}},"type":"binary-expr","locations":[{"start":{"line":12,"column":17},"end":{"line":12,"column":52}},{"start":{"line":12,"column":56},"end":{"line":12,"column":70}}],"line":12}},"s":{"0":1,"1":1},"f":{},"b":{"0":[1,0],"1":[1,0],"2":[1,0],"3":[1,0],"4":[1,0],"5":[1,0],"6":[1,0]},"_coverageSchema":"1a1c01bbd47fc00a2c39e90264f33305004495a9","hash":"1f00463d8c1ecab168c1cddc31ce0178c80f33f2"}
,"/Users/florianmartinez/Desktop/Projet-Final-main/components/CustomRating.js": {"path":"/Users/florianmartinez/Desktop/Projet-Final-main/components/CustomRating.js","statementMap":{"0":{"start":{"line":24,"column":16},"end":{"line":24,"column":26}},"1":{"start":{"line":27,"column":29},"end":{"line":27,"column":82}},"2":{"start":{"line":28,"column":26},"end":{"line":32,"column":3}},"3":{"start":{"line":29,"column":4},"end":{"line":31,"column":5}},"4":{"start":{"line":30,"column":6},"end":{"line":30,"column":27}},"5":{"start":{"line":34,"column":2},"end":{"line":62,"column":4}},"6":{"start":{"line":37,"column":8},"end":{"line":59,"column":27}},"7":{"start":{"line":39,"column":25},"end":{"line":39,"column":46}},"8":{"start":{"line":65,"column":15},"end":{"line":81,"column":2}}},"fnMap":{"0":{"name":"CustomRating","decl":{"start":{"line":15,"column":24},"end":{"line":15,"column":36}},"loc":{"start":{"line":23,"column":3},"end":{"line":63,"column":1}},"line":23},"1":{"name":"(anonymous_1)","decl":{"start":{"line":28,"column":26},"end":{"line":28,"column":27}},"loc":{"start":{"line":28,"column":36},"end":{"line":32,"column":3}},"line":28},"2":{"name":"(anonymous_2)","decl":{"start":{"line":36,"column":27},"end":{"line":36,"column":28}},"loc":{"start":{"line":37,"column":8},"end":{"line":59,"column":27}},"line":37},"3":{"name":"(anonymous_3)","decl":{"start":{"line":39,"column":19},"end":{"line":39,"column":20}},"loc":{"start":{"line":39,"column":25},"end":{"line":39,"column":46}},"line":39}},"branchMap":{"0":{"loc":{"start":{"line":16,"column":2},"end":{"line":16,"column":12}},"type":"default-arg","locations":[{"start":{"line":16,"column":11},"end":{"line":16,"column":12}}],"line":16},"1":{"loc":{"start":{"line":17,"column":2},"end":{"line":17,"column":18}},"type":"default-arg","locations":[{"start":{"line":17,"column":13},"end":{"line":17,"column":18}}],"line":17},"2":{"loc":{"start":{"line":19,"column":2},"end":{"line":19,"column":11}},"type":"default-arg","locations":[{"start":{"line":19,"column":9},"end":{"line":19,"column":11}}],"line":19},"3":{"loc":{"start":{"line":20,"column":2},"end":{"line":20,"column":25}},"type":"default-arg","locations":[{"start":{"line":20,"column":16},"end":{"line":20,"column":25}}],"line":20},"4":{"loc":{"start":{"line":27,"column":29},"end":{"line":27,"column":82}},"type":"binary-expr","locations":[{"start":{"line":27,"column":29},"end":{"line":27,"column":42}},{"start":{"line":27,"column":47},"end":{"line":27,"column":81}}],"line":27},"5":{"loc":{"start":{"line":27,"column":47},"end":{"line":27,"column":81}},"type":"cond-expr","locations":[{"start":{"line":27,"column":60},"end":{"line":27,"column":69}},{"start":{"line":27,"column":72},"end":{"line":27,"column":81}}],"line":27},"6":{"loc":{"start":{"line":29,"column":4},"end":{"line":31,"column":5}},"type":"if","locations":[{"start":{"line":29,"column":4},"end":{"line":31,"column":5}},{"start":{},"end":{}}],"line":29},"7":{"loc":{"start":{"line":29,"column":8},"end":{"line":29,"column":35}},"type":"binary-expr","locations":[{"start":{"line":29,"column":8},"end":{"line":29,"column":17}},{"start":{"line":29,"column":21},"end":{"line":29,"column":35}}],"line":29},"8":{"loc":{"start":{"line":41,"column":25},"end":{"line":41,"column":43}},"type":"cond-expr","locations":[{"start":{"line":41,"column":36},"end":{"line":41,"column":37}},{"start":{"line":41,"column":40},"end":{"line":41,"column":43}}],"line":41},"9":{"loc":{"start":{"line":44,"column":29},"end":{"line":44,"column":57}},"type":"cond-expr","locations":[{"start":{"line":44,"column":40},"end":{"line":44,"column":46}},{"start":{"line":44,"column":49},"end":{"line":44,"column":57}}],"line":44},"10":{"loc":{"start":{"line":45,"column":30},"end":{"line":47,"column":63}},"type":"cond-expr","locations":[{"start":{"line":46,"column":12},"end":{"line":46,"column":56}},{"start":{"line":47,"column":12},"end":{"line":47,"column":63}}],"line":45},"11":{"loc":{"start":{"line":46,"column":29},"end":{"line":46,"column":48}},"type":"cond-expr","locations":[{"start":{"line":46,"column":40},"end":{"line":46,"column":43}},{"start":{"line":46,"column":46},"end":{"line":46,"column":48}}],"line":46},"12":{"loc":{"start":{"line":47,"column":36},"end":{"line":47,"column":55}},"type":"cond-expr","locations":[{"start":{"line":47,"column":47},"end":{"line":47,"column":50}},{"start":{"line":47,"column":53},"end":{"line":47,"column":55}}],"line":47},"13":{"loc":{"start":{"line":53,"column":21},"end":{"line":53,"column":70}},"type":"cond-expr","locations":[{"start":{"line":53,"column":38},"end":{"line":53,"column":49}},{"start":{"line":53,"column":52},"end":{"line":53,"column":70}}],"line":53}},"s":{"0":65,"1":65,"2":65,"3":1,"4":1,"5":65,"6":325,"7":1,"8":5},"f":{"0":65,"1":1,"2":325,"3":1},"b":{"0":[2],"1":[17],"2":[18],"3":[63],"4":[65,63],"5":[0,63],"6":[1,0],"7":[1,1],"8":[235,90],"9":[235,90],"10":[235,90],"11":[188,47],"12":[72,18],"13":[220,105]},"_coverageSchema":"1a1c01bbd47fc00a2c39e90264f33305004495a9","hash":"44aaeca1c2ef3b1359307bd69a5debf09a336307"}
,"/Users/florianmartinez/Desktop/Projet-Final-main/components/PlaceCard.js": {"path":"/Users/florianmartinez/Desktop/Projet-Final-main/components/PlaceCard.js","statementMap":{"0":{"start":{"line":20,"column":26},"end":{"line":34,"column":1}},"1":{"start":{"line":21,"column":16},"end":{"line":21,"column":26}},"2":{"start":{"line":22,"column":2},"end":{"line":33,"column":4}},"3":{"start":{"line":43,"column":16},"end":{"line":43,"column":26}},"4":{"start":{"line":44,"column":36},"end":{"line":44,"column":53}},"5":{"start":{"line":47,"column":25},"end":{"line":55,"column":3}},"6":{"start":{"line":48,"column":4},"end":{"line":48,"column":47}},"7":{"start":{"line":48,"column":37},"end":{"line":48,"column":47}},"8":{"start":{"line":50,"column":4},"end":{"line":54,"column":5}},"9":{"start":{"line":51,"column":6},"end":{"line":51,"column":47}},"10":{"start":{"line":53,"column":6},"end":{"line":53,"column":40}},"11":{"start":{"line":58,"column":38},"end":{"line":76,"column":3}},"12":{"start":{"line":59,"column":21},"end":{"line":59,"column":23}},"13":{"start":{"line":62,"column":4},"end":{"line":67,"column":5}},"14":{"start":{"line":63,"column":6},"end":{"line":63,"column":68}},"15":{"start":{"line":63,"column":36},"end":{"line":63,"column":68}},"16":{"start":{"line":64,"column":6},"end":{"line":64,"column":67}},"17":{"start":{"line":64,"column":40},"end":{"line":64,"column":67}},"18":{"start":{"line":65,"column":6},"end":{"line":65,"column":75}},"19":{"start":{"line":65,"column":39},"end":{"line":65,"column":75}},"20":{"start":{"line":66,"column":6},"end":{"line":66,"column":75}},"21":{"start":{"line":66,"column":39},"end":{"line":66,"column":75}},"22":{"start":{"line":69,"column":25},"end":{"line":69,"column":108}},"23":{"start":{"line":71,"column":4},"end":{"line":75,"column":7}},"24":{"start":{"line":78,"column":2},"end":{"line":185,"column":4}},"25":{"start":{"line":191,"column":15},"end":{"line":266,"column":2}}},"fnMap":{"0":{"name":"(anonymous_0)","decl":{"start":{"line":20,"column":26},"end":{"line":20,"column":27}},"loc":{"start":{"line":20,"column":58},"end":{"line":34,"column":1}},"line":20},"1":{"name":"PlaceCard","decl":{"start":{"line":42,"column":24},"end":{"line":42,"column":33}},"loc":{"start":{"line":42,"column":54},"end":{"line":186,"column":1}},"line":42},"2":{"name":"(anonymous_2)","decl":{"start":{"line":47,"column":25},"end":{"line":47,"column":26}},"loc":{"start":{"line":47,"column":39},"end":{"line":55,"column":3}},"line":47},"3":{"name":"(anonymous_3)","decl":{"start":{"line":58,"column":38},"end":{"line":58,"column":39}},"loc":{"start":{"line":58,"column":44},"end":{"line":76,"column":3}},"line":58}},"branchMap":{"0":{"loc":{"start":{"line":26,"column":27},"end":{"line":26,"column":60}},"type":"cond-expr","locations":[{"start":{"line":26,"column":39},"end":{"line":26,"column":48}},{"start":{"line":26,"column":51},"end":{"line":26,"column":60}}],"line":26},"1":{"loc":{"start":{"line":29,"column":38},"end":{"line":29,"column":81}},"type":"cond-expr","locations":[{"start":{"line":29,"column":50},"end":{"line":29,"column":62}},{"start":{"line":29,"column":65},"end":{"line":29,"column":81}}],"line":29},"2":{"loc":{"start":{"line":48,"column":4},"end":{"line":48,"column":47}},"type":"if","locations":[{"start":{"line":48,"column":4},"end":{"line":48,"column":47}},{"start":{},"end":{}}],"line":48},"3":{"loc":{"start":{"line":48,"column":8},"end":{"line":48,"column":35}},"type":"binary-expr","locations":[{"start":{"line":48,"column":8},"end":{"line":48,"column":17}},{"start":{"line":48,"column":21},"end":{"line":48,"column":35}}],"line":48},"4":{"loc":{"start":{"line":50,"column":4},"end":{"line":54,"column":5}},"type":"if","locations":[{"start":{"line":50,"column":4},"end":{"line":54,"column":5}},{"start":{"line":52,"column":11},"end":{"line":54,"column":5}}],"line":50},"5":{"loc":{"start":{"line":62,"column":4},"end":{"line":67,"column":5}},"type":"if","locations":[{"start":{"line":62,"column":4},"end":{"line":67,"column":5}},{"start":{},"end":{}}],"line":62},"6":{"loc":{"start":{"line":63,"column":6},"end":{"line":63,"column":68}},"type":"if","locations":[{"start":{"line":63,"column":6},"end":{"line":63,"column":68}},{"start":{},"end":{}}],"line":63},"7":{"loc":{"start":{"line":64,"column":6},"end":{"line":64,"column":67}},"type":"if","locations":[{"start":{"line":64,"column":6},"end":{"line":64,"column":67}},{"start":{},"end":{}}],"line":64},"8":{"loc":{"start":{"line":65,"column":6},"end":{"line":65,"column":75}},"type":"if","locations":[{"start":{"line":65,"column":6},"end":{"line":65,"column":75}},{"start":{},"end":{}}],"line":65},"9":{"loc":{"start":{"line":66,"column":6},"end":{"line":66,"column":75}},"type":"if","locations":[{"start":{"line":66,"column":6},"end":{"line":66,"column":75}},{"start":{},"end":{}}],"line":66},"10":{"loc":{"start":{"line":69,"column":25},"end":{"line":69,"column":108}},"type":"cond-expr","locations":[{"start":{"line":69,"column":56},"end":{"line":69,"column":103}},{"start":{"line":69,"column":106},"end":{"line":69,"column":108}}],"line":69},"11":{"loc":{"start":{"line":72,"column":6},"end":{"line":74,"column":54}},"type":"cond-expr","locations":[{"start":{"line":73,"column":10},"end":{"line":73,"column":60}},{"start":{"line":74,"column":10},"end":{"line":74,"column":54}}],"line":72},"12":{"loc":{"start":{"line":89,"column":11},"end":{"line":106,"column":11}},"type":"cond-expr","locations":[{"start":{"line":90,"column":12},"end":{"line":95,"column":14}},{"start":{"line":97,"column":12},"end":{"line":105,"column":19}}],"line":89},"13":{"loc":{"start":{"line":147,"column":11},"end":{"line":157,"column":11}},"type":"binary-expr","locations":[{"start":{"line":147,"column":11},"end":{"line":147,"column":39}},{"start":{"line":148,"column":12},"end":{"line":156,"column":19}}],"line":147},"14":{"loc":{"start":{"line":162,"column":25},"end":{"line":162,"column":59}},"type":"binary-expr","locations":[{"start":{"line":162,"column":25},"end":{"line":162,"column":50}},{"start":{"line":162,"column":54},"end":{"line":162,"column":59}}],"line":162},"15":{"loc":{"start":{"line":167,"column":25},"end":{"line":167,"column":63}},"type":"binary-expr","locations":[{"start":{"line":167,"column":25},"end":{"line":167,"column":54}},{"start":{"line":167,"column":58},"end":{"line":167,"column":63}}],"line":167},"16":{"loc":{"start":{"line":172,"column":25},"end":{"line":172,"column":62}},"type":"binary-expr","locations":[{"start":{"line":172,"column":25},"end":{"line":172,"column":53}},{"start":{"line":172,"column":57},"end":{"line":172,"column":62}}],"line":172},"17":{"loc":{"start":{"line":177,"column":25},"end":{"line":177,"column":62}},"type":"binary-expr","locations":[{"start":{"line":177,"column":25},"end":{"line":177,"column":53}},{"start":{"line":177,"column":57},"end":{"line":177,"column":62}}],"line":177}},"s":{"0":4,"1":180,"2":180,"3":45,"4":45,"5":45,"6":114,"7":0,"8":114,"9":87,"10":27,"11":45,"12":45,"13":45,"14":43,"15":39,"16":43,"17":21,"18":43,"19":31,"20":43,"21":29,"22":45,"23":45,"24":45,"25":4},"f":{"0":180,"1":45,"2":114,"3":45},"b":{"0":[120,60],"1":[120,60],"2":[0,114],"3":[114,45],"4":[87,27],"5":[43,2],"6":[39,4],"7":[21,22],"8":[31,12],"9":[29,14],"10":[38,7],"11":[39,6],"12":[38,7],"13":[45,38],"14":[45,6],"15":[45,24],"16":[45,14],"17":[45,16]},"_coverageSchema":"1a1c01bbd47fc00a2c39e90264f33305004495a9","hash":"194df611dac570cb938b1da10d0ea2d93124cfca"}
,"/Users/florianmartinez/Desktop/Projet-Final-main/screens/HomeScreen.js": {"path":"/Users/florianmartinez/Desktop/Projet-Final-main/screens/HomeScreen.js","statementMap":{"0":{"start":{"line":23,"column":19},"end":{"line":31,"column":1}},"1":{"start":{"line":36,"column":21},"end":{"line":229,"column":1}},"2":{"start":{"line":236,"column":30},"end":{"line":258,"column":1}},"3":{"start":{"line":238,"column":2},"end":{"line":240,"column":3}},"4":{"start":{"line":239,"column":4},"end":{"line":239,"column":18}},"5":{"start":{"line":242,"column":19},"end":{"line":247,"column":3}},"6":{"start":{"line":249,"column":26},"end":{"line":249,"column":57}},"7":{"start":{"line":251,"column":2},"end":{"line":257,"column":3}},"8":{"start":{"line":252,"column":4},"end":{"line":252,"column":18}},"9":{"start":{"line":253,"column":9},"end":{"line":257,"column":3}},"10":{"start":{"line":254,"column":4},"end":{"line":254,"column":21}},"11":{"start":{"line":256,"column":4},"end":{"line":256,"column":18}},"12":{"start":{"line":265,"column":30},"end":{"line":274,"column":1}},"13":{"start":{"line":266,"column":2},"end":{"line":273,"column":3}},"14":{"start":{"line":268,"column":6},"end":{"line":268,"column":39}},"15":{"start":{"line":270,"column":6},"end":{"line":270,"column":42}},"16":{"start":{"line":272,"column":6},"end":{"line":272,"column":33}},"17":{"start":{"line":281,"column":16},"end":{"line":281,"column":26}},"18":{"start":{"line":282,"column":24},"end":{"line":282,"column":37}},"19":{"start":{"line":284,"column":50},"end":{"line":284,"column":65}},"20":{"start":{"line":285,"column":36},"end":{"line":285,"column":53}},"21":{"start":{"line":286,"column":56},"end":{"line":286,"column":71}},"22":{"start":{"line":289,"column":30},"end":{"line":289,"column":42}},"23":{"start":{"line":290,"column":32},"end":{"line":290,"column":46}},"24":{"start":{"line":291,"column":28},"end":{"line":291,"column":42}},"25":{"start":{"line":294,"column":42},"end":{"line":294,"column":56}},"26":{"start":{"line":295,"column":44},"end":{"line":295,"column":58}},"27":{"start":{"line":296,"column":52},"end":{"line":296,"column":66}},"28":{"start":{"line":299,"column":48},"end":{"line":299,"column":63}},"29":{"start":{"line":302,"column":42},"end":{"line":302,"column":56}},"30":{"start":{"line":305,"column":54},"end":{"line":310,"column":4}},"31":{"start":{"line":315,"column":27},"end":{"line":324,"column":8}},"32":{"start":{"line":316,"column":4},"end":{"line":323,"column":5}},"33":{"start":{"line":317,"column":26},"end":{"line":317,"column":64}},"34":{"start":{"line":318,"column":6},"end":{"line":320,"column":7}},"35":{"start":{"line":319,"column":8},"end":{"line":319,"column":47}},"36":{"start":{"line":322,"column":6},"end":{"line":322,"column":79}},"37":{"start":{"line":329,"column":33},"end":{"line":337,"column":8}},"38":{"start":{"line":330,"column":4},"end":{"line":336,"column":5}},"39":{"start":{"line":331,"column":20},"end":{"line":331,"column":77}},"40":{"start":{"line":332,"column":6},"end":{"line":332,"column":35}},"41":{"start":{"line":333,"column":6},"end":{"line":333,"column":70}},"42":{"start":{"line":335,"column":6},"end":{"line":335,"column":90}},"43":{"start":{"line":342,"column":2},"end":{"line":347,"column":4}},"44":{"start":{"line":344,"column":6},"end":{"line":344,"column":25}},"45":{"start":{"line":345,"column":6},"end":{"line":345,"column":31}},"46":{"start":{"line":353,"column":2},"end":{"line":357,"column":4}},"47":{"start":{"line":355,"column":6},"end":{"line":355,"column":32}},"48":{"start":{"line":362,"column":39},"end":{"line":378,"column":8}},"49":{"start":{"line":363,"column":4},"end":{"line":377,"column":5}},"50":{"start":{"line":364,"column":6},"end":{"line":368,"column":7}},"51":{"start":{"line":365,"column":8},"end":{"line":365,"column":88}},"52":{"start":{"line":367,"column":8},"end":{"line":367,"column":96}},"53":{"start":{"line":370,"column":6},"end":{"line":370,"column":101}},"54":{"start":{"line":371,"column":6},"end":{"line":371,"column":85}},"55":{"start":{"line":373,"column":6},"end":{"line":373,"column":116}},"56":{"start":{"line":375,"column":6},"end":{"line":375,"column":62}},"57":{"start":{"line":376,"column":6},"end":{"line":376,"column":16}},"58":{"start":{"line":383,"column":34},"end":{"line":429,"column":52}},"59":{"start":{"line":384,"column":4},"end":{"line":428,"column":5}},"60":{"start":{"line":385,"column":6},"end":{"line":385,"column":23}},"61":{"start":{"line":386,"column":6},"end":{"line":386,"column":21}},"62":{"start":{"line":387,"column":6},"end":{"line":387,"column":65}},"63":{"start":{"line":390,"column":45},"end":{"line":396,"column":8}},"64":{"start":{"line":391,"column":49},"end":{"line":391,"column":51}},"65":{"start":{"line":393,"column":10},"end":{"line":393,"column":66}},"66":{"start":{"line":394,"column":10},"end":{"line":394,"column":20}},"67":{"start":{"line":399,"column":24},"end":{"line":399,"column":44}},"68":{"start":{"line":400,"column":28},"end":{"line":400,"column":83}},"69":{"start":{"line":400,"column":61},"end":{"line":400,"column":81}},"70":{"start":{"line":403,"column":6},"end":{"line":408,"column":9}},"71":{"start":{"line":404,"column":8},"end":{"line":407,"column":9}},"72":{"start":{"line":405,"column":10},"end":{"line":405,"column":32}},"73":{"start":{"line":406,"column":10},"end":{"line":406,"column":54}},"74":{"start":{"line":411,"column":6},"end":{"line":417,"column":7}},"75":{"start":{"line":412,"column":8},"end":{"line":412,"column":61}},"76":{"start":{"line":413,"column":8},"end":{"line":413,"column":75}},"77":{"start":{"line":414,"column":8},"end":{"line":416,"column":11}},"78":{"start":{"line":415,"column":10},"end":{"line":415,"column":38}},"79":{"start":{"line":419,"column":6},"end":{"line":419,"column":132}},"80":{"start":{"line":420,"column":6},"end":{"line":420,"column":27}},"81":{"start":{"line":423,"column":6},"end":{"line":423,"column":65}},"82":{"start":{"line":424,"column":6},"end":{"line":424,"column":73}},"83":{"start":{"line":425,"column":6},"end":{"line":425,"column":30}},"84":{"start":{"line":427,"column":6},"end":{"line":427,"column":24}},"85":{"start":{"line":434,"column":2},"end":{"line":436,"column":32}},"86":{"start":{"line":435,"column":4},"end":{"line":435,"column":30}},"87":{"start":{"line":441,"column":2},"end":{"line":515,"column":25}},"88":{"start":{"line":442,"column":4},"end":{"line":514,"column":9}},"89":{"start":{"line":443,"column":6},"end":{"line":443,"column":33}},"90":{"start":{"line":444,"column":6},"end":{"line":513,"column":7}},"91":{"start":{"line":446,"column":8},"end":{"line":446,"column":33}},"92":{"start":{"line":449,"column":31},"end":{"line":449,"column":71}},"93":{"start":{"line":450,"column":8},"end":{"line":454,"column":9}},"94":{"start":{"line":451,"column":10},"end":{"line":451,"column":80}},"95":{"start":{"line":452,"column":10},"end":{"line":452,"column":38}},"96":{"start":{"line":453,"column":10},"end":{"line":453,"column":17}},"97":{"start":{"line":457,"column":25},"end":{"line":457,"column":75}},"98":{"start":{"line":458,"column":8},"end":{"line":462,"column":9}},"99":{"start":{"line":459,"column":10},"end":{"line":459,"column":65}},"100":{"start":{"line":460,"column":10},"end":{"line":460,"column":38}},"101":{"start":{"line":461,"column":10},"end":{"line":461,"column":17}},"102":{"start":{"line":465,"column":23},"end":{"line":467,"column":10}},"103":{"start":{"line":468,"column":8},"end":{"line":468,"column":41}},"104":{"start":{"line":471,"column":8},"end":{"line":471,"column":122}},"105":{"start":{"line":474,"column":29},"end":{"line":487,"column":9}},"106":{"start":{"line":475,"column":23},"end":{"line":475,"column":55}},"107":{"start":{"line":476,"column":23},"end":{"line":476,"column":56}},"108":{"start":{"line":477,"column":23},"end":{"line":477,"column":55}},"109":{"start":{"line":478,"column":23},"end":{"line":478,"column":56}},"110":{"start":{"line":479,"column":20},"end":{"line":479,"column":24}},"111":{"start":{"line":480,"column":23},"end":{"line":480,"column":34}},"112":{"start":{"line":481,"column":23},"end":{"line":481,"column":34}},"113":{"start":{"line":482,"column":20},"end":{"line":484,"column":55}},"114":{"start":{"line":485,"column":20},"end":{"line":485,"column":64}},"115":{"start":{"line":486,"column":10},"end":{"line":486,"column":23}},"116":{"start":{"line":490,"column":26},"end":{"line":493,"column":9}},"117":{"start":{"line":494,"column":30},"end":{"line":497,"column":9}},"118":{"start":{"line":499,"column":35},"end":{"line":499,"column":82}},"119":{"start":{"line":500,"column":34},"end":{"line":500,"column":85}},"120":{"start":{"line":502,"column":8},"end":{"line":502,"column":98}},"121":{"start":{"line":503,"column":8},"end":{"line":503,"column":101}},"122":{"start":{"line":506,"column":8},"end":{"line":506,"column":115}},"123":{"start":{"line":508,"column":8},"end":{"line":508,"column":40}},"124":{"start":{"line":509,"column":8},"end":{"line":509,"column":65}},"125":{"start":{"line":511,"column":8},"end":{"line":511,"column":36}},"126":{"start":{"line":512,"column":8},"end":{"line":512,"column":34}},"127":{"start":{"line":517,"column":28},"end":{"line":539,"column":3}},"128":{"start":{"line":518,"column":4},"end":{"line":520,"column":5}},"129":{"start":{"line":519,"column":6},"end":{"line":519,"column":22}},"130":{"start":{"line":523,"column":17},"end":{"line":523,"column":49}},"131":{"start":{"line":524,"column":17},"end":{"line":524,"column":50}},"132":{"start":{"line":525,"column":17},"end":{"line":525,"column":49}},"133":{"start":{"line":526,"column":17},"end":{"line":526,"column":50}},"134":{"start":{"line":529,"column":14},"end":{"line":529,"column":18}},"135":{"start":{"line":530,"column":17},"end":{"line":530,"column":28}},"136":{"start":{"line":531,"column":17},"end":{"line":531,"column":28}},"137":{"start":{"line":532,"column":14},"end":{"line":534,"column":49}},"138":{"start":{"line":535,"column":14},"end":{"line":535,"column":58}},"139":{"start":{"line":536,"column":21},"end":{"line":536,"column":26}},"140":{"start":{"line":538,"column":4},"end":{"line":538,"column":20}},"141":{"start":{"line":544,"column":40},"end":{"line":546,"column":26}},"142":{"start":{"line":545,"column":4},"end":{"line":545,"column":89}},"143":{"start":{"line":548,"column":34},"end":{"line":586,"column":6}},"144":{"start":{"line":550,"column":30},"end":{"line":550,"column":91}},"145":{"start":{"line":551,"column":26},"end":{"line":551,"column":54}},"146":{"start":{"line":552,"column":27},"end":{"line":554,"column":118}},"147":{"start":{"line":555,"column":31},"end":{"line":555,"column":67}},"148":{"start":{"line":556,"column":6},"end":{"line":556,"column":65}},"149":{"start":{"line":558,"column":19},"end":{"line":563,"column":5}},"150":{"start":{"line":566,"column":6},"end":{"line":568,"column":7}},"151":{"start":{"line":567,"column":8},"end":{"line":567,"column":72}},"152":{"start":{"line":569,"column":6},"end":{"line":569,"column":18}},"153":{"start":{"line":572,"column":6},"end":{"line":585,"column":7}},"154":{"start":{"line":574,"column":26},"end":{"line":574,"column":41}},"155":{"start":{"line":575,"column":26},"end":{"line":575,"column":41}},"156":{"start":{"line":576,"column":8},"end":{"line":578,"column":9}},"157":{"start":{"line":577,"column":10},"end":{"line":577,"column":39}},"158":{"start":{"line":580,"column":8},"end":{"line":580,"column":35}},"159":{"start":{"line":581,"column":13},"end":{"line":585,"column":7}},"160":{"start":{"line":582,"column":8},"end":{"line":582,"column":35}},"161":{"start":{"line":584,"column":8},"end":{"line":584,"column":45}},"162":{"start":{"line":588,"column":23},"end":{"line":597,"column":16}},"163":{"start":{"line":589,"column":19},"end":{"line":594,"column":5}},"164":{"start":{"line":595,"column":21},"end":{"line":595,"column":60}},"165":{"start":{"line":596,"column":20},"end":{"line":596,"column":43}},"166":{"start":{"line":599,"column":25},"end":{"line":607,"column":16}},"167":{"start":{"line":600,"column":19},"end":{"line":604,"column":5}},"168":{"start":{"line":605,"column":21},"end":{"line":605,"column":60}},"169":{"start":{"line":606,"column":20},"end":{"line":606,"column":39}},"170":{"start":{"line":614,"column":30},"end":{"line":618,"column":3}},"171":{"start":{"line":615,"column":4},"end":{"line":617,"column":11}},"172":{"start":{"line":620,"column":2},"end":{"line":801,"column":4}},"173":{"start":{"line":627,"column":14},"end":{"line":627,"column":37}},"174":{"start":{"line":628,"column":14},"end":{"line":628,"column":41}},"175":{"start":{"line":629,"column":14},"end":{"line":629,"column":39}},"176":{"start":{"line":630,"column":14},"end":{"line":651,"column":15}},"177":{"start":{"line":631,"column":35},"end":{"line":631,"column":85}},"178":{"start":{"line":632,"column":16},"end":{"line":645,"column":17}},"179":{"start":{"line":633,"column":35},"end":{"line":635,"column":20}},"180":{"start":{"line":636,"column":18},"end":{"line":636,"column":51}},"181":{"start":{"line":637,"column":39},"end":{"line":640,"column":19}},"182":{"start":{"line":641,"column":18},"end":{"line":641,"column":42}},"183":{"start":{"line":642,"column":18},"end":{"line":642,"column":41}},"184":{"start":{"line":644,"column":18},"end":{"line":644,"column":56}},"185":{"start":{"line":647,"column":16},"end":{"line":647,"column":73}},"186":{"start":{"line":649,"column":16},"end":{"line":649,"column":44}},"187":{"start":{"line":650,"column":16},"end":{"line":650,"column":42}},"188":{"start":{"line":691,"column":12},"end":{"line":700,"column":19}},"189":{"start":{"line":695,"column":29},"end":{"line":695,"column":61}},"190":{"start":{"line":713,"column":27},"end":{"line":713,"column":56}},"191":{"start":{"line":723,"column":27},"end":{"line":723,"column":57}},"192":{"start":{"line":733,"column":27},"end":{"line":733,"column":60}},"193":{"start":{"line":775,"column":89},"end":{"line":775,"column":114}},"194":{"start":{"line":789,"column":16},"end":{"line":794,"column":18}},"195":{"start":{"line":793,"column":33},"end":{"line":793,"column":91}},"196":{"start":{"line":804,"column":15},"end":{"line":970,"column":2}}},"fnMap":{"0":{"name":"(anonymous_0)","decl":{"start":{"line":236,"column":30},"end":{"line":236,"column":31}},"loc":{"start":{"line":236,"column":41},"end":{"line":258,"column":1}},"line":236},"1":{"name":"(anonymous_1)","decl":{"start":{"line":265,"column":30},"end":{"line":265,"column":31}},"loc":{"start":{"line":265,"column":41},"end":{"line":274,"column":1}},"line":265},"2":{"name":"HomeScreen","decl":{"start":{"line":279,"column":24},"end":{"line":279,"column":34}},"loc":{"start":{"line":279,"column":51},"end":{"line":802,"column":1}},"line":279},"3":{"name":"(anonymous_3)","decl":{"start":{"line":315,"column":39},"end":{"line":315,"column":40}},"loc":{"start":{"line":315,"column":51},"end":{"line":324,"column":3}},"line":315},"4":{"name":"(anonymous_4)","decl":{"start":{"line":329,"column":45},"end":{"line":329,"column":46}},"loc":{"start":{"line":329,"column":57},"end":{"line":337,"column":3}},"line":329},"5":{"name":"(anonymous_5)","decl":{"start":{"line":343,"column":16},"end":{"line":343,"column":17}},"loc":{"start":{"line":343,"column":22},"end":{"line":346,"column":5}},"line":343},"6":{"name":"(anonymous_6)","decl":{"start":{"line":354,"column":16},"end":{"line":354,"column":17}},"loc":{"start":{"line":354,"column":22},"end":{"line":356,"column":5}},"line":354},"7":{"name":"(anonymous_7)","decl":{"start":{"line":362,"column":51},"end":{"line":362,"column":52}},"loc":{"start":{"line":362,"column":79},"end":{"line":378,"column":3}},"line":362},"8":{"name":"(anonymous_8)","decl":{"start":{"line":383,"column":46},"end":{"line":383,"column":47}},"loc":{"start":{"line":383,"column":58},"end":{"line":429,"column":3}},"line":383},"9":{"name":"(anonymous_9)","decl":{"start":{"line":391,"column":43},"end":{"line":391,"column":44}},"loc":{"start":{"line":391,"column":49},"end":{"line":391,"column":51}},"line":391},"10":{"name":"(anonymous_10)","decl":{"start":{"line":392,"column":71},"end":{"line":392,"column":72}},"loc":{"start":{"line":392,"column":82},"end":{"line":395,"column":9}},"line":392},"11":{"name":"(anonymous_11)","decl":{"start":{"line":400,"column":56},"end":{"line":400,"column":57}},"loc":{"start":{"line":400,"column":61},"end":{"line":400,"column":81}},"line":400},"12":{"name":"(anonymous_12)","decl":{"start":{"line":403,"column":26},"end":{"line":403,"column":27}},"loc":{"start":{"line":403,"column":35},"end":{"line":408,"column":7}},"line":403},"13":{"name":"(anonymous_13)","decl":{"start":{"line":414,"column":29},"end":{"line":414,"column":30}},"loc":{"start":{"line":414,"column":44},"end":{"line":416,"column":9}},"line":414},"14":{"name":"(anonymous_14)","decl":{"start":{"line":434,"column":12},"end":{"line":434,"column":13}},"loc":{"start":{"line":434,"column":18},"end":{"line":436,"column":3}},"line":434},"15":{"name":"(anonymous_15)","decl":{"start":{"line":441,"column":12},"end":{"line":441,"column":13}},"loc":{"start":{"line":441,"column":18},"end":{"line":515,"column":3}},"line":441},"16":{"name":"(anonymous_16)","decl":{"start":{"line":442,"column":5},"end":{"line":442,"column":6}},"loc":{"start":{"line":442,"column":17},"end":{"line":514,"column":5}},"line":442},"17":{"name":"(anonymous_17)","decl":{"start":{"line":474,"column":29},"end":{"line":474,"column":30}},"loc":{"start":{"line":474,"column":51},"end":{"line":487,"column":9}},"line":474},"18":{"name":"(anonymous_18)","decl":{"start":{"line":517,"column":28},"end":{"line":517,"column":29}},"loc":{"start":{"line":517,"column":50},"end":{"line":539,"column":3}},"line":517},"19":{"name":"(anonymous_19)","decl":{"start":{"line":544,"column":52},"end":{"line":544,"column":53}},"loc":{"start":{"line":544,"column":63},"end":{"line":546,"column":3}},"line":544},"20":{"name":"(anonymous_20)","decl":{"start":{"line":549,"column":12},"end":{"line":549,"column":13}},"loc":{"start":{"line":549,"column":21},"end":{"line":557,"column":5}},"line":549},"21":{"name":"(anonymous_21)","decl":{"start":{"line":558,"column":9},"end":{"line":558,"column":10}},"loc":{"start":{"line":558,"column":19},"end":{"line":563,"column":5}},"line":558},"22":{"name":"(anonymous_22)","decl":{"start":{"line":564,"column":12},"end":{"line":564,"column":13}},"loc":{"start":{"line":564,"column":21},"end":{"line":570,"column":5}},"line":564},"23":{"name":"(anonymous_23)","decl":{"start":{"line":571,"column":10},"end":{"line":571,"column":11}},"loc":{"start":{"line":571,"column":20},"end":{"line":586,"column":5}},"line":571},"24":{"name":"(anonymous_24)","decl":{"start":{"line":589,"column":9},"end":{"line":589,"column":10}},"loc":{"start":{"line":589,"column":19},"end":{"line":594,"column":5}},"line":589},"25":{"name":"(anonymous_25)","decl":{"start":{"line":595,"column":12},"end":{"line":595,"column":13}},"loc":{"start":{"line":595,"column":21},"end":{"line":595,"column":60}},"line":595},"26":{"name":"(anonymous_26)","decl":{"start":{"line":596,"column":10},"end":{"line":596,"column":11}},"loc":{"start":{"line":596,"column":20},"end":{"line":596,"column":43}},"line":596},"27":{"name":"(anonymous_27)","decl":{"start":{"line":600,"column":9},"end":{"line":600,"column":10}},"loc":{"start":{"line":600,"column":19},"end":{"line":604,"column":5}},"line":600},"28":{"name":"(anonymous_28)","decl":{"start":{"line":605,"column":12},"end":{"line":605,"column":13}},"loc":{"start":{"line":605,"column":21},"end":{"line":605,"column":60}},"line":605},"29":{"name":"(anonymous_29)","decl":{"start":{"line":606,"column":10},"end":{"line":606,"column":11}},"loc":{"start":{"line":606,"column":20},"end":{"line":606,"column":39}},"line":606},"30":{"name":"(anonymous_30)","decl":{"start":{"line":614,"column":30},"end":{"line":614,"column":31}},"loc":{"start":{"line":615,"column":4},"end":{"line":617,"column":11}},"line":615},"31":{"name":"(anonymous_31)","decl":{"start":{"line":626,"column":60},"end":{"line":626,"column":61}},"loc":{"start":{"line":626,"column":72},"end":{"line":652,"column":13}},"line":626},"32":{"name":"(anonymous_32)","decl":{"start":{"line":690,"column":26},"end":{"line":690,"column":27}},"loc":{"start":{"line":691,"column":12},"end":{"line":700,"column":19}},"line":691},"33":{"name":"(anonymous_33)","decl":{"start":{"line":695,"column":23},"end":{"line":695,"column":24}},"loc":{"start":{"line":695,"column":29},"end":{"line":695,"column":61}},"line":695},"34":{"name":"(anonymous_34)","decl":{"start":{"line":713,"column":21},"end":{"line":713,"column":22}},"loc":{"start":{"line":713,"column":27},"end":{"line":713,"column":56}},"line":713},"35":{"name":"(anonymous_35)","decl":{"start":{"line":723,"column":21},"end":{"line":723,"column":22}},"loc":{"start":{"line":723,"column":27},"end":{"line":723,"column":57}},"line":723},"36":{"name":"(anonymous_36)","decl":{"start":{"line":733,"column":21},"end":{"line":733,"column":22}},"loc":{"start":{"line":733,"column":27},"end":{"line":733,"column":60}},"line":733},"37":{"name":"(anonymous_37)","decl":{"start":{"line":775,"column":84},"end":{"line":775,"column":85}},"loc":{"start":{"line":775,"column":89},"end":{"line":775,"column":114}},"line":775},"38":{"name":"(anonymous_38)","decl":{"start":{"line":788,"column":42},"end":{"line":788,"column":43}},"loc":{"start":{"line":789,"column":16},"end":{"line":794,"column":18}},"line":789},"39":{"name":"(anonymous_39)","decl":{"start":{"line":793,"column":27},"end":{"line":793,"column":28}},"loc":{"start":{"line":793,"column":33},"end":{"line":793,"column":91}},"line":793}},"branchMap":{"0":{"loc":{"start":{"line":238,"column":2},"end":{"line":240,"column":3}},"type":"if","locations":[{"start":{"line":238,"column":2},"end":{"line":240,"column":3}},{"start":{},"end":{}}],"line":238},"1":{"loc":{"start":{"line":251,"column":2},"end":{"line":257,"column":3}},"type":"if","locations":[{"start":{"line":251,"column":2},"end":{"line":257,"column":3}},{"start":{"line":253,"column":9},"end":{"line":257,"column":3}}],"line":251},"2":{"loc":{"start":{"line":253,"column":9},"end":{"line":257,"column":3}},"type":"if","locations":[{"start":{"line":253,"column":9},"end":{"line":257,"column":3}},{"start":{"line":255,"column":9},"end":{"line":257,"column":3}}],"line":253},"3":{"loc":{"start":{"line":266,"column":2},"end":{"line":273,"column":3}},"type":"switch","locations":[{"start":{"line":267,"column":4},"end":{"line":268,"column":39}},{"start":{"line":269,"column":4},"end":{"line":270,"column":42}},{"start":{"line":271,"column":4},"end":{"line":272,"column":33}}],"line":266},"4":{"loc":{"start":{"line":318,"column":6},"end":{"line":320,"column":7}},"type":"if","locations":[{"start":{"line":318,"column":6},"end":{"line":320,"column":7}},{"start":{},"end":{}}],"line":318},"5":{"loc":{"start":{"line":364,"column":6},"end":{"line":368,"column":7}},"type":"if","locations":[{"start":{"line":364,"column":6},"end":{"line":368,"column":7}},{"start":{},"end":{}}],"line":364},"6":{"loc":{"start":{"line":404,"column":8},"end":{"line":407,"column":9}},"type":"if","locations":[{"start":{"line":404,"column":8},"end":{"line":407,"column":9}},{"start":{},"end":{}}],"line":404},"7":{"loc":{"start":{"line":411,"column":6},"end":{"line":417,"column":7}},"type":"if","locations":[{"start":{"line":411,"column":6},"end":{"line":417,"column":7}},{"start":{},"end":{}}],"line":411},"8":{"loc":{"start":{"line":450,"column":8},"end":{"line":454,"column":9}},"type":"if","locations":[{"start":{"line":450,"column":8},"end":{"line":454,"column":9}},{"start":{},"end":{}}],"line":450},"9":{"loc":{"start":{"line":458,"column":8},"end":{"line":462,"column":9}},"type":"if","locations":[{"start":{"line":458,"column":8},"end":{"line":462,"column":9}},{"start":{},"end":{}}],"line":458},"10":{"loc":{"start":{"line":518,"column":4},"end":{"line":520,"column":5}},"type":"if","locations":[{"start":{"line":518,"column":4},"end":{"line":520,"column":5}},{"start":{},"end":{}}],"line":518},"11":{"loc":{"start":{"line":518,"column":8},"end":{"line":518,"column":28}},"type":"binary-expr","locations":[{"start":{"line":518,"column":8},"end":{"line":518,"column":16}},{"start":{"line":518,"column":20},"end":{"line":518,"column":28}}],"line":518},"12":{"loc":{"start":{"line":550,"column":30},"end":{"line":550,"column":91}},"type":"binary-expr","locations":[{"start":{"line":550,"column":30},"end":{"line":550,"column":56}},{"start":{"line":550,"column":60},"end":{"line":550,"column":91}}],"line":550},"13":{"loc":{"start":{"line":552,"column":27},"end":{"line":554,"column":118}},"type":"binary-expr","locations":[{"start":{"line":552,"column":27},"end":{"line":552,"column":56}},{"start":{"line":553,"column":26},"end":{"line":553,"column":61}},{"start":{"line":554,"column":27},"end":{"line":554,"column":60}},{"start":{"line":554,"column":65},"end":{"line":554,"column":87}},{"start":{"line":554,"column":91},"end":{"line":554,"column":116}}],"line":552},"14":{"loc":{"start":{"line":556,"column":13},"end":{"line":556,"column":64}},"type":"binary-expr","locations":[{"start":{"line":556,"column":13},"end":{"line":556,"column":28}},{"start":{"line":556,"column":32},"end":{"line":556,"column":44}},{"start":{"line":556,"column":48},"end":{"line":556,"column":64}}],"line":556},"15":{"loc":{"start":{"line":560,"column":16},"end":{"line":560,"column":85}},"type":"cond-expr","locations":[{"start":{"line":560,"column":31},"end":{"line":560,"column":81}},{"start":{"line":560,"column":84},"end":{"line":560,"column":85}}],"line":560},"16":{"loc":{"start":{"line":566,"column":6},"end":{"line":568,"column":7}},"type":"if","locations":[{"start":{"line":566,"column":6},"end":{"line":568,"column":7}},{"start":{},"end":{}}],"line":566},"17":{"loc":{"start":{"line":567,"column":15},"end":{"line":567,"column":71}},"type":"binary-expr","locations":[{"start":{"line":567,"column":15},"end":{"line":567,"column":26}},{"start":{"line":567,"column":31},"end":{"line":567,"column":43}},{"start":{"line":567,"column":47},"end":{"line":567,"column":70}}],"line":567},"18":{"loc":{"start":{"line":572,"column":6},"end":{"line":585,"column":7}},"type":"if","locations":[{"start":{"line":572,"column":6},"end":{"line":585,"column":7}},{"start":{"line":581,"column":13},"end":{"line":585,"column":7}}],"line":572},"19":{"loc":{"start":{"line":574,"column":26},"end":{"line":574,"column":41}},"type":"cond-expr","locations":[{"start":{"line":574,"column":36},"end":{"line":574,"column":37}},{"start":{"line":574,"column":40},"end":{"line":574,"column":41}}],"line":574},"20":{"loc":{"start":{"line":575,"column":26},"end":{"line":575,"column":41}},"type":"cond-expr","locations":[{"start":{"line":575,"column":36},"end":{"line":575,"column":37}},{"start":{"line":575,"column":40},"end":{"line":575,"column":41}}],"line":575},"21":{"loc":{"start":{"line":576,"column":8},"end":{"line":578,"column":9}},"type":"if","locations":[{"start":{"line":576,"column":8},"end":{"line":578,"column":9}},{"start":{},"end":{}}],"line":576},"22":{"loc":{"start":{"line":581,"column":13},"end":{"line":585,"column":7}},"type":"if","locations":[{"start":{"line":581,"column":13},"end":{"line":585,"column":7}},{"start":{"line":583,"column":13},"end":{"line":585,"column":7}}],"line":581},"23":{"loc":{"start":{"line":623,"column":9},"end":{"line":656,"column":9}},"type":"binary-expr","locations":[{"start":{"line":623,"column":9},"end":{"line":623,"column":22}},{"start":{"line":624,"column":10},"end":{"line":655,"column":17}}],"line":623},"24":{"loc":{"start":{"line":632,"column":16},"end":{"line":645,"column":17}},"type":"if","locations":[{"start":{"line":632,"column":16},"end":{"line":645,"column":17}},{"start":{"line":643,"column":23},"end":{"line":645,"column":17}}],"line":632},"25":{"loc":{"start":{"line":658,"column":9},"end":{"line":665,"column":9}},"type":"binary-expr","locations":[{"start":{"line":658,"column":9},"end":{"line":658,"column":26}},{"start":{"line":659,"column":10},"end":{"line":664,"column":17}}],"line":658},"26":{"loc":{"start":{"line":667,"column":9},"end":{"line":673,"column":9}},"type":"binary-expr","locations":[{"start":{"line":667,"column":9},"end":{"line":667,"column":21}},{"start":{"line":668,"column":10},"end":{"line":672,"column":17}}],"line":667},"27":{"loc":{"start":{"line":670,"column":38},"end":{"line":670,"column":121}},"type":"cond-expr","locations":[{"start":{"line":670,"column":61},"end":{"line":670,"column":99}},{"start":{"line":670,"column":102},"end":{"line":670,"column":121}}],"line":670},"28":{"loc":{"start":{"line":676,"column":9},"end":{"line":682,"column":9}},"type":"binary-expr","locations":[{"start":{"line":676,"column":9},"end":{"line":676,"column":70}},{"start":{"line":677,"column":10},"end":{"line":681,"column":17}}],"line":676},"29":{"loc":{"start":{"line":755,"column":7},"end":{"line":759,"column":7}},"type":"binary-expr","locations":[{"start":{"line":755,"column":7},"end":{"line":755,"column":12}},{"start":{"line":756,"column":8},"end":{"line":758,"column":15}}],"line":755},"30":{"loc":{"start":{"line":763,"column":9},"end":{"line":768,"column":9}},"type":"binary-expr","locations":[{"start":{"line":763,"column":9},"end":{"line":763,"column":16}},{"start":{"line":764,"column":10},"end":{"line":767,"column":17}}],"line":763},"31":{"loc":{"start":{"line":770,"column":9},"end":{"line":798,"column":9}},"type":"binary-expr","locations":[{"start":{"line":770,"column":9},"end":{"line":770,"column":17}},{"start":{"line":771,"column":10},"end":{"line":797,"column":13}}],"line":770},"32":{"loc":{"start":{"line":775,"column":20},"end":{"line":775,"column":133}},"type":"cond-expr","locations":[{"start":{"line":775,"column":49},"end":{"line":775,"column":65}},{"start":{"line":775,"column":68},"end":{"line":775,"column":133}}],"line":775},"33":{"loc":{"start":{"line":775,"column":68},"end":{"line":775,"column":133}},"type":"binary-expr","locations":[{"start":{"line":775,"column":68},"end":{"line":775,"column":122}},{"start":{"line":775,"column":126},"end":{"line":775,"column":133}}],"line":775},"34":{"loc":{"start":{"line":782,"column":13},"end":{"line":796,"column":13}},"type":"cond-expr","locations":[{"start":{"line":783,"column":14},"end":{"line":786,"column":21}},{"start":{"line":788,"column":14},"end":{"line":795,"column":16}}],"line":782}},"s":{"0":3,"1":3,"2":3,"3":540,"4":0,"5":540,"6":540,"7":540,"8":270,"9":270,"10":270,"11":0,"12":3,"13":180,"14":90,"15":90,"16":0,"17":17,"18":17,"19":17,"20":17,"21":17,"22":17,"23":17,"24":17,"25":17,"26":17,"27":17,"28":17,"29":17,"30":17,"31":17,"32":5,"33":5,"34":5,"35":5,"36":0,"37":17,"38":0,"39":0,"40":0,"41":0,"42":0,"43":17,"44":0,"45":0,"46":17,"47":0,"48":17,"49":6,"50":6,"51":3,"52":3,"53":3,"54":3,"55":3,"56":0,"57":0,"58":17,"59":10,"60":10,"61":10,"62":10,"63":10,"64":0,"65":0,"66":0,"67":0,"68":0,"69":0,"70":0,"71":0,"72":0,"73":0,"74":0,"75":0,"76":0,"77":0,"78":0,"79":0,"80":0,"81":4,"82":4,"83":4,"84":4,"85":17,"86":10,"87":17,"88":5,"89":5,"90":5,"91":5,"92":5,"93":5,"94":0,"95":0,"96":0,"97":5,"98":5,"99":0,"100":0,"101":0,"102":5,"103":5,"104":5,"105":5,"106":10,"107":10,"108":10,"109":10,"110":10,"111":10,"112":10,"113":10,"114":10,"115":10,"116":5,"117":5,"118":5,"119":5,"120":5,"121":5,"122":5,"123":0,"124":0,"125":5,"126":5,"127":17,"128":100,"129":20,"130":80,"131":80,"132":80,"133":80,"134":80,"135":80,"136":80,"137":80,"138":80,"139":80,"140":80,"141":17,"142":60,"143":17,"144":60,"145":60,"146":60,"147":60,"148":60,"149":60,"150":60,"151":60,"152":0,"153":78,"154":78,"155":78,"156":78,"157":0,"158":78,"159":0,"160":0,"161":0,"162":17,"163":60,"164":60,"165":114,"166":17,"167":60,"168":60,"169":138,"170":17,"171":0,"172":17,"173":0,"174":0,"175":0,"176":0,"177":0,"178":0,"179":0,"180":0,"181":0,"182":0,"183":0,"184":0,"185":0,"186":0,"187":0,"188":119,"189":1,"190":1,"191":0,"192":0,"193":0,"194":42,"195":0,"196":3},"f":{"0":540,"1":180,"2":17,"3":5,"4":0,"5":0,"6":0,"7":6,"8":10,"9":0,"10":0,"11":0,"12":0,"13":0,"14":10,"15":5,"16":5,"17":10,"18":100,"19":60,"20":60,"21":60,"22":60,"23":78,"24":60,"25":60,"26":114,"27":60,"28":60,"29":138,"30":0,"31":0,"32":119,"33":1,"34":1,"35":0,"36":0,"37":0,"38":42,"39":0},"b":{"0":[0,540],"1":[270,270],"2":[270,0],"3":[90,90,0],"4":[5,0],"5":[3,3],"6":[0,0],"7":[0,0],"8":[0,5],"9":[0,5],"10":[20,80],"11":[100,80],"12":[60,0],"13":[60,0,0,0,0],"14":[60,60,60],"15":[40,20],"16":[60,0],"17":[60,18,0],"18":[78,0],"19":[78,0],"20":[78,0],"21":[0,78],"22":[0,0],"23":[17,0],"24":[0,0],"25":[17,7],"26":[17,10],"27":[4,6],"28":[17,0],"29":[17,6],"30":[17,11],"31":[17,6],"32":[6,0],"33":[0,0],"34":[0,6]},"_coverageSchema":"1a1c01bbd47fc00a2c39e90264f33305004495a9","hash":"05a36f062f33986de597a9a84de75ca1c1ae7e73"}
,"/Users/florianmartinez/Desktop/Projet-Final-main/screens/LoginScreen.js": {"path":"/Users/florianmartinez/Desktop/Projet-Final-main/screens/LoginScreen.js","statementMap":{"0":{"start":{"line":13,"column":16},"end":{"line":13,"column":26}},"1":{"start":{"line":14,"column":25},"end":{"line":14,"column":38}},"2":{"start":{"line":15,"column":24},"end":{"line":15,"column":37}},"3":{"start":{"line":16,"column":30},"end":{"line":16,"column":39}},"4":{"start":{"line":17,"column":28},"end":{"line":17,"column":40}},"5":{"start":{"line":18,"column":34},"end":{"line":18,"column":46}},"6":{"start":{"line":19,"column":36},"end":{"line":19,"column":51}},"7":{"start":{"line":20,"column":28},"end":{"line":20,"column":40}},"8":{"start":{"line":21,"column":54},"end":{"line":21,"column":69}},"9":{"start":{"line":22,"column":50},"end":{"line":22,"column":65}},"10":{"start":{"line":23,"column":36},"end":{"line":23,"column":48}},"11":{"start":{"line":26,"column":2},"end":{"line":28,"column":9}},"12":{"start":{"line":27,"column":4},"end":{"line":27,"column":33}},"13":{"start":{"line":30,"column":37},"end":{"line":62,"column":3}},"14":{"start":{"line":31,"column":4},"end":{"line":61,"column":5}},"15":{"start":{"line":32,"column":26},"end":{"line":32,"column":71}},"16":{"start":{"line":33,"column":6},"end":{"line":33,"column":41}},"17":{"start":{"line":35,"column":6},"end":{"line":58,"column":7}},"18":{"start":{"line":37,"column":22},"end":{"line":37,"column":71}},"19":{"start":{"line":40,"column":8},"end":{"line":57,"column":9}},"20":{"start":{"line":42,"column":10},"end":{"line":45,"column":11}},"21":{"start":{"line":43,"column":12},"end":{"line":43,"column":90}},"22":{"start":{"line":44,"column":12},"end":{"line":44,"column":79}},"23":{"start":{"line":47,"column":10},"end":{"line":47,"column":36}},"24":{"start":{"line":48,"column":10},"end":{"line":48,"column":36}},"25":{"start":{"line":51,"column":10},"end":{"line":53,"column":19}},"26":{"start":{"line":52,"column":12},"end":{"line":52,"column":35}},"27":{"start":{"line":55,"column":10},"end":{"line":55,"column":37}},"28":{"start":{"line":56,"column":10},"end":{"line":56,"column":27}},"29":{"start":{"line":60,"column":6},"end":{"line":60,"column":72}},"30":{"start":{"line":64,"column":31},"end":{"line":102,"column":3}},"31":{"start":{"line":65,"column":4},"end":{"line":67,"column":5}},"32":{"start":{"line":66,"column":6},"end":{"line":66,"column":13}},"33":{"start":{"line":70,"column":4},"end":{"line":73,"column":5}},"34":{"start":{"line":71,"column":6},"end":{"line":71,"column":70}},"35":{"start":{"line":72,"column":6},"end":{"line":72,"column":13}},"36":{"start":{"line":75,"column":4},"end":{"line":75,"column":23}},"37":{"start":{"line":76,"column":4},"end":{"line":76,"column":17}},"38":{"start":{"line":78,"column":4},"end":{"line":101,"column":5}},"39":{"start":{"line":80,"column":21},"end":{"line":80,"column":75}},"40":{"start":{"line":82,"column":6},"end":{"line":95,"column":7}},"41":{"start":{"line":84,"column":28},"end":{"line":84,"column":94}},"42":{"start":{"line":86,"column":8},"end":{"line":91,"column":9}},"43":{"start":{"line":87,"column":10},"end":{"line":87,"column":57}},"44":{"start":{"line":90,"column":10},"end":{"line":90,"column":57}},"45":{"start":{"line":93,"column":8},"end":{"line":93,"column":78}},"46":{"start":{"line":97,"column":6},"end":{"line":97,"column":71}},"47":{"start":{"line":100,"column":6},"end":{"line":100,"column":26}},"48":{"start":{"line":104,"column":28},"end":{"line":129,"column":3}},"49":{"start":{"line":105,"column":4},"end":{"line":128,"column":5}},"50":{"start":{"line":107,"column":26},"end":{"line":107,"column":41}},"51":{"start":{"line":108,"column":23},"end":{"line":108,"column":68}},"52":{"start":{"line":110,"column":6},"end":{"line":113,"column":7}},"53":{"start":{"line":111,"column":25},"end":{"line":111,"column":45}},"54":{"start":{"line":112,"column":8},"end":{"line":112,"column":33}},"55":{"start":{"line":116,"column":26},"end":{"line":116,"column":73}},"56":{"start":{"line":117,"column":6},"end":{"line":122,"column":7}},"57":{"start":{"line":118,"column":24},"end":{"line":118,"column":47}},"58":{"start":{"line":119,"column":8},"end":{"line":121,"column":9}},"59":{"start":{"line":120,"column":10},"end":{"line":120,"column":66}},"60":{"start":{"line":124,"column":6},"end":{"line":124,"column":18}},"61":{"start":{"line":126,"column":6},"end":{"line":126,"column":78}},"62":{"start":{"line":127,"column":6},"end":{"line":127,"column":18}},"63":{"start":{"line":131,"column":22},"end":{"line":171,"column":3}},"64":{"start":{"line":132,"column":4},"end":{"line":135,"column":5}},"65":{"start":{"line":133,"column":6},"end":{"line":133,"column":51}},"66":{"start":{"line":134,"column":6},"end":{"line":134,"column":13}},"67":{"start":{"line":137,"column":4},"end":{"line":137,"column":23}},"68":{"start":{"line":138,"column":4},"end":{"line":138,"column":17}},"69":{"start":{"line":140,"column":4},"end":{"line":170,"column":5}},"70":{"start":{"line":141,"column":6},"end":{"line":141,"column":74}},"71":{"start":{"line":144,"column":21},"end":{"line":144,"column":49}},"72":{"start":{"line":146,"column":6},"end":{"line":151,"column":7}},"73":{"start":{"line":148,"column":8},"end":{"line":148,"column":24}},"74":{"start":{"line":149,"column":8},"end":{"line":149,"column":58}},"75":{"start":{"line":150,"column":8},"end":{"line":150,"column":15}},"76":{"start":{"line":153,"column":6},"end":{"line":153,"column":43}},"77":{"start":{"line":156,"column":6},"end":{"line":160,"column":7}},"78":{"start":{"line":157,"column":8},"end":{"line":159,"column":16}},"79":{"start":{"line":158,"column":10},"end":{"line":158,"column":37}},"80":{"start":{"line":166,"column":6},"end":{"line":166,"column":70}},"81":{"start":{"line":167,"column":6},"end":{"line":167,"column":54}},"82":{"start":{"line":169,"column":6},"end":{"line":169,"column":26}},"83":{"start":{"line":173,"column":35},"end":{"line":188,"column":3}},"84":{"start":{"line":174,"column":4},"end":{"line":187,"column":6}},"85":{"start":{"line":184,"column":25},"end":{"line":184,"column":55}},"86":{"start":{"line":190,"column":39},"end":{"line":223,"column":3}},"87":{"start":{"line":191,"column":4},"end":{"line":222,"column":5}},"88":{"start":{"line":193,"column":6},"end":{"line":199,"column":7}},"89":{"start":{"line":194,"column":8},"end":{"line":197,"column":10}},"90":{"start":{"line":198,"column":8},"end":{"line":198,"column":15}},"91":{"start":{"line":201,"column":21},"end":{"line":201,"column":89}},"92":{"start":{"line":203,"column":6},"end":{"line":215,"column":7}},"93":{"start":{"line":204,"column":8},"end":{"line":204,"column":34}},"94":{"start":{"line":205,"column":8},"end":{"line":205,"column":28}},"95":{"start":{"line":206,"column":8},"end":{"line":209,"column":10}},"96":{"start":{"line":211,"column":8},"end":{"line":214,"column":10}},"97":{"start":{"line":217,"column":6},"end":{"line":217,"column":73}},"98":{"start":{"line":218,"column":6},"end":{"line":221,"column":8}},"99":{"start":{"line":225,"column":39},"end":{"line":255,"column":3}},"100":{"start":{"line":226,"column":4},"end":{"line":226,"column":23}},"101":{"start":{"line":227,"column":4},"end":{"line":227,"column":17}},"102":{"start":{"line":229,"column":4},"end":{"line":254,"column":5}},"103":{"start":{"line":230,"column":6},"end":{"line":230,"column":67}},"104":{"start":{"line":233,"column":26},"end":{"line":238,"column":7}},"105":{"start":{"line":240,"column":21},"end":{"line":240,"column":89}},"106":{"start":{"line":242,"column":6},"end":{"line":248,"column":7}},"107":{"start":{"line":243,"column":8},"end":{"line":243,"column":67}},"108":{"start":{"line":246,"column":8},"end":{"line":246,"column":71}},"109":{"start":{"line":247,"column":8},"end":{"line":247,"column":59}},"110":{"start":{"line":250,"column":6},"end":{"line":250,"column":79}},"111":{"start":{"line":251,"column":6},"end":{"line":251,"column":81}},"112":{"start":{"line":253,"column":6},"end":{"line":253,"column":26}},"113":{"start":{"line":257,"column":2},"end":{"line":425,"column":4}},"114":{"start":{"line":330,"column":27},"end":{"line":330,"column":64}},"115":{"start":{"line":412,"column":29},"end":{"line":412,"column":60}},"116":{"start":{"line":428,"column":15},"end":{"line":484,"column":2}}},"fnMap":{"0":{"name":"LoginScreen","decl":{"start":{"line":12,"column":24},"end":{"line":12,"column":35}},"loc":{"start":{"line":12,"column":52},"end":{"line":426,"column":1}},"line":12},"1":{"name":"(anonymous_1)","decl":{"start":{"line":26,"column":12},"end":{"line":26,"column":13}},"loc":{"start":{"line":26,"column":18},"end":{"line":28,"column":3}},"line":26},"2":{"name":"(anonymous_2)","decl":{"start":{"line":30,"column":37},"end":{"line":30,"column":38}},"loc":{"start":{"line":30,"column":49},"end":{"line":62,"column":3}},"line":30},"3":{"name":"(anonymous_3)","decl":{"start":{"line":51,"column":21},"end":{"line":51,"column":22}},"loc":{"start":{"line":51,"column":27},"end":{"line":53,"column":11}},"line":51},"4":{"name":"(anonymous_4)","decl":{"start":{"line":64,"column":31},"end":{"line":64,"column":32}},"loc":{"start":{"line":64,"column":43},"end":{"line":102,"column":3}},"line":64},"5":{"name":"(anonymous_5)","decl":{"start":{"line":104,"column":28},"end":{"line":104,"column":29}},"loc":{"start":{"line":104,"column":45},"end":{"line":129,"column":3}},"line":104},"6":{"name":"(anonymous_6)","decl":{"start":{"line":131,"column":22},"end":{"line":131,"column":23}},"loc":{"start":{"line":131,"column":34},"end":{"line":171,"column":3}},"line":131},"7":{"name":"(anonymous_7)","decl":{"start":{"line":157,"column":19},"end":{"line":157,"column":20}},"loc":{"start":{"line":157,"column":25},"end":{"line":159,"column":9}},"line":157},"8":{"name":"(anonymous_8)","decl":{"start":{"line":173,"column":35},"end":{"line":173,"column":36}},"loc":{"start":{"line":173,"column":41},"end":{"line":188,"column":3}},"line":173},"9":{"name":"(anonymous_9)","decl":{"start":{"line":184,"column":19},"end":{"line":184,"column":20}},"loc":{"start":{"line":184,"column":25},"end":{"line":184,"column":55}},"line":184},"10":{"name":"(anonymous_10)","decl":{"start":{"line":190,"column":39},"end":{"line":190,"column":40}},"loc":{"start":{"line":190,"column":51},"end":{"line":223,"column":3}},"line":190},"11":{"name":"(anonymous_11)","decl":{"start":{"line":225,"column":39},"end":{"line":225,"column":40}},"loc":{"start":{"line":225,"column":51},"end":{"line":255,"column":3}},"line":225},"12":{"name":"(anonymous_12)","decl":{"start":{"line":330,"column":21},"end":{"line":330,"column":22}},"loc":{"start":{"line":330,"column":27},"end":{"line":330,"column":64}},"line":330},"13":{"name":"(anonymous_13)","decl":{"start":{"line":412,"column":23},"end":{"line":412,"column":24}},"loc":{"start":{"line":412,"column":29},"end":{"line":412,"column":60}},"line":412}},"branchMap":{"0":{"loc":{"start":{"line":35,"column":6},"end":{"line":58,"column":7}},"type":"if","locations":[{"start":{"line":35,"column":6},"end":{"line":58,"column":7}},{"start":{},"end":{}}],"line":35},"1":{"loc":{"start":{"line":40,"column":8},"end":{"line":57,"column":9}},"type":"if","locations":[{"start":{"line":40,"column":8},"end":{"line":57,"column":9}},{"start":{"line":54,"column":15},"end":{"line":57,"column":9}}],"line":40},"2":{"loc":{"start":{"line":40,"column":12},"end":{"line":40,"column":68}},"type":"binary-expr","locations":[{"start":{"line":40,"column":12},"end":{"line":40,"column":23}},{"start":{"line":40,"column":27},"end":{"line":40,"column":68}}],"line":40},"3":{"loc":{"start":{"line":42,"column":10},"end":{"line":45,"column":11}},"type":"if","locations":[{"start":{"line":42,"column":10},"end":{"line":45,"column":11}},{"start":{},"end":{}}],"line":42},"4":{"loc":{"start":{"line":65,"column":4},"end":{"line":67,"column":5}},"type":"if","locations":[{"start":{"line":65,"column":4},"end":{"line":67,"column":5}},{"start":{},"end":{}}],"line":65},"5":{"loc":{"start":{"line":65,"column":8},"end":{"line":65,"column":48}},"type":"binary-expr","locations":[{"start":{"line":65,"column":8},"end":{"line":65,"column":27}},{"start":{"line":65,"column":31},"end":{"line":65,"column":48}}],"line":65},"6":{"loc":{"start":{"line":70,"column":4},"end":{"line":73,"column":5}},"type":"if","locations":[{"start":{"line":70,"column":4},"end":{"line":73,"column":5}},{"start":{},"end":{}}],"line":70},"7":{"loc":{"start":{"line":82,"column":6},"end":{"line":95,"column":7}},"type":"if","locations":[{"start":{"line":82,"column":6},"end":{"line":95,"column":7}},{"start":{"line":92,"column":13},"end":{"line":95,"column":7}}],"line":82},"8":{"loc":{"start":{"line":82,"column":10},"end":{"line":82,"column":46}},"type":"binary-expr","locations":[{"start":{"line":82,"column":10},"end":{"line":82,"column":24}},{"start":{"line":82,"column":28},"end":{"line":82,"column":46}}],"line":82},"9":{"loc":{"start":{"line":86,"column":8},"end":{"line":91,"column":9}},"type":"if","locations":[{"start":{"line":86,"column":8},"end":{"line":91,"column":9}},{"start":{"line":88,"column":15},"end":{"line":91,"column":9}}],"line":86},"10":{"loc":{"start":{"line":110,"column":6},"end":{"line":113,"column":7}},"type":"if","locations":[{"start":{"line":110,"column":6},"end":{"line":113,"column":7}},{"start":{},"end":{}}],"line":110},"11":{"loc":{"start":{"line":117,"column":6},"end":{"line":122,"column":7}},"type":"if","locations":[{"start":{"line":117,"column":6},"end":{"line":122,"column":7}},{"start":{},"end":{}}],"line":117},"12":{"loc":{"start":{"line":119,"column":8},"end":{"line":121,"column":9}},"type":"if","locations":[{"start":{"line":119,"column":8},"end":{"line":121,"column":9}},{"start":{},"end":{}}],"line":119},"13":{"loc":{"start":{"line":132,"column":4},"end":{"line":135,"column":5}},"type":"if","locations":[{"start":{"line":132,"column":4},"end":{"line":135,"column":5}},{"start":{},"end":{}}],"line":132},"14":{"loc":{"start":{"line":132,"column":8},"end":{"line":132,"column":27}},"type":"binary-expr","locations":[{"start":{"line":132,"column":8},"end":{"line":132,"column":14}},{"start":{"line":132,"column":18},"end":{"line":132,"column":27}}],"line":132},"15":{"loc":{"start":{"line":146,"column":6},"end":{"line":151,"column":7}},"type":"if","locations":[{"start":{"line":146,"column":6},"end":{"line":151,"column":7}},{"start":{},"end":{}}],"line":146},"16":{"loc":{"start":{"line":156,"column":6},"end":{"line":160,"column":7}},"type":"if","locations":[{"start":{"line":156,"column":6},"end":{"line":160,"column":7}},{"start":{},"end":{}}],"line":156},"17":{"loc":{"start":{"line":156,"column":10},"end":{"line":156,"column":49}},"type":"binary-expr","locations":[{"start":{"line":156,"column":10},"end":{"line":156,"column":28}},{"start":{"line":156,"column":32},"end":{"line":156,"column":49}}],"line":156},"18":{"loc":{"start":{"line":193,"column":6},"end":{"line":199,"column":7}},"type":"if","locations":[{"start":{"line":193,"column":6},"end":{"line":199,"column":7}},{"start":{},"end":{}}],"line":193},"19":{"loc":{"start":{"line":203,"column":6},"end":{"line":215,"column":7}},"type":"if","locations":[{"start":{"line":203,"column":6},"end":{"line":215,"column":7}},{"start":{"line":210,"column":13},"end":{"line":215,"column":7}}],"line":203},"20":{"loc":{"start":{"line":242,"column":6},"end":{"line":248,"column":7}},"type":"if","locations":[{"start":{"line":242,"column":6},"end":{"line":248,"column":7}},{"start":{"line":245,"column":13},"end":{"line":248,"column":7}}],"line":242},"21":{"loc":{"start":{"line":258,"column":63},"end":{"line":258,"column":97}},"type":"cond-expr","locations":[{"start":{"line":258,"column":76},"end":{"line":258,"column":85}},{"start":{"line":258,"column":88},"end":{"line":258,"column":97}}],"line":258},"22":{"loc":{"start":{"line":260,"column":18},"end":{"line":260,"column":62}},"type":"cond-expr","locations":[{"start":{"line":260,"column":42},"end":{"line":260,"column":51}},{"start":{"line":260,"column":54},"end":{"line":260,"column":62}}],"line":260},"23":{"loc":{"start":{"line":265,"column":19},"end":{"line":265,"column":64}},"type":"cond-expr","locations":[{"start":{"line":265,"column":32},"end":{"line":265,"column":41}},{"start":{"line":265,"column":44},"end":{"line":265,"column":64}}],"line":265},"24":{"loc":{"start":{"line":272,"column":19},"end":{"line":272,"column":53}},"type":"cond-expr","locations":[{"start":{"line":272,"column":32},"end":{"line":272,"column":41}},{"start":{"line":272,"column":44},"end":{"line":272,"column":53}}],"line":272},"25":{"loc":{"start":{"line":279,"column":27},"end":{"line":279,"column":72}},"type":"cond-expr","locations":[{"start":{"line":279,"column":40},"end":{"line":279,"column":49}},{"start":{"line":279,"column":52},"end":{"line":279,"column":72}}],"line":279},"26":{"loc":{"start":{"line":280,"column":23},"end":{"line":280,"column":61}},"type":"cond-expr","locations":[{"start":{"line":280,"column":36},"end":{"line":280,"column":45}},{"start":{"line":280,"column":48},"end":{"line":280,"column":61}}],"line":280},"27":{"loc":{"start":{"line":281,"column":23},"end":{"line":281,"column":41}},"type":"cond-expr","locations":[{"start":{"line":281,"column":36},"end":{"line":281,"column":37}},{"start":{"line":281,"column":40},"end":{"line":281,"column":41}}],"line":281},"28":{"loc":{"start":{"line":297,"column":28},"end":{"line":297,"column":73}},"type":"cond-expr","locations":[{"start":{"line":297,"column":41},"end":{"line":297,"column":50}},{"start":{"line":297,"column":53},"end":{"line":297,"column":73}}],"line":297},"29":{"loc":{"start":{"line":298,"column":25},"end":{"line":298,"column":70}},"type":"cond-expr","locations":[{"start":{"line":298,"column":38},"end":{"line":298,"column":47}},{"start":{"line":298,"column":50},"end":{"line":298,"column":70}}],"line":298},"30":{"loc":{"start":{"line":299,"column":22},"end":{"line":299,"column":69}},"type":"cond-expr","locations":[{"start":{"line":299,"column":35},"end":{"line":299,"column":44}},{"start":{"line":299,"column":47},"end":{"line":299,"column":69}}],"line":299},"31":{"loc":{"start":{"line":300,"column":29},"end":{"line":300,"column":83}},"type":"cond-expr","locations":[{"start":{"line":300,"column":42},"end":{"line":300,"column":51}},{"start":{"line":300,"column":54},"end":{"line":300,"column":83}}],"line":300},"32":{"loc":{"start":{"line":318,"column":28},"end":{"line":318,"column":73}},"type":"cond-expr","locations":[{"start":{"line":318,"column":41},"end":{"line":318,"column":50}},{"start":{"line":318,"column":53},"end":{"line":318,"column":73}}],"line":318},"33":{"loc":{"start":{"line":319,"column":25},"end":{"line":319,"column":70}},"type":"cond-expr","locations":[{"start":{"line":319,"column":38},"end":{"line":319,"column":47}},{"start":{"line":319,"column":50},"end":{"line":319,"column":70}}],"line":319},"34":{"loc":{"start":{"line":320,"column":22},"end":{"line":320,"column":69}},"type":"cond-expr","locations":[{"start":{"line":320,"column":35},"end":{"line":320,"column":44}},{"start":{"line":320,"column":47},"end":{"line":320,"column":69}}],"line":320},"35":{"loc":{"start":{"line":321,"column":29},"end":{"line":321,"column":83}},"type":"cond-expr","locations":[{"start":{"line":321,"column":42},"end":{"line":321,"column":51}},{"start":{"line":321,"column":54},"end":{"line":321,"column":83}}],"line":321},"36":{"loc":{"start":{"line":341,"column":11},"end":{"line":348,"column":18}},"type":"cond-expr","locations":[{"start":{"line":342,"column":12},"end":{"line":347,"column":19}},{"start":{"line":348,"column":14},"end":{"line":348,"column":18}}],"line":341},"37":{"loc":{"start":{"line":343,"column":21},"end":{"line":343,"column":64}},"type":"cond-expr","locations":[{"start":{"line":343,"column":34},"end":{"line":343,"column":43}},{"start":{"line":343,"column":46},"end":{"line":343,"column":64}}],"line":343},"38":{"loc":{"start":{"line":365,"column":11},"end":{"line":383,"column":11}},"type":"binary-expr","locations":[{"start":{"line":365,"column":11},"end":{"line":365,"column":29}},{"start":{"line":365,"column":33},"end":{"line":365,"column":49}},{"start":{"line":365,"column":53},"end":{"line":365,"column":92}},{"start":{"line":365,"column":96},"end":{"line":365,"column":112}},{"start":{"line":366,"column":12},"end":{"line":382,"column":21}}],"line":365},"39":{"loc":{"start":{"line":405,"column":21},"end":{"line":405,"column":68}},"type":"cond-expr","locations":[{"start":{"line":405,"column":34},"end":{"line":405,"column":43}},{"start":{"line":405,"column":46},"end":{"line":405,"column":68}}],"line":405}},"s":{"0":87,"1":87,"2":87,"3":87,"4":87,"5":87,"6":87,"7":87,"8":87,"9":87,"10":87,"11":87,"12":28,"13":87,"14":28,"15":28,"16":28,"17":28,"18":19,"19":19,"20":3,"21":0,"22":0,"23":3,"24":3,"25":3,"26":3,"27":16,"28":16,"29":0,"30":87,"31":5,"32":3,"33":2,"34":0,"35":0,"36":2,"37":2,"38":2,"39":2,"40":2,"41":1,"42":1,"43":1,"44":0,"45":1,"46":0,"47":2,"48":87,"49":0,"50":0,"51":0,"52":0,"53":0,"54":0,"55":0,"56":0,"57":0,"58":0,"59":0,"60":0,"61":0,"62":0,"63":87,"64":6,"65":1,"66":1,"67":5,"68":5,"69":5,"70":5,"71":5,"72":4,"73":1,"74":1,"75":1,"76":3,"77":3,"78":2,"79":2,"80":1,"81":1,"82":5,"83":87,"84":2,"85":1,"86":87,"87":1,"88":1,"89":1,"90":1,"91":0,"92":0,"93":0,"94":0,"95":0,"96":0,"97":0,"98":0,"99":87,"100":3,"101":3,"102":3,"103":3,"104":3,"105":3,"106":2,"107":1,"108":1,"109":1,"110":1,"111":1,"112":3,"113":87,"114":2,"115":4,"116":3},"f":{"0":87,"1":28,"2":28,"3":3,"4":5,"5":0,"6":6,"7":2,"8":2,"9":1,"10":1,"11":3,"12":2,"13":4},"b":{"0":[19,9],"1":[3,16],"2":[19,4],"3":[0,3],"4":[3,2],"5":[5,2],"6":[0,2],"7":[1,1],"8":[2,1],"9":[1,0],"10":[0,0],"11":[0,0],"12":[0,0],"13":[1,5],"14":[6,5],"15":[1,3],"16":[2,1],"17":[3,2],"18":[1,0],"19":[0,0],"20":[1,1],"21":[0,87],"22":[87,0],"23":[0,87],"24":[0,87],"25":[0,87],"26":[0,87],"27":[0,87],"28":[0,87],"29":[0,87],"30":[0,87],"31":[0,87],"32":[0,87],"33":[0,87],"34":[0,87],"35":[0,87],"36":[4,83],"37":[0,4],"38":[87,35,7,7,7],"39":[0,87]},"_coverageSchema":"1a1c01bbd47fc00a2c39e90264f33305004495a9","hash":"840980f728ac1a551e5f78625ea8c0823f9a1c55"}
,"/Users/florianmartinez/Desktop/Projet-Final-main/screens/RegisterScreen.js": {"path":"/Users/florianmartinez/Desktop/Projet-Final-main/screens/RegisterScreen.js","statementMap":{"0":{"start":{"line":12,"column":16},"end":{"line":12,"column":26}},"1":{"start":{"line":13,"column":24},"end":{"line":13,"column":37}},"2":{"start":{"line":14,"column":37},"end":{"line":14,"column":46}},"3":{"start":{"line":17,"column":34},"end":{"line":24,"column":4}},"4":{"start":{"line":26,"column":36},"end":{"line":26,"column":51}},"5":{"start":{"line":27,"column":30},"end":{"line":27,"column":42}},"6":{"start":{"line":28,"column":40},"end":{"line":28,"column":55}},"7":{"start":{"line":29,"column":42},"end":{"line":29,"column":57}},"8":{"start":{"line":30,"column":56},"end":{"line":30,"column":71}},"9":{"start":{"line":33,"column":46},"end":{"line":33,"column":61}},"10":{"start":{"line":34,"column":54},"end":{"line":34,"column":68}},"11":{"start":{"line":35,"column":54},"end":{"line":39,"column":4}},"12":{"start":{"line":40,"column":60},"end":{"line":40,"column":74}},"13":{"start":{"line":41,"column":50},"end":{"line":41,"column":62}},"14":{"start":{"line":44,"column":2},"end":{"line":53,"column":25}},"15":{"start":{"line":45,"column":4},"end":{"line":45,"column":68}},"16":{"start":{"line":46,"column":4},"end":{"line":52,"column":5}},"17":{"start":{"line":47,"column":6},"end":{"line":47,"column":86}},"18":{"start":{"line":48,"column":6},"end":{"line":51,"column":9}},"19":{"start":{"line":56,"column":2},"end":{"line":60,"column":4}},"20":{"start":{"line":58,"column":6},"end":{"line":58,"column":25}},"21":{"start":{"line":63,"column":27},"end":{"line":124,"column":3}},"22":{"start":{"line":64,"column":4},"end":{"line":64,"column":35}},"23":{"start":{"line":65,"column":4},"end":{"line":65,"column":28}},"24":{"start":{"line":66,"column":4},"end":{"line":123,"column":5}},"25":{"start":{"line":67,"column":6},"end":{"line":67,"column":61}},"26":{"start":{"line":68,"column":32},"end":{"line":68,"column":78}},"27":{"start":{"line":69,"column":6},"end":{"line":69,"column":68}},"28":{"start":{"line":72,"column":6},"end":{"line":115,"column":7}},"29":{"start":{"line":73,"column":28},"end":{"line":73,"column":50}},"30":{"start":{"line":74,"column":8},"end":{"line":74,"column":76}},"31":{"start":{"line":75,"column":8},"end":{"line":75,"column":78}},"32":{"start":{"line":78,"column":24},"end":{"line":81,"column":9}},"33":{"start":{"line":83,"column":8},"end":{"line":83,"column":53}},"34":{"start":{"line":86,"column":8},"end":{"line":94,"column":9}},"35":{"start":{"line":87,"column":37},"end":{"line":87,"column":80}},"36":{"start":{"line":88,"column":33},"end":{"line":88,"column":126}},"37":{"start":{"line":89,"column":10},"end":{"line":89,"column":71}},"38":{"start":{"line":90,"column":10},"end":{"line":90,"column":86}},"39":{"start":{"line":92,"column":10},"end":{"line":92,"column":94}},"40":{"start":{"line":93,"column":10},"end":{"line":93,"column":30}},"41":{"start":{"line":96,"column":8},"end":{"line":96,"column":39}},"42":{"start":{"line":99,"column":33},"end":{"line":99,"column":78}},"43":{"start":{"line":101,"column":8},"end":{"line":110,"column":9}},"44":{"start":{"line":102,"column":10},"end":{"line":102,"column":34}},"45":{"start":{"line":103,"column":10},"end":{"line":103,"column":38}},"46":{"start":{"line":104,"column":10},"end":{"line":104,"column":74}},"47":{"start":{"line":105,"column":10},"end":{"line":105,"column":89}},"48":{"start":{"line":107,"column":10},"end":{"line":107,"column":35}},"49":{"start":{"line":108,"column":10},"end":{"line":108,"column":39}},"50":{"start":{"line":109,"column":10},"end":{"line":109,"column":89}},"51":{"start":{"line":112,"column":8},"end":{"line":112,"column":56}},"52":{"start":{"line":113,"column":8},"end":{"line":113,"column":33}},"53":{"start":{"line":114,"column":8},"end":{"line":114,"column":37}},"54":{"start":{"line":117,"column":6},"end":{"line":117,"column":85}},"55":{"start":{"line":118,"column":6},"end":{"line":118,"column":31}},"56":{"start":{"line":119,"column":6},"end":{"line":119,"column":35}},"57":{"start":{"line":120,"column":6},"end":{"line":120,"column":79}},"58":{"start":{"line":122,"column":6},"end":{"line":122,"column":38}},"59":{"start":{"line":127,"column":32},"end":{"line":157,"column":3}},"60":{"start":{"line":128,"column":4},"end":{"line":156,"column":5}},"61":{"start":{"line":130,"column":6},"end":{"line":151,"column":8}},"62":{"start":{"line":139,"column":14},"end":{"line":139,"column":70}},"63":{"start":{"line":146,"column":14},"end":{"line":146,"column":43}},"64":{"start":{"line":147,"column":14},"end":{"line":147,"column":99}},"65":{"start":{"line":154,"column":6},"end":{"line":154,"column":34}},"66":{"start":{"line":155,"column":6},"end":{"line":155,"column":60}},"67":{"start":{"line":160,"column":22},"end":{"line":172,"column":3}},"68":{"start":{"line":161,"column":4},"end":{"line":164,"column":8}},"69":{"start":{"line":161,"column":25},"end":{"line":164,"column":5}},"70":{"start":{"line":166,"column":4},"end":{"line":171,"column":5}},"71":{"start":{"line":167,"column":6},"end":{"line":170,"column":10}},"72":{"start":{"line":167,"column":25},"end":{"line":170,"column":7}},"73":{"start":{"line":175,"column":23},"end":{"line":226,"column":3}},"74":{"start":{"line":176,"column":22},"end":{"line":176,"column":24}},"75":{"start":{"line":179,"column":4},"end":{"line":183,"column":5}},"76":{"start":{"line":180,"column":6},"end":{"line":180,"column":56}},"77":{"start":{"line":181,"column":11},"end":{"line":183,"column":5}},"78":{"start":{"line":182,"column":6},"end":{"line":182,"column":76}},"79":{"start":{"line":186,"column":4},"end":{"line":190,"column":5}},"80":{"start":{"line":187,"column":6},"end":{"line":187,"column":52}},"81":{"start":{"line":188,"column":11},"end":{"line":190,"column":5}},"82":{"start":{"line":189,"column":6},"end":{"line":189,"column":72}},"83":{"start":{"line":193,"column":23},"end":{"line":193,"column":51}},"84":{"start":{"line":194,"column":4},"end":{"line":198,"column":5}},"85":{"start":{"line":195,"column":6},"end":{"line":195,"column":51}},"86":{"start":{"line":196,"column":11},"end":{"line":198,"column":5}},"87":{"start":{"line":197,"column":6},"end":{"line":197,"column":58}},"88":{"start":{"line":201,"column":4},"end":{"line":203,"column":5}},"89":{"start":{"line":202,"column":6},"end":{"line":202,"column":84}},"90":{"start":{"line":206,"column":4},"end":{"line":210,"column":5}},"91":{"start":{"line":207,"column":6},"end":{"line":207,"column":61}},"92":{"start":{"line":208,"column":11},"end":{"line":210,"column":5}},"93":{"start":{"line":209,"column":6},"end":{"line":209,"column":81}},"94":{"start":{"line":213,"column":4},"end":{"line":217,"column":5}},"95":{"start":{"line":214,"column":6},"end":{"line":214,"column":74}},"96":{"start":{"line":215,"column":11},"end":{"line":217,"column":5}},"97":{"start":{"line":216,"column":6},"end":{"line":216,"column":75}},"98":{"start":{"line":220,"column":4},"end":{"line":222,"column":5}},"99":{"start":{"line":221,"column":6},"end":{"line":221,"column":76}},"100":{"start":{"line":224,"column":4},"end":{"line":224,"column":25}},"101":{"start":{"line":225,"column":4},"end":{"line":225,"column":47}},"102":{"start":{"line":229,"column":25},"end":{"line":271,"column":3}},"103":{"start":{"line":230,"column":4},"end":{"line":232,"column":5}},"104":{"start":{"line":231,"column":6},"end":{"line":231,"column":13}},"105":{"start":{"line":234,"column":4},"end":{"line":234,"column":23}},"106":{"start":{"line":236,"column":4},"end":{"line":270,"column":5}},"107":{"start":{"line":237,"column":6},"end":{"line":243,"column":9}},"108":{"start":{"line":246,"column":21},"end":{"line":252,"column":8}},"109":{"start":{"line":254,"column":6},"end":{"line":254,"column":63}},"110":{"start":{"line":255,"column":6},"end":{"line":255,"column":59}},"111":{"start":{"line":256,"column":6},"end":{"line":256,"column":26}},"112":{"start":{"line":259,"column":6},"end":{"line":259,"column":91}},"113":{"start":{"line":263,"column":6},"end":{"line":263,"column":61}},"114":{"start":{"line":264,"column":6},"end":{"line":264,"column":26}},"115":{"start":{"line":265,"column":6},"end":{"line":269,"column":8}},"116":{"start":{"line":273,"column":2},"end":{"line":484,"column":4}},"117":{"start":{"line":298,"column":39},"end":{"line":298,"column":70}},"118":{"start":{"line":315,"column":39},"end":{"line":315,"column":69}},"119":{"start":{"line":332,"column":39},"end":{"line":332,"column":66}},"120":{"start":{"line":351,"column":39},"end":{"line":351,"column":66}},"121":{"start":{"line":369,"column":39},"end":{"line":369,"column":69}},"122":{"start":{"line":373,"column":92},"end":{"line":373,"column":122}},"123":{"start":{"line":388,"column":39},"end":{"line":388,"column":76}},"124":{"start":{"line":392,"column":99},"end":{"line":392,"column":143}},"125":{"start":{"line":459,"column":29},"end":{"line":459,"column":57}},"126":{"start":{"line":487,"column":15},"end":{"line":590,"column":2}}},"fnMap":{"0":{"name":"RegisterScreen","decl":{"start":{"line":11,"column":24},"end":{"line":11,"column":38}},"loc":{"start":{"line":11,"column":55},"end":{"line":485,"column":1}},"line":11},"1":{"name":"(anonymous_1)","decl":{"start":{"line":44,"column":12},"end":{"line":44,"column":13}},"loc":{"start":{"line":44,"column":18},"end":{"line":53,"column":3}},"line":44},"2":{"name":"(anonymous_2)","decl":{"start":{"line":57,"column":22},"end":{"line":57,"column":23}},"loc":{"start":{"line":57,"column":28},"end":{"line":59,"column":5}},"line":57},"3":{"name":"(anonymous_3)","decl":{"start":{"line":63,"column":27},"end":{"line":63,"column":28}},"loc":{"start":{"line":63,"column":39},"end":{"line":124,"column":3}},"line":63},"4":{"name":"(anonymous_4)","decl":{"start":{"line":127,"column":32},"end":{"line":127,"column":33}},"loc":{"start":{"line":127,"column":38},"end":{"line":157,"column":3}},"line":127},"5":{"name":"(anonymous_5)","decl":{"start":{"line":137,"column":21},"end":{"line":137,"column":22}},"loc":{"start":{"line":137,"column":27},"end":{"line":140,"column":13}},"line":137},"6":{"name":"(anonymous_6)","decl":{"start":{"line":145,"column":21},"end":{"line":145,"column":22}},"loc":{"start":{"line":145,"column":27},"end":{"line":148,"column":13}},"line":145},"7":{"name":"(anonymous_7)","decl":{"start":{"line":160,"column":22},"end":{"line":160,"column":23}},"loc":{"start":{"line":160,"column":4
[...]
tart":{"line":212,"column":2},"end":{"line":212,"column":3}},"loc":{"start":{"line":212,"column":39},"end":{"line":214,"column":3}},"line":212},"12":{"name":"(anonymous_12)","decl":{"start":{"line":216,"column":2},"end":{"line":216,"column":3}},"loc":{"start":{"line":216,"column":34},"end":{"line":223,"column":3}},"line":216},"13":{"name":"(anonymous_13)","decl":{"start":{"line":218,"column":34},"end":{"line":218,"column":35}},"loc":{"start":{"line":218,"column":41},"end":{"line":218,"column":60}},"line":218},"14":{"name":"(anonymous_14)","decl":{"start":{"line":225,"column":2},"end":{"line":225,"column":3}},"loc":{"start":{"line":225,"column":39},"end":{"line":229,"column":3}},"line":225},"15":{"name":"(anonymous_15)","decl":{"start":{"line":227,"column":38},"end":{"line":227,"column":39}},"loc":{"start":{"line":227,"column":45},"end":{"line":227,"column":63}},"line":227},"16":{"name":"(anonymous_16)","decl":{"start":{"line":232,"column":2},"end":{"line":232,"column":3}},"loc":{"start":{"line":232,"column":31},"end":{"line":234,"column":3}},"line":232},"17":{"name":"(anonymous_17)","decl":{"start":{"line":236,"column":2},"end":{"line":236,"column":3}},"loc":{"start":{"line":236,"column":38},"end":{"line":238,"column":3}},"line":236},"18":{"name":"(anonymous_18)","decl":{"start":{"line":240,"column":2},"end":{"line":240,"column":3}},"loc":{"start":{"line":240,"column":36},"end":{"line":247,"column":3}},"line":240},"19":{"name":"(anonymous_19)","decl":{"start":{"line":242,"column":32},"end":{"line":242,"column":33}},"loc":{"start":{"line":242,"column":37},"end":{"line":242,"column":55}},"line":242},"20":{"name":"(anonymous_20)","decl":{"start":{"line":250,"column":2},"end":{"line":250,"column":3}},"loc":{"start":{"line":250,"column":39},"end":{"line":260,"column":3}},"line":250},"21":{"name":"(anonymous_21)","decl":{"start":{"line":262,"column":2},"end":{"line":262,"column":3}},"loc":{"start":{"line":262,"column":44},"end":{"line":264,"column":3}},"line":262},"22":{"name":"(anonymous_22)","decl":{"start":{"line":269,"column":2},"end":{"line":269,"column":3}},"loc":{"start":{"line":269,"column":42},"end":{"line":286,"column":3}},"line":269},"23":{"name":"(anonymous_23)","decl":{"start":{"line":289,"column":2},"end":{"line":289,"column":3}},"loc":{"start":{"line":289,"column":38},"end":{"line":295,"column":3}},"line":289},"24":{"name":"(anonymous_24)","decl":{"start":{"line":297,"column":2},"end":{"line":297,"column":3}},"loc":{"start":{"line":297,"column":43},"end":{"line":299,"column":3}},"line":297},"25":{"name":"(anonymous_25)","decl":{"start":{"line":302,"column":2},"end":{"line":302,"column":3}},"loc":{"start":{"line":302,"column":33},"end":{"line":304,"column":3}},"line":302},"26":{"name":"(anonymous_26)","decl":{"start":{"line":306,"column":2},"end":{"line":306,"column":3}},"loc":{"start":{"line":306,"column":39},"end":{"line":308,"column":3}},"line":306},"27":{"name":"(anonymous_27)","decl":{"start":{"line":311,"column":2},"end":{"line":311,"column":3}},"loc":{"start":{"line":311,"column":29},"end":{"line":313,"column":3}},"line":311},"28":{"name":"(anonymous_28)","decl":{"start":{"line":315,"column":2},"end":{"line":315,"column":3}},"loc":{"start":{"line":315,"column":34},"end":{"line":317,"column":3}},"line":315},"29":{"name":"(anonymous_29)","decl":{"start":{"line":320,"column":2},"end":{"line":320,"column":3}},"loc":{"start":{"line":320,"column":35},"end":{"line":325,"column":3}},"line":320},"30":{"name":"(anonymous_30)","decl":{"start":{"line":327,"column":2},"end":{"line":327,"column":3}},"loc":{"start":{"line":327,"column":40},"end":{"line":329,"column":3}},"line":327},"31":{"name":"(anonymous_31)","decl":{"start":{"line":332,"column":2},"end":{"line":332,"column":3}},"loc":{"start":{"line":332,"column":30},"end":{"line":334,"column":3}},"line":332},"32":{"name":"(anonymous_32)","decl":{"start":{"line":336,"column":2},"end":{"line":336,"column":3}},"loc":{"start":{"line":336,"column":35},"end":{"line":338,"column":3}},"line":336},"33":{"name":"(anonymous_33)","decl":{"start":{"line":341,"column":2},"end":{"line":341,"column":3}},"loc":{"start":{"line":341,"column":28},"end":{"line":343,"column":3}},"line":341},"34":{"name":"(anonymous_34)","decl":{"start":{"line":345,"column":2},"end":{"line":345,"column":3}},"loc":{"start":{"line":345,"column":35},"end":{"line":347,"column":3}},"line":345},"35":{"name":"(anonymous_35)","decl":{"start":{"line":350,"column":2},"end":{"line":350,"column":3}},"loc":{"start":{"line":350,"column":29},"end":{"line":352,"column":3}},"line":350},"36":{"name":"(anonymous_36)","decl":{"start":{"line":354,"column":2},"end":{"line":354,"column":3}},"loc":{"start":{"line":354,"column":37},"end":{"line":356,"column":3}},"line":354},"37":{"name":"(anonymous_37)","decl":{"start":{"line":361,"column":2},"end":{"line":361,"column":3}},"loc":{"start":{"line":361,"column":28},"end":{"line":384,"column":3}},"line":361},"38":{"name":"(anonymous_38)","decl":{"start":{"line":391,"column":2},"end":{"line":391,"column":3}},"loc":{"start":{"line":391,"column":73},"end":{"line":609,"column":3}},"line":391},"39":{"name":"(anonymous_39)","decl":{"start":{"line":452,"column":57},"end":{"line":452,"column":58}},"loc":{"start":{"line":452,"column":84},"end":{"line":465,"column":17}},"line":452}},"branchMap":{"0":{"loc":{"start":{"line":17,"column":4},"end":{"line":19,"column":5}},"type":"if","locations":[{"start":{"line":17,"column":4},"end":{"line":19,"column":5}},{"start":{},"end":{}}],"line":17},"1":{"loc":{"start":{"line":36,"column":6},"end":{"line":63,"column":7}},"type":"if","locations":[{"start":{"line":36,"column":6},"end":{"line":63,"column":7}},{"start":{"line":61,"column":13},"end":{"line":63,"column":7}}],"line":36},"2":{"loc":{"start":{"line":40,"column":8},"end":{"line":60,"column":9}},"type":"if","locations":[{"start":{"line":40,"column":8},"end":{"line":60,"column":9}},{"start":{"line":58,"column":15},"end":{"line":60,"column":9}}],"line":40},"3":{"loc":{"start":{"line":46,"column":12},"end":{"line":49,"column":13}},"type":"if","locations":[{"start":{"line":46,"column":12},"end":{"line":49,"column":13}},{"start":{},"end":{}}],"line":46},"4":{"loc":{"start":{"line":51,"column":27},"end":{"line":51,"column":55}},"type":"binary-expr","locations":[{"start":{"line":51,"column":27},"end":{"line":51,"column":40}},{"start":{"line":51,"column":44},"end":{"line":51,"column":55}}],"line":51},"5":{"loc":{"start":{"line":79,"column":39},"end":{"line":79,"column":52}},"type":"default-arg","locations":[{"start":{"line":79,"column":48},"end":{"line":79,"column":52}}],"line":79},"6":{"loc":{"start":{"line":81,"column":28},"end":{"line":81,"column":67}},"type":"binary-expr","locations":[{"start":{"line":81,"column":28},"end":{"line":81,"column":34}},{"start":{"line":81,"column":38},"end":{"line":81,"column":67}}],"line":81},"7":{"loc":{"start":{"line":83,"column":30},"end":{"line":83,"column":87}},"type":"cond-expr","locations":[{"start":{"line":83,"column":58},"end":{"line":83,"column":63}},{"start":{"line":83,"column":66},"end":{"line":83,"column":87}}],"line":83},"8":{"loc":{"start":{"line":87,"column":38},"end":{"line":87,"column":71}},"type":"binary-expr","locations":[{"start":{"line":87,"column":38},"end":{"line":87,"column":51}},{"start":{"line":87,"column":55},"end":{"line":87,"column":71}}],"line":87},"9":{"loc":{"start":{"line":98,"column":32},"end":{"line":98,"column":51}},"type":"default-arg","locations":[{"start":{"line":98,"column":47},"end":{"line":98,"column":51}}],"line":98},"10":{"loc":{"start":{"line":98,"column":53},"end":{"line":98,"column":66}},"type":"default-arg","locations":[{"start":{"line":98,"column":62},"end":{"line":98,"column":66}}],"line":98},"11":{"loc":{"start":{"line":100,"column":28},"end":{"line":100,"column":67}},"type":"binary-expr","locations":[{"start":{"line":100,"column":28},"end":{"line":100,"column":34}},{"start":{"line":100,"column":38},"end":{"line":100,"column":67}}],"line":100},"12":{"loc":{"start":{"line":106,"column":6},"end":{"line":109,"column":7}},"type":"if","locations":[{"start":{"line":106,"column":6},"end":{"line":109,"column":7}},{"start":{},"end":{}}],"line":106},"13":{"loc":{"start":{"line":131,"column":35},"end":{"line":131,"column":48}},"type":"default-arg","locations":[{"start":{"line":131,"column":44},"end":{"line":131,"column":48}}],"line":131},"14":{"loc":{"start":{"line":133,"column":28},"end":{"line":133,"column":67}},"type":"binary-expr","locations":[{"start":{"line":133,"column":28},"end":{"line":133,"column":34}},{"start":{"line":133,"column":38},"end":{"line":133,"column":67}}],"line":133},"15":{"loc":{"start":{"line":138,"column":38},"end":{"line":138,"column":71}},"type":"binary-expr","locations":[{"start":{"line":138,"column":38},"end":{"line":138,"column":51}},{"start":{"line":138,"column":55},"end":{"line":138,"column":71}}],"line":138},"16":{"loc":{"start":{"line":163,"column":38},"end":{"line":163,"column":71}},"type":"binary-expr","locations":[{"start":{"line":163,"column":38},"end":{"line":163,"column":51}},{"start":{"line":163,"column":55},"end":{"line":163,"column":71}}],"line":163},"17":{"loc":{"start":{"line":175,"column":6},"end":{"line":177,"column":7}},"type":"if","locations":[{"start":{"line":175,"column":6},"end":{"line":177,"column":7}},{"start":{},"end":{}}],"line":175},"18":{"loc":{"start":{"line":180,"column":38},"end":{"line":180,"column":71}},"type":"binary-expr","locations":[{"start":{"line":180,"column":38},"end":{"line":180,"column":51}},{"start":{"line":180,"column":55},"end":{"line":180,"column":71}}],"line":180},"19":{"loc":{"start":{"line":193,"column":8},"end":{"line":195,"column":9}},"type":"if","locations":[{"start":{"line":193,"column":8},"end":{"line":195,"column":9}},{"start":{},"end":{}}],"line":193},"20":{"loc":{"start":{"line":199,"column":38},"end":{"line":199,"column":71}},"type":"binary-expr","locations":[{"start":{"line":199,"column":38},"end":{"line":199,"column":51}},{"start":{"line":199,"column":55},"end":{"line":199,"column":71}}],"line":199},"21":{"loc":{"start":{"line":219,"column":4},"end":{"line":222,"column":5}},"type":"if","locations":[{"start":{"line":219,"column":4},"end":{"line":222,"column":5}},{"start":{},"end":{}}],"line":219},"22":{"loc":{"start":{"line":243,"column":4},"end":{"line":246,"column":5}},"type":"if","locations":[{"start":{"line":243,"column":4},"end":{"line":246,"column":5}},{"start":{},"end":{}}],"line":243},"23":{"loc":{"start":{"line":271,"column":4},"end":{"line":273,"column":5}},"type":"if","locations":[{"start":{"line":271,"column":4},"end":{"line":273,"column":5}},{"start":{},"end":{}}],"line":271},"24":{"loc":{"start":{"line":278,"column":19},"end":{"line":278,"column":62}},"type":"binary-expr","locations":[{"start":{"line":278,"column":19},"end":{"line":278,"column":35}},{"start":{"line":278,"column":39},"end":{"line":278,"column":53}},{"start":{"line":278,"column":57},"end":{"line":278,"column":62}}],"line":278},"25":{"loc":{"start":{"line":279,"column":23},"end":{"line":279,"column":46}},"type":"binary-expr","locations":[{"start":{"line":279,"column":23},"end":{"line":279,"column":37}},{"start":{"line":279,"column":41},"end":{"line":279,"column":46}}],"line":279},"26":{"loc":{"start":{"line":280,"column":32},"end":{"line":280,"column":75}},"type":"binary-expr","locations":[{"start":{"line":280,"column":32},"end":{"line":280,"column":48}},{"start":{"line":280,"column":52},"end":{"line":280,"column":66}},{"start":{"line":280,"column":70},"end":{"line":280,"column":75}}],"line":280},"27":{"loc":{"start":{"line":281,"column":32},"end":{"line":281,"column":75}},"type":"binary-expr","locations":[{"start":{"line":281,"column":32},"end":{"line":281,"column":48}},{"start":{"line":281,"column":52},"end":{"line":281,"column":66}},{"start":{"line":281,"column":70},"end":{"line":281,"column":75}}],"line":281},"28":{"loc":{"start":{"line":391,"column":51},"end":{"line":391,"column":71}},"type":"default-arg","locations":[{"start":{"line":391,"column":67},"end":{"line":391,"column":71}}],"line":391},"29":{"loc":{"start":{"line":401,"column":6},"end":{"line":404,"column":7}},"type":"if","locations":[{"start":{"line":401,"column":6},"end":{"line":404,"column":7}},{"start":{},"end":{}}],"line":401},"30":{"loc":{"start":{"line":410,"column":6},"end":{"line":422,"column":7}},"type":"if","locations":[{"start":{"line":410,"column":6},"end":{"line":422,"column":7}},{"start":{},"end":{}}],"line":410},"31":{"loc":{"start":{"line":410,"column":10},"end":{"line":410,"column":60}},"type":"binary-expr","locations":[{"start":{"line":410,"column":10},"end":{"line":410,"column":21}},{"start":{"line":410,"column":25},"end":{"line":410,"column":60}}],"line":410},"32":{"loc":{"start":{"line":414,"column":10},"end":{"line":420,"column":11}},"type":"if","locations":[{"start":{"line":414,"column":10},"end":{"line":420,"column":11}},{"start":{"line":418,"column":17},"end":{"line":420,"column":11}}],"line":414},"33":{"loc":{"start":{"line":428,"column":8},"end":{"line":433,"column":9}},"type":"if","locations":[{"start":{"line":428,"column":8},"end":{"line":433,"column":9}},{"start":{"line":430,"column":15},"end":{"line":433,"column":9}}],"line":428},"34":{"loc":{"start":{"line":440,"column":8},"end":{"line":543,"column":9}},"type":"if","locations":[{"start":{"line":440,"column":8},"end":{"line":543,"column":9}},{"start":{"line":541,"column":15},"end":{"line":543,"column":9}}],"line":440},"35":{"loc":{"start":{"line":440,"column":12},"end":{"line":440,"column":55}},"type":"binary-expr","locations":[{"start":{"line":440,"column":12},"end":{"line":440,"column":26}},{"start":{"line":440,"column":30},"end":{"line":440,"column":55}}],"line":440},"36":{"loc":{"start":{"line":448,"column":12},"end":{"line":475,"column":13}},"type":"if","locations":[{"start":{"line":448,"column":12},"end":{"line":475,"column":13}},{"start":{},"end":{}}],"line":448},"37":{"loc":{"start":{"line":448,"column":16},"end":{"line":448,"column":57}},"type":"binary-expr","locations":[{"start":{"line":448,"column":16},"end":{"line":448,"column":29}},{"start":{"line":448,"column":33},"end":{"line":448,"column":57}}],"line":448},"38":{"loc":{"start":{"line":456,"column":18},"end":{"line":464,"column":19}},"type":"if","locations":[{"start":{"line":456,"column":18},"end":{"line":464,"column":19}},{"start":{"line":460,"column":25},"end":{"line":464,"column":19}}],"line":456},"39":{"loc":{"start":{"line":456,"column":22},"end":{"line":456,"column":82}},"type":"binary-expr","locations":[{"start":{"line":456,"column":22},"end":{"line":456,"column":49}},{"start":{"line":456,"column":53},"end":{"line":456,"column":82}}],"line":456},"40":{"loc":{"start":{"line":484,"column":29},"end":{"line":484,"column":55}},"type":"binary-expr","locations":[{"start":{"line":484,"column":29},"end":{"line":484,"column":49}},{"start":{"line":484,"column":53},"end":{"line":484,"column":55}}],"line":484},"41":{"loc":{"start":{"line":505,"column":12},"end":{"line":511,"column":13}},"type":"if","locations":[{"start":{"line":505,"column":12},"end":{"line":511,"column":13}},{"start":{},"end":{}}],"line":505},"42":{"loc":{"start":{"line":524,"column":29},"end":{"line":524,"column":59}},"type":"binary-expr","locations":[{"start":{"line":524,"column":29},"end":{"line":524,"column":54}},{"start":{"line":524,"column":58},"end":{"line":524,"column":59}}],"line":524},"43":{"loc":{"start":{"line":525,"column":28},"end":{"line":525,"column":57}},"type":"binary-expr","locations":[{"start":{"line":525,"column":28},"end":{"line":525,"column":52}},{"start":{"line":525,"column":56},"end":{"line":525,"column":57}}],"line":525},"44":{"loc":{"start":{"line":525,"column":62},"end":{"line":525,"column":120}},"type":"cond-expr","locations":[{"start":{"line":525,"column":87},"end":{"line":525,"column":116}},{"start":{"line":525,"column":119},"end":{"line":525,"column":120}}],"line":525},"45":{"loc":{"start":{"line":536,"column":64},"end":{"line":536,"column":122}},"type":"cond-expr","locations":[{"start":{"line":536,"column":97},"end":{"line":536,"column":106}},{"start":{"line":536,"column":109},"end":{"line":536,"column":122}}],"line":536},"46":{"loc":{"start":{"line":551,"column":6},"end":{"line":594,"column":7}},"type":"if","locations":[{"start":{"line":551,"column":6},"end":{"line":594,"column":7}},{"start":{"line":590,"column":13},"end":{"line":594,"column":7}}],"line":551},"47":{"loc":{"start":{"line":551,"column":10},"end":{"line":551,"column":69}},"type":"binary-expr","locations":[{"start":{"line":551,"column":10},"end":{"line":551,"column":23}},{"start":{"line":551,"column":28},"end":{"line":551,"column":45}},{"start":{"line":551,"column":49},"end":{"line":551,"column":68}}],"line":551},"48":{"loc":{"start":{"line":590,"column":13},"end":{"line":594,"column":7}},"type":"if","locations":[{"start":{"line":590,"column":13},"end":{"line":594,"column":7}},{"start":{"line":592,"column":13},"end":{"line":594,"column":7}}],"line":590},"49":{"loc":{"start":{"line":597,"column":18},"end":{"line":597,"column":58}},"type":"binary-expr","locations":[{"start":{"line":597,"column":18},"end":{"line":597,"column":35}},{"start":{"line":597,"column":39},"end":{"line":597,"column":58}}],"line":597}},"s":{"0":54,"1":1,"2":53,"3":56,"4":56,"5":56,"6":53,"7":53,"8":5,"9":5,"10":5,"11":4,"12":4,"13":3,"14":3,"15":1,"16":1,"17":2,"18":2,"19":2,"20":1,"21":1,"22":1,"23":48,"24":49,"25":49,"26":3,"27":3,"28":23,"29":23,"30":23,"31":23,"32":23,"33":22,"34":1,"35":26,"36":26,"37":26,"38":26,"39":26,"40":25,"41":6,"42":6,"43":19,"44":19,"45":17,"46":17,"47":2,"48":2,"49":1,"50":1,"51":3,"52":3,"53":3,"54":3,"55":2,"56":1,"57":4,"58":4,"59":3,"60":4,"61":3,"62":3,"63":4,"64":4,"65":4,"66":4,"67":1,"68":3,"69":1,"70":5,"71":5,"72":4,"73":2,"74":4,"75":1,"76":4,"77":1,"78":5,"79":5,"80":5,"81":19,"82":18,"83":1,"84":4,"85":1,"86":5,"87":4,"88":2,"89":2,"90":1,"91":2,"92":1,"93":1,"94":2,"95":2,"96":4,"97":2,"98":3,"99":2,"100":2,"101":2,"102":1,"103":2,"104":1,"105":1,"106":2,"107":2,"108":1,"109":2,"110":2,"111":0,"112":0,"113":0,"114":2,"115":1,"116":2,"117":1,"118":2,"119":1,"120":2,"121":1,"122":1,"123":1,"124":1,"125":1,"126":1,"127":1,"128":2,"129":2,"130":2,"131":2,"132":2,"133":0,"134":4,"135":4,"136":4,"137":4,"138":4,"139":4,"140":4,"141":1,"142":1,"143":3,"144":3,"145":3,"146":2,"147":4,"148":4,"149":4,"150":4,"151":0,"152":3,"153":3,"154":3,"155":3,"156":0,"157":0,"158":3,"159":3,"160":3,"161":3,"162":0,"163":0,"164":0,"165":0,"166":0,"167":0,"168":0,"169":0,"170":0,"171":0,"172":0,"173":0,"174":0,"175":0,"176":0,"177":0,"178":0,"179":0,"180":0,"181":0,"182":0,"183":0,"184":0,"185":0,"186":0,"187":0,"188":0,"189":0,"190":0,"191":0,"192":0,"193":0,"194":0,"195":0,"196":0,"197":0,"198":0,"199":0,"200":0,"201":0,"202":0,"203":0,"204":0,"205":0,"206":0,"207":0,"208":0,"209":3,"210":0,"211":0,"212":3,"213":2,"214":2,"215":2,"216":2,"217":2,"218":2,"219":28,"220":28,"221":28,"222":0,"223":2,"224":0,"225":1,"226":0,"227":1,"228":3,"229":3,"230":3,"231":0,"232":0},"f":{"0":54,"1":56,"2":23,"3":26,"4":3,"5":4,"6":4,"7":5,"8":2,"9":5,"10":5,"11":4,"12":2,"13":1,"14":2,"15":4,"16":3,"17":2,"18":2,"19":1,"20":2,"21":1,"22":2,"23":2,"24":1,"25":2,"26":1,"27":2,"28":1,"29":2,"30":1,"31":1,"32":1,"33":1,"34":1,"35":1,"36":1,"37":2,"38":4,"39":0},"b":{"0":[1,53],"1":[5,48],"2":[4,1],"3":[1,2],"4":[2,1],"5":[17],"6":[23,17],"7":[4,19],"8":[1,0],"9":[2],"10":[25],"11":[26,25],"12":[6,19],"13":[2],"14":[3,2],"15":[1,0],"16":[1,0],"17":[1,3],"18":[1,0],"19":[1,17],"20":[1,0],"21":[1,1],"22":[1,1],"23":[2,0],"24":[0,0,0],"25":[0,0],"26":[0,0,0],"27":[0,0,0],"28":[3],"29":[1,3],"30":[2,1],"31":[3,3],"32":[4,0],"33":[3,0],"34":[0,3],"35":[3,3],"36":[0,0],"37":[0,0],"38":[0,0],"39":[0,0],"40":[0,0],"41":[0,0],"42":[0,0],"43":[0,0],"44":[0,0],"45":[0,0],"46":[2,1],"47":[3,3,1],"48":[0,1],"49":[3,1]},"_coverageSchema":"1a1c01bbd47fc00a2c39e90264f33305004495a9","hash":"c851c9362139a4843dc8b79f47f916171f4847e7"}
}
