TN:
SF:components/CustomRating.js
FN:15,CustomRating
FN:28,(anonymous_1)
FN:36,(anonymous_2)
FN:39,(anonymous_3)
FNF:4
FNH:4
FNDA:86,CustomRating
FNDA:1,(anonymous_1)
FNDA:430,(anonymous_2)
FNDA:1,(anonymous_3)
DA:24,86
DA:27,86
DA:28,86
DA:29,1
DA:30,1
DA:34,86
DA:37,430
DA:39,1
DA:65,7
LF:9
LH:9
BRDA:16,0,0,2
BRDA:17,1,0,17
BRDA:19,2,0,18
BRDA:20,3,0,84
BRDA:27,4,0,86
BRDA:27,4,1,84
BRDA:27,5,0,0
BRDA:27,5,1,84
BRDA:29,6,0,1
BRDA:29,6,1,0
BRDA:29,7,0,1
BRDA:29,7,1,1
BRDA:41,8,0,340
BRDA:41,8,1,90
BRDA:44,9,0,340
BRDA:44,9,1,90
BRDA:45,10,0,340
BRDA:45,10,1,90
BRDA:46,11,0,272
BRDA:46,11,1,68
BRDA:47,12,0,72
BRDA:47,12,1,18
BRDA:53,13,0,302
BRDA:53,13,1,128
BRF:24
BRH:22
end_of_record
TN:
SF:components/LoadingOverlay.js
FN:5,(anonymous_0)
FNF:1
FNH:1
FNDA:7,(anonymous_0)
DA:5,1
DA:6,7
DA:15,1
LF:3
LH:3
BRF:0
BRH:0
end_of_record
TN:
SF:components/PlaceCard.js
FN:20,(anonymous_0)
FN:42,PlaceCard
FN:47,(anonymous_2)
FN:58,(anonymous_3)
FNF:4
FNH:4
FNDA:172,(anonymous_0)
FNDA:43,PlaceCard
FNDA:108,(anonymous_2)
FNDA:43,(anonymous_3)
DA:20,4
DA:21,172
DA:22,172
DA:43,43
DA:44,43
DA:47,43
DA:48,108
DA:50,48
DA:51,45
DA:53,3
DA:58,43
DA:59,43
DA:62,43
DA:63,41
DA:64,41
DA:65,41
DA:66,41
DA:69,43
DA:71,43
DA:78,43
DA:191,4
LF:21
LH:21
BRDA:26,0,0,114
BRDA:26,0,1,58
BRDA:29,1,0,114
BRDA:29,1,1,58
BRDA:48,2,0,60
BRDA:48,2,1,48
BRDA:48,3,0,108
BRDA:48,3,1,63
BRDA:50,4,0,45
BRDA:50,4,1,3
BRDA:62,5,0,41
BRDA:62,5,1,2
BRDA:63,6,0,37
BRDA:63,6,1,4
BRDA:64,7,0,21
BRDA:64,7,1,20
BRDA:65,8,0,29
BRDA:65,8,1,12
BRDA:66,9,0,27
BRDA:66,9,1,14
BRDA:69,10,0,36
BRDA:69,10,1,7
BRDA:72,11,0,37
BRDA:72,11,1,6
BRDA:89,12,0,36
BRDA:89,12,1,7
BRDA:147,13,0,43
BRDA:147,13,1,36
BRDA:162,14,0,43
BRDA:162,14,1,6
BRDA:167,15,0,43
BRDA:167,15,1,22
BRDA:172,16,0,43
BRDA:172,16,1,14
BRDA:177,17,0,43
BRDA:177,17,1,16
BRF:36
BRH:36
end_of_record
TN:
SF:components/ReviewCard.js
FN:7,ReviewCard
FN:41,(anonymous_1)
FNF:2
FNH:2
FNDA:3,ReviewCard
FNDA:4,(anonymous_1)
DA:8,3
DA:9,3
DA:11,3
DA:42,4
DA:50,1
LF:5
LH:5
BRDA:16,0,0,0
BRDA:16,0,1,3
BRDA:39,1,0,3
BRDA:39,1,1,3
BRDA:39,1,2,2
BRF:5
BRH:4
end_of_record
TN:
SF:components/VerifiedBadge.js
FN:20,VerifiedBadge
FN:70,UserNameWithBadge
FN:99,VerificationStats
FNF:3
FNH:3
FNDA:8,VerifiedBadge
FNDA:2,UserNameWithBadge
FNDA:3,VerificationStats
DA:26,8
DA:28,8
DA:29,3
DA:32,5
DA:34,5
DA:76,2
DA:78,2
DA:100,3
DA:101,3
DA:103,3
DA:104,1
DA:107,2
DA:129,1
LF:13
LH:13
BRDA:22,0,0,4
BRDA:23,1,0,7
BRDA:24,2,0,7
BRDA:28,3,0,3
BRDA:28,3,1,5
BRDA:38,4,0,5
BRDA:38,4,1,4
BRDA:48,5,0,5
BRDA:48,5,1,1
BRDA:54,6,0,1
BRDA:54,6,1,0
BRDA:73,7,0,2
BRDA:84,8,0,1
BRDA:84,8,1,1
BRDA:99,9,0,0
BRDA:103,10,0,1
BRDA:103,10,1,2
BRDA:115,11,0,1
BRDA:115,11,1,1
BRDA:118,12,0,1
BRDA:118,12,1,1
BRDA:122,13,0,2
BRDA:122,13,1,0
BRDA:122,14,0,2
BRDA:122,14,1,0
BRF:25
BRH:21
end_of_record
TN:
SF:screens/FavoritePlacesScreen.js
FN:162,FavoritePlacesScreen
FN:173,(anonymous_1)
FN:176,(anonymous_2)
FN:182,(anonymous_3)
FN:187,(anonymous_4)
FN:195,(anonymous_5)
FN:201,(anonymous_6)
FN:203,(anonymous_7)
FN:205,(anonymous_8)
FN:207,(anonymous_9)
FN:214,(anonymous_10)
FN:223,(anonymous_11)
FN:224,(anonymous_12)
FN:224,(anonymous_13)
FN:233,(anonymous_14)
FN:238,(anonymous_15)
FN:239,(anonymous_16)
FN:244,(anonymous_17)
FN:259,(anonymous_18)
FN:269,(anonymous_19)
FN:294,(anonymous_20)
FN:319,(anonymous_21)
FN:356,(anonymous_22)
FN:366,(anonymous_23)
FN:395,(anonymous_24)
FN:404,(anonymous_25)
FN:430,(anonymous_26)
FN:434,(anonymous_27)
FN:437,(anonymous_28)
FN:450,(anonymous_29)
FN:458,(anonymous_30)
FN:466,(anonymous_31)
FN:474,(anonymous_32)
FN:490,(anonymous_33)
FN:515,(anonymous_34)
FNF:35
FNH:14
FNDA:4,FavoritePlacesScreen
FNDA:0,(anonymous_1)
FNDA:0,(anonymous_2)
FNDA:8,(anonymous_3)
FNDA:0,(anonymous_4)
FNDA:0,(anonymous_5)
FNDA:32,(anonymous_6)
FNDA:0,(anonymous_7)
FNDA:0,(anonymous_8)
FNDA:0,(anonymous_9)
FNDA:0,(anonymous_10)
FNDA:0,(anonymous_11)
FNDA:0,(anonymous_12)
FNDA:0,(anonymous_13)
FNDA:0,(anonymous_14)
FNDA:20,(anonymous_15)
FNDA:68,(anonymous_16)
FNDA:20,(anonymous_17)
FNDA:36,(anonymous_18)
FNDA:20,(anonymous_19)
FNDA:0,(anonymous_20)
FNDA:20,(anonymous_21)
FNDA:0,(anonymous_22)
FNDA:0,(anonymous_23)
FNDA:20,(anonymous_24)
FNDA:20,(anonymous_25)
FNDA:24,(anonymous_26)
FNDA:0,(anonymous_27)
FNDA:24,(anonymous_28)
FNDA:0,(anonymous_29)
FNDA:0,(anonymous_30)
FNDA:0,(anonymous_31)
FNDA:0,(anonymous_32)
FNDA:20,(anonymous_33)
FNDA:0,(anonymous_34)
DA:26,1
DA:29,1
DA:153,1
DA:163,4
DA:164,4
DA:166,4
DA:167,4
DA:168,4
DA:169,4
DA:170,4
DA:173,4
DA:174,0
DA:176,0
DA:177,0
DA:182,4
DA:183,8
DA:186,8
DA:187,0
DA:188,0
DA:194,8
DA:195,0
DA:199,8
DA:201,32
DA:203,0
DA:205,0
DA:207,0
DA:209,0
DA:214,4
DA:215,0
DA:224,0
DA:225,0
DA:233,4
DA:234,0
DA:238,4
DA:239,68
DA:240,20
DA:244,4
DA:246,20
DA:247,0
DA:250,20
DA:251,20
DA:253,20
DA:254,12
DA:255,4
DA:259,4
DA:260,36
DA:261,36
DA:269,4
DA:270,20
DA:272,20
DA:294,0
DA:319,20
DA:356,0
DA:366,0
DA:379,4
DA:395,20
DA:404,20
DA:431,24
DA:434,0
DA:437,24
DA:450,0
DA:458,0
DA:466,0
DA:474,0
DA:491,20
DA:515,0
DA:530,1
LF:67
LH:43
BRDA:186,0,0,0
BRDA:186,0,1,8
BRDA:188,1,0,0
BRDA:188,1,1,0
BRDA:194,2,0,0
BRDA:194,2,1,8
BRDA:199,3,0,8
BRDA:199,3,1,0
BRDA:199,3,2,0
BRDA:199,3,3,0
BRDA:199,3,4,0
BRDA:240,4,0,20
BRDA:240,4,1,0
BRDA:246,5,0,0
BRDA:246,5,1,20
BRDA:253,6,0,8
BRDA:253,6,1,12
BRDA:254,7,0,8
BRDA:254,7,1,4
BRDA:325,8,0,20
BRDA:325,8,1,16
BRDA:333,9,0,20
BRDA:333,9,1,20
BRDA:345,10,0,20
BRDA:345,10,1,16
BRDA:363,11,0,20
BRDA:363,11,1,20
BRDA:494,12,0,4
BRDA:494,12,1,0
BRDA:498,13,0,0
BRDA:498,13,1,0
BRDA:498,14,0,0
BRDA:498,14,1,0
BRDA:501,15,0,0
BRDA:501,15,1,0
BRDA:501,16,0,0
BRDA:501,16,1,0
BRDA:507,17,0,0
BRDA:507,17,1,0
BRDA:507,18,0,0
BRDA:507,18,1,0
BRDA:512,19,0,0
BRDA:512,19,1,0
BRDA:512,19,2,0
BRF:44
BRH:18
end_of_record
TN:
SF:screens/HomeScreen.js
FN:297,(anonymous_0)
FN:326,(anonymous_1)
FN:340,HomeScreen
FN:370,(anonymous_3)
FN:389,(anonymous_4)
FN:403,(anonymous_5)
FN:412,(anonymous_6)
FN:555,(anonymous_7)
FN:556,(anonymous_8)
FN:598,(anonymous_9)
FN:649,(anonymous_10)
FN:697,(anonymous_11)
FN:709,(anonymous_12)
FN:710,(anonymous_13)
FN:718,(anonymous_14)
FN:721,(anonymous_15)
FN:732,(anonymous_16)
FN:752,(anonymous_17)
FN:760,(anonymous_18)
FN:761,(anonymous_19)
FN:769,(anonymous_20)
FN:772,(anonymous_21)
FN:783,(anonymous_22)
FN:803,(anonymous_23)
FN:810,(anonymous_24)
FN:811,(anonymous_25)
FN:843,(anonymous_26)
FN:886,(anonymous_27)
FN:913,(anonymous_28)
FN:918,(anonymous_29)
FN:943,(anonymous_30)
FN:954,(anonymous_31)
FN:962,(anonymous_32)
FN:981,(anonymous_33)
FN:987,(anonymous_34)
FN:988,(anonymous_35)
FN:992,(anonymous_36)
FN:997,(anonymous_37)
FN:998,(anonymous_38)
FN:1006,(anonymous_39)
FN:1015,(anonymous_40)
FN:1024,(anonymous_41)
FN:1071,(anonymous_42)
FN:1093,(anonymous_43)
FN:1128,(anonymous_44)
FN:1140,(anonymous_45)
FN:1154,(anonymous_46)
FN:1159,(anonymous_47)
FN:1186,(anonymous_48)
FN:1199,(anonymous_49)
FN:1210,(anonymous_50)
FN:1244,(anonymous_51)
FN:1269,(anonymous_52)
FN:1294,(anonymous_53)
FNF:54
FNH:25
FNDA:659,(anonymous_0)
FNDA:208,(anonymous_1)
FNDA:12,HomeScreen
FNDA:3,(anonymous_3)
FNDA:0,(anonymous_4)
FNDA:0,(anonymous_5)
FNDA:0,(anonymous_6)
FNDA:2,(anonymous_7)
FNDA:0,(anonymous_8)
FNDA:2,(anonymous_9)
FNDA:0,(anonymous_10)
FNDA:0,(anonymous_11)
FNDA:0,(anonymous_12)
FNDA:0,(anonymous_13)
FNDA:0,(anonymous_14)
FNDA:0,(anonymous_15)
FNDA:0,(anonymous_16)
FNDA:6,(anonymous_17)
FNDA:0,(anonymous_18)
FNDA:0,(anonymous_19)
FNDA:2,(anonymous_20)
FNDA:0,(anonymous_21)
FNDA:0,(anonymous_22)
FNDA:6,(anonymous_23)
FNDA:3,(anonymous_24)
FNDA:3,(anonymous_25)
FNDA:6,(anonymous_26)
FNDA:156,(anonymous_27)
FNDA:81,(anonymous_28)
FNDA:81,(anonymous_29)
FNDA:46,(anonymous_30)
FNDA:46,(anonymous_31)
FNDA:56,(anonymous_32)
FNDA:81,(anonymous_33)
FNDA:81,(anonymous_34)
FNDA:164,(anonymous_35)
FNDA:81,(anonymous_36)
FNDA:81,(anonymous_37)
FNDA:204,(anonymous_38)
FNDA:0,(anonymous_39)
FNDA:0,(anonymous_40)
FNDA:0,(anonymous_41)
FNDA:0,(anonymous_42)
FNDA:0,(anonymous_43)
FNDA:0,(anonymous_44)
FNDA:0,(anonymous_45)
FNDA:32,(anonymous_46)
FNDA:0,(anonymous_47)
FNDA:0,(anonymous_48)
FNDA:0,(anonymous_49)
FNDA:0,(anonymous_50)
FNDA:0,(anonymous_51)
FNDA:0,(anonymous_52)
FNDA:0,(anonymous_53)
DA:24,3
DA:39,3
DA:297,3
DA:299,659
DA:300,0
DA:303,659
DA:310,659
DA:312,659
DA:313,254
DA:314,405
DA:315,405
DA:317,0
DA:326,3
DA:327,208
DA:329,82
DA:331,126
DA:333,0
DA:341,12
DA:342,12
DA:343,12
DA:344,12
DA:345,12
DA:346,12
DA:347,12
DA:348,12
DA:349,12
DA:350,12
DA:351,12
DA:352,12
DA:355,12
DA:356,12
DA:359,12
DA:362,12
DA:365,12
DA:370,12
DA:371,3
DA:372,3
DA:373,3
DA:374,3
DA:377,0
DA:380,0
DA:382,0
DA:389,12
DA:390,0
DA:391,0
DA:392,0
DA:393,0
DA:395,0
DA:402,12
DA:404,0
DA:405,0
DA:412,12
DA:413,0
DA:414,0
DA:418,0
DA:518,0
DA:521,0
DA:525,0
DA:526,0
DA:527,0
DA:532,0
DA:535,0
DA:539,0
DA:543,0
DA:546,0
DA:549,0
DA:555,12
DA:556,2
DA:558,0
DA:561,0
DA:562,0
DA:565,0
DA:598,12
DA:599,2
DA:600,2
DA:601,1
DA:603,1
DA:604,1
DA:607,1
DA:608,1
DA:611,1
DA:628,1
DA:630,1
DA:631,15
DA:632,15
DA:633,15
DA:638,15
DA:639,15
DA:641,0
DA:646,1
DA:647,1
DA:649,1
DA:650,0
DA:651,0
DA:652,0
DA:656,1
DA:659,1
DA:660,1
DA:662,1
DA:663,0
DA:664,0
DA:665,0
DA:666,0
DA:669,0
DA:674,0
DA:676,0
DA:678,0
DA:683,1
DA:684,0
DA:687,1
DA:689,0
DA:690,0
DA:697,12
DA:698,0
DA:699,0
DA:700,0
DA:701,0
DA:704,0
DA:705,0
DA:708,0
DA:709,0
DA:711,0
DA:712,0
DA:717,0
DA:718,0
DA:721,0
DA:722,0
DA:723,0
DA:724,0
DA:729,0
DA:730,0
DA:731,0
DA:732,0
DA:733,0
DA:737,0
DA:738,0
DA:741,0
DA:742,0
DA:743,0
DA:745,0
DA:752,12
DA:753,6
DA:754,6
DA:755,6
DA:756,6
DA:759,6
DA:760,0
DA:762,0
DA:763,0
DA:768,2
DA:769,2
DA:772,2
DA:773,0
DA:774,0
DA:775,0
DA:780,2
DA:781,0
DA:782,0
DA:783,0
DA:784,0
DA:788,2
DA:789,2
DA:792,4
DA:793,4
DA:794,4
DA:796,6
DA:803,12
DA:804,6
DA:810,12
DA:811,3
DA:812,3
DA:813,3
DA:815,3
DA:818,3
DA:819,3
DA:820,0
DA:821,0
DA:822,0
DA:826,3
DA:827,3
DA:828,0
DA:829,0
DA:830,0
DA:834,3
DA:837,3
DA:840,3
DA:843,3
DA:844,6
DA:845,6
DA:846,6
DA:847,6
DA:848,6
DA:849,6
DA:850,6
DA:851,6
DA:854,6
DA:855,6
DA:859,3
DA:863,3
DA:868,3
DA:869,3
DA:871,3
DA:872,3
DA:875,3
DA:877,0
DA:878,0
DA:880,3
DA:881,3
DA:886,12
DA:887,156
DA:888,26
DA:892,130
DA:893,130
DA:894,130
DA:895,130
DA:898,130
DA:899,130
DA:900,130
DA:901,130
DA:904,130
DA:905,130
DA:907,130
DA:913,12
DA:914,81
DA:917,12
DA:920,81
DA:921,0
DA:924,81
DA:925,0
DA:927,81
DA:928,81
DA:929,81
DA:932,81
DA:934,81
DA:935,81
DA:936,55
DA:937,55
DA:938,55
DA:941,81
DA:945,46
DA:946,46
DA:947,46
DA:956,46
DA:957,46
DA:958,46
DA:960,0
DA:963,56
DA:965,56
DA:966,56
DA:967,56
DA:968,0
DA:971,56
DA:972,0
DA:973,0
DA:978,12
DA:980,12
DA:981,81
DA:987,81
DA:988,164
DA:991,12
DA:992,81
DA:997,81
DA:998,204
DA:1006,12
DA:1007,0
DA:1015,12
DA:1016,0
DA:1018,0
DA:1024,12
DA:1025,0
DA:1028,12
DA:1071,0
DA:1093,0
DA:1128,0
DA:1140,0
DA:1155,32
DA:1159,0
DA:1186,0
DA:1200,0
DA:1211,0
DA:1245,0
DA:1270,0
DA:1295,0
DA:1317,3
LF:284
LH:172
BRDA:299,0,0,0
BRDA:299,0,1,659
BRDA:312,1,0,254
BRDA:312,1,1,405
BRDA:314,2,0,405
BRDA:314,2,1,0
BRDA:327,3,0,82
BRDA:327,3,1,126
BRDA:327,3,2,0
BRDA:373,4,0,3
BRDA:373,4,1,0
BRDA:413,5,0,0
BRDA:413,5,1,0
BRDA:413,6,0,0
BRDA:413,6,1,0
BRDA:518,7,0,0
BRDA:518,7,1,0
BRDA:518,8,0,0
BRDA:518,8,1,0
BRDA:518,8,2,0
BRDA:518,8,3,0
BRDA:518,8,4,0
BRDA:518,8,5,0
BRDA:518,8,6,0
BRDA:518,8,7,0
BRDA:526,9,0,0
BRDA:526,9,1,0
BRDA:535,10,0,0
BRDA:535,10,1,0
BRDA:535,11,0,0
BRDA:535,11,1,0
BRDA:535,11,2,0
BRDA:535,11,3,0
BRDA:535,11,4,0
BRDA:535,11,5,0
BRDA:535,11,6,0
BRDA:535,11,7,0
BRDA:535,11,8,0
BRDA:535,11,9,0
BRDA:535,11,10,0
BRDA:535,11,11,0
BRDA:543,12,0,0
BRDA:543,12,1,0
BRDA:543,13,0,0
BRDA:543,13,1,0
BRDA:543,13,2,0
BRDA:543,13,3,0
BRDA:543,13,4,0
BRDA:543,13,5,0
BRDA:543,13,6,0
BRDA:543,13,7,0
BRDA:543,13,8,0
BRDA:561,14,0,0
BRDA:561,14,1,0
BRDA:561,15,0,0
BRDA:561,15,1,0
BRDA:569,16,0,0
BRDA:569,16,1,0
BRDA:569,16,2,0
BRDA:574,17,0,0
BRDA:574,17,1,0
BRDA:575,18,0,0
BRDA:575,18,1,0
BRDA:576,19,0,0
BRDA:576,19,1,0
BRDA:577,20,0,0
BRDA:577,20,1,0
BRDA:580,21,0,0
BRDA:580,21,1,0
BRDA:580,22,0,0
BRDA:580,22,1,0
BRDA:583,23,0,0
BRDA:583,23,1,0
BRDA:600,24,0,1
BRDA:600,24,1,1
BRDA:650,25,0,0
BRDA:650,25,1,0
BRDA:705,26,0,0
BRDA:705,26,1,0
BRDA:722,27,0,0
BRDA:722,27,1,0
BRDA:729,28,0,0
BRDA:729,28,1,0
BRDA:773,29,0,0
BRDA:773,29,1,0
BRDA:780,30,0,0
BRDA:780,30,1,2
BRDA:819,31,0,0
BRDA:819,31,1,3
BRDA:827,32,0,0
BRDA:827,32,1,3
BRDA:887,33,0,26
BRDA:887,33,1,130
BRDA:887,34,0,156
BRDA:887,34,1,130
BRDA:920,35,0,0
BRDA:920,35,1,81
BRDA:920,36,0,81
BRDA:920,36,1,81
BRDA:920,36,2,81
BRDA:924,37,0,0
BRDA:924,37,1,81
BRDA:924,38,0,81
BRDA:924,38,1,81
BRDA:924,38,2,0
BRDA:924,38,3,0
BRDA:924,38,4,0
BRDA:927,39,0,81
BRDA:927,39,1,0
BRDA:929,40,0,81
BRDA:929,40,1,0
BRDA:929,40,2,0
BRDA:929,40,3,0
BRDA:929,40,4,0
BRDA:935,41,0,55
BRDA:935,41,1,26
BRDA:935,42,0,81
BRDA:935,42,1,55
BRDA:935,42,2,55
BRDA:941,43,0,81
BRDA:941,43,1,81
BRDA:941,43,2,81
BRDA:941,43,3,81
BRDA:945,44,0,20
BRDA:945,44,1,26
BRDA:946,45,0,0
BRDA:946,45,1,46
BRDA:956,46,0,46
BRDA:956,46,1,0
BRDA:957,47,0,46
BRDA:957,47,1,14
BRDA:957,47,2,0
BRDA:963,48,0,56
BRDA:963,48,1,0
BRDA:965,49,0,56
BRDA:965,49,1,0
BRDA:966,50,0,56
BRDA:966,50,1,0
BRDA:967,51,0,0
BRDA:967,51,1,56
BRDA:972,52,0,0
BRDA:972,52,1,0
BRDA:1032,53,0,12
BRDA:1032,53,1,7
BRDA:1045,54,0,7
BRDA:1045,54,1,0
BRDA:1053,55,0,12
BRDA:1053,55,1,0
BRDA:1067,56,0,12
BRDA:1067,56,1,0
BRDA:1077,57,0,12
BRDA:1077,57,1,0
BRDA:1078,58,0,12
BRDA:1078,58,1,0
BRDA:1089,59,0,0
BRDA:1089,59,1,12
BRDA:1099,60,0,0
BRDA:1099,60,1,12
BRDA:1100,61,0,0
BRDA:1100,61,1,12
BRDA:1109,62,0,12
BRDA:1109,62,1,6
BRDA:1117,63,0,12
BRDA:1117,63,1,4
BRDA:1124,64,0,12
BRDA:1124,64,1,8
BRDA:1128,65,0,8
BRDA:1128,65,1,0
BRDA:1128,66,0,0
BRDA:1128,66,1,0
BRDA:1148,67,0,2
BRDA:1148,67,1,6
BRDA:1168,68,0,12
BRDA:1168,68,1,0
BRDA:1181,69,0,12
BRDA:1181,69,1,0
BRDA:1206,70,0,0
BRDA:1206,70,1,0
BRDA:1217,71,0,0
BRDA:1217,71,1,0
BRDA:1218,72,0,0
BRDA:1218,72,1,0
BRDA:1240,73,0,0
BRDA:1240,73,1,0
BRDA:1251,74,0,0
BRDA:1251,74,1,0
BRDA:1252,75,0,0
BRDA:1252,75,1,0
BRDA:1265,76,0,0
BRDA:1265,76,1,0
BRDA:1276,77,0,0
BRDA:1276,77,1,0
BRDA:1277,78,0,0
BRDA:1277,78,1,0
BRDA:1290,79,0,0
BRDA:1290,79,1,0
BRDA:1301,80,0,0
BRDA:1301,80,1,0
BRDA:1302,81,0,0
BRDA:1302,81,1,0
BRF:200
BRH:65
end_of_record
TN:
SF:screens/LoginScreen.js
FN:12,LoginScreen
FN:26,(anonymous_1)
FN:30,(anonymous_2)
FN:51,(anonymous_3)
FN:64,(anonymous_4)
FN:104,(anonymous_5)
FN:131,(anonymous_6)
FN:157,(anonymous_7)
FN:173,(anonymous_8)
FN:184,(anonymous_9)
FN:190,(anonymous_10)
FN:225,(anonymous_11)
FN:338,(anonymous_12)
FN:420,(anonymous_13)
FNF:14
FNH:13
FNDA:89,LoginScreen
FNDA:29,(anonymous_1)
FNDA:29,(anonymous_2)
FNDA:3,(anonymous_3)
FNDA:5,(anonymous_4)
FNDA:0,(anonymous_5)
FNDA:6,(anonymous_6)
FNDA:2,(anonymous_7)
FNDA:2,(anonymous_8)
FNDA:1,(anonymous_9)
FNDA:1,(anonymous_10)
FNDA:3,(anonymous_11)
FNDA:2,(anonymous_12)
FNDA:4,(anonymous_13)
DA:13,89
DA:14,89
DA:15,89
DA:16,89
DA:17,89
DA:18,89
DA:19,89
DA:20,89
DA:21,89
DA:22,89
DA:23,89
DA:26,89
DA:27,29
DA:30,89
DA:31,29
DA:32,29
DA:33,29
DA:35,29
DA:37,20
DA:40,20
DA:42,3
DA:43,0
DA:44,0
DA:47,3
DA:48,3
DA:51,3
DA:52,3
DA:55,17
DA:56,17
DA:60,0
DA:64,89
DA:65,5
DA:66,3
DA:70,2
DA:71,0
DA:72,0
DA:75,2
DA:76,2
DA:78,2
DA:80,2
DA:82,2
DA:84,1
DA:86,1
DA:87,1
DA:90,0
DA:93,1
DA:97,0
DA:100,2
DA:104,89
DA:105,0
DA:107,0
DA:108,0
DA:110,0
DA:111,0
DA:112,0
DA:116,0
DA:117,0
DA:118,0
DA:119,0
DA:120,0
DA:124,0
DA:126,0
DA:127,0
DA:131,89
DA:132,6
DA:133,1
DA:134,1
DA:137,5
DA:138,5
DA:140,5
DA:141,5
DA:144,5
DA:146,4
DA:148,1
DA:149,1
DA:150,1
DA:153,3
DA:156,3
DA:157,2
DA:158,2
DA:166,1
DA:167,1
DA:169,5
DA:173,89
DA:174,2
DA:184,1
DA:190,89
DA:191,1
DA:193,1
DA:194,1
DA:198,1
DA:201,0
DA:203,0
DA:204,0
DA:205,0
DA:206,0
DA:211,0
DA:217,0
DA:218,0
DA:225,89
DA:226,3
DA:227,3
DA:229,3
DA:230,3
DA:233,3
DA:240,3
DA:242,2
DA:243,1
DA:246,1
DA:247,1
DA:250,1
DA:251,1
DA:253,3
DA:257,89
DA:338,2
DA:420,4
DA:436,3
LF:117
LH:88
BRDA:35,0,0,20
BRDA:35,0,1,9
BRDA:40,1,0,3
BRDA:40,1,1,17
BRDA:40,2,0,20
BRDA:40,2,1,4
BRDA:42,3,0,0
BRDA:42,3,1,3
BRDA:65,4,0,3
BRDA:65,4,1,2
BRDA:65,5,0,5
BRDA:65,5,1,2
BRDA:70,6,0,0
BRDA:70,6,1,2
BRDA:82,7,0,1
BRDA:82,7,1,1
BRDA:82,8,0,2
BRDA:82,8,1,1
BRDA:86,9,0,1
BRDA:86,9,1,0
BRDA:110,10,0,0
BRDA:110,10,1,0
BRDA:117,11,0,0
BRDA:117,11,1,0
BRDA:119,12,0,0
BRDA:119,12,1,0
BRDA:132,13,0,1
BRDA:132,13,1,5
BRDA:132,14,0,6
BRDA:132,14,1,5
BRDA:146,15,0,1
BRDA:146,15,1,3
BRDA:156,16,0,2
BRDA:156,16,1,1
BRDA:156,17,0,3
BRDA:156,17,1,2
BRDA:193,18,0,1
BRDA:193,18,1,0
BRDA:203,19,0,0
BRDA:203,19,1,0
BRDA:242,20,0,1
BRDA:242,20,1,1
BRDA:258,21,0,0
BRDA:258,21,1,89
BRDA:260,22,0,89
BRDA:260,22,1,0
BRDA:273,23,0,0
BRDA:273,23,1,89
BRDA:280,24,0,0
BRDA:280,24,1,89
BRDA:287,25,0,0
BRDA:287,25,1,89
BRDA:288,26,0,0
BRDA:288,26,1,89
BRDA:289,27,0,0
BRDA:289,27,1,89
BRDA:305,28,0,0
BRDA:305,28,1,89
BRDA:306,29,0,0
BRDA:306,29,1,89
BRDA:307,30,0,0
BRDA:307,30,1,89
BRDA:308,31,0,0
BRDA:308,31,1,89
BRDA:326,32,0,0
BRDA:326,32,1,89
BRDA:327,33,0,0
BRDA:327,33,1,89
BRDA:328,34,0,0
BRDA:328,34,1,89
BRDA:329,35,0,0
BRDA:329,35,1,89
BRDA:349,36,0,4
BRDA:349,36,1,85
BRDA:351,37,0,0
BRDA:351,37,1,4
BRDA:373,38,0,89
BRDA:373,38,1,36
BRDA:373,38,2,7
BRDA:373,38,3,7
BRDA:373,38,4,7
BRDA:413,39,0,0
BRDA:413,39,1,89
BRF:83
BRH:54
end_of_record
TN:
SF:screens/RegisterScreen.js
FN:11,RegisterScreen
FN:44,(anonymous_1)
FN:57,(anonymous_2)
FN:63,(anonymous_3)
FN:127,(anonymous_4)
FN:137,(anonymous_5)
FN:145,(anonymous_6)
FN:160,(anonymous_7)
FN:161,(anonymous_8)
FN:167,(anonymous_9)
FN:175,(anonymous_10)
FN:229,(anonymous_11)
FN:298,(anonymous_12)
FN:315,(anonymous_13)
FN:332,(anonymous_14)
FN:351,(anonymous_15)
FN:369,(anonymous_16)
FN:373,(anonymous_17)
FN:388,(anonymous_18)
FN:392,(anonymous_19)
FN:459,(anonymous_20)
FNF:21
FNH:14
FNDA:67,RegisterScreen
FNDA:19,(anonymous_1)
FNDA:0,(anonymous_2)
FNDA:0,(anonymous_3)
FNDA:0,(anonymous_4)
FNDA:0,(anonymous_5)
FNDA:0,(anonymous_6)
FNDA:34,(anonymous_7)
FNDA:34,(anonymous_8)
FNDA:4,(anonymous_9)
FNDA:10,(anonymous_10)
FNDA:10,(anonymous_11)
FNDA:7,(anonymous_12)
FNDA:6,(anonymous_13)
FNDA:6,(anonymous_14)
FNDA:4,(anonymous_15)
FNDA:6,(anonymous_16)
FNDA:0,(anonymous_17)
FNDA:5,(anonymous_18)
FNDA:0,(anonymous_19)
FNDA:3,(anonymous_20)
DA:12,67
DA:13,67
DA:14,67
DA:17,67
DA:26,67
DA:27,67
DA:28,67
DA:29,67
DA:30,67
DA:33,67
DA:34,67
DA:35,67
DA:40,67
DA:41,67
DA:44,67
DA:45,19
DA:46,19
DA:47,7
DA:48,7
DA:56,67
DA:58,0
DA:63,67
DA:64,0
DA:65,0
DA:66,0
DA:67,0
DA:68,0
DA:69,0
DA:72,0
DA:73,0
DA:74,0
DA:75,0
DA:78,0
DA:83,0
DA:86,0
DA:87,0
DA:88,0
DA:89,0
DA:90,0
DA:92,0
DA:93,0
DA:96,0
DA:99,0
DA:101,0
DA:102,0
DA:103,0
DA:104,0
DA:105,0
DA:107,0
DA:108,0
DA:109,0
DA:112,0
DA:113,0
DA:114,0
DA:117,0
DA:118,0
DA:119,0
DA:120,0
DA:122,0
DA:127,67
DA:128,0
DA:130,0
DA:139,0
DA:146,0
DA:147,0
DA:154,0
DA:155,0
DA:160,67
DA:161,34
DA:166,34
DA:167,4
DA:175,67
DA:176,10
DA:179,10
DA:180,7
DA:181,3
DA:182,1
DA:186,10
DA:187,7
DA:188,3
DA:189,1
DA:193,10
DA:194,10
DA:195,7
DA:196,3
DA:197,1
DA:201,10
DA:202,1
DA:206,10
DA:207,6
DA:208,4
DA:209,1
DA:213,10
DA:214,7
DA:215,3
DA:216,1
DA:220,10
DA:221,8
DA:224,10
DA:225,10
DA:229,67
DA:230,10
DA:231,8
DA:234,2
DA:236,2
DA:237,2
DA:246,2
DA:254,1
DA:255,1
DA:256,1
DA:259,1
DA:263,1
DA:264,1
DA:265,1
DA:273,67
DA:298,7
DA:315,6
DA:332,6
DA:351,4
DA:369,6
DA:373,0
DA:388,5
DA:392,0
DA:459,3
DA:487,3
LF:125
LH:78
BRDA:46,0,0,7
BRDA:46,0,1,12
BRDA:46,1,0,19
BRDA:46,1,1,7
BRDA:72,2,0,0
BRDA:72,2,1,0
BRDA:72,3,0,0
BRDA:72,3,1,0
BRDA:72,3,2,0
BRDA:79,4,0,0
BRDA:79,4,1,0
BRDA:89,5,0,0
BRDA:89,5,1,0
BRDA:99,6,0,0
BRDA:99,6,1,0
BRDA:101,7,0,0
BRDA:101,7,1,0
BRDA:128,8,0,0
BRDA:128,8,1,0
BRDA:166,9,0,4
BRDA:166,9,1,30
BRDA:179,10,0,7
BRDA:179,10,1,3
BRDA:181,11,0,1
BRDA:181,11,1,2
BRDA:186,12,0,7
BRDA:186,12,1,3
BRDA:188,13,0,1
BRDA:188,13,1,2
BRDA:194,14,0,7
BRDA:194,14,1,3
BRDA:196,15,0,1
BRDA:196,15,1,2
BRDA:201,16,0,1
BRDA:201,16,1,9
BRDA:201,17,0,10
BRDA:201,17,1,2
BRDA:206,18,0,6
BRDA:206,18,1,4
BRDA:208,19,0,1
BRDA:208,19,1,3
BRDA:213,20,0,7
BRDA:213,20,1,3
BRDA:215,21,0,1
BRDA:215,21,1,2
BRDA:220,22,0,8
BRDA:220,22,1,2
BRDA:230,23,0,8
BRDA:230,23,1,2
BRDA:251,24,0,2
BRDA:251,24,1,0
BRDA:267,25,0,1
BRDA:267,25,1,0
BRDA:276,26,0,67
BRDA:276,26,1,0
BRDA:304,27,0,67
BRDA:304,27,1,8
BRDA:321,28,0,67
BRDA:321,28,1,10
BRDA:340,29,0,67
BRDA:340,29,1,11
BRDA:358,30,0,67
BRDA:358,30,1,1
BRDA:373,31,0,0
BRDA:373,31,1,67
BRDA:377,32,0,67
BRDA:377,32,1,11
BRDA:392,33,0,0
BRDA:392,33,1,67
BRDA:396,34,0,67
BRDA:396,34,1,12
BRDA:403,35,0,67
BRDA:403,35,1,0
BRDA:407,36,0,0
BRDA:407,36,1,0
BRDA:411,37,0,0
BRDA:411,37,1,0
BRDA:421,38,0,0
BRDA:421,38,1,0
BRDA:426,39,0,0
BRDA:426,39,1,0
BRDA:436,40,0,0
BRDA:436,40,1,0
BRDA:442,41,0,0
BRDA:442,41,1,0
BRDA:458,42,0,5
BRDA:458,42,1,62
BRDA:462,43,0,67
BRDA:462,43,1,12
BRDA:478,44,0,0
BRDA:478,44,1,67
BRF:91
BRH:57
end_of_record
TN:
SF:screens/SettingsScreen.js
FN:34,SettingsScreen
FN:71,(anonymous_1)
FN:72,(anonymous_2)
FN:118,(anonymous_3)
FN:121,(anonymous_4)
FN:126,(anonymous_5)
FN:133,(anonymous_6)
FN:155,(anonymous_7)
FN:160,(anonymous_8)
FN:175,(anonymous_9)
FN:189,(anonymous_10)
FN:207,(anonymous_11)
FN:219,(anonymous_12)
FN:275,(anonymous_13)
FN:305,(anonymous_14)
FN:345,(anonymous_15)
FN:362,(anonymous_16)
FN:373,(anonymous_17)
FN:386,(anonymous_18)
FN:403,(anonymous_19)
FN:414,(anonymous_20)
FN:436,(anonymous_21)
FN:465,(anonymous_22)
FN:468,(anonymous_23)
FN:478,(anonymous_24)
FN:504,(anonymous_25)
FN:508,(anonymous_26)
FN:518,(anonymous_27)
FN:522,(anonymous_28)
FN:532,(anonymous_29)
FN:536,(anonymous_30)
FN:546,(anonymous_31)
FN:550,(anonymous_32)
FN:567,(anonymous_33)
FN:568,(anonymous_34)
FN:584,(anonymous_35)
FN:585,(anonymous_36)
FN:609,(anonymous_37)
FN:610,(anonymous_38)
FN:656,(anonymous_39)
FN:657,(anonymous_40)
FN:743,(anonymous_41)
FN:744,(anonymous_42)
FN:748,(anonymous_43)
FN:758,(anonymous_44)
FN:759,(anonymous_45)
FN:763,(anonymous_46)
FN:773,(anonymous_47)
FN:774,(anonymous_48)
FN:778,(anonymous_49)
FN:819,(anonymous_50)
FN:820,(anonymous_51)
FN:827,(anonymous_52)
FN:828,(anonymous_53)
FN:835,(anonymous_54)
FN:836,(anonymous_55)
FNF:56
FNH:31
FNDA:32,SettingsScreen
FNDA:19,(anonymous_1)
FNDA:19,(anonymous_2)
FNDA:19,(anonymous_3)
FNDA:0,(anonymous_4)
FNDA:0,(anonymous_5)
FNDA:0,(anonymous_6)
FNDA:0,(anonymous_7)
FNDA:0,(anonymous_8)
FNDA:0,(anonymous_9)
FNDA:0,(anonymous_10)
FNDA:1,(anonymous_11)
FNDA:0,(anonymous_12)
FNDA:0,(anonymous_13)
FNDA:0,(anonymous_14)
FNDA:0,(anonymous_15)
FNDA:8,(anonymous_16)
FNDA:0,(anonymous_17)
FNDA:0,(anonymous_18)
FNDA:3,(anonymous_19)
FNDA:0,(anonymous_20)
FNDA:0,(anonymous_21)
FNDA:2,(anonymous_22)
FNDA:2,(anonymous_23)
FNDA:0,(anonymous_24)
FNDA:32,(anonymous_25)
FNDA:0,(anonymous_26)
FNDA:32,(anonymous_27)
FNDA:0,(anonymous_28)
FNDA:32,(anonymous_29)
FNDA:0,(anonymous_30)
FNDA:32,(anonymous_31)
FNDA:0,(anonymous_32)
FNDA:32,(anonymous_33)
FNDA:32,(anonymous_34)
FNDA:32,(anonymous_35)
FNDA:32,(anonymous_36)
FNDA:32,(anonymous_37)
FNDA:32,(anonymous_38)
FNDA:0,(anonymous_39)
FNDA:0,(anonymous_40)
FNDA:32,(anonymous_41)
FNDA:32,(anonymous_42)
FNDA:0,(anonymous_43)
FNDA:32,(anonymous_44)
FNDA:32,(anonymous_45)
FNDA:0,(anonymous_46)
FNDA:32,(anonymous_47)
FNDA:32,(anonymous_48)
FNDA:0,(anonymous_49)
FNDA:32,(anonymous_50)
FNDA:32,(anonymous_51)
FNDA:32,(anonymous_52)
FNDA:32,(anonymous_53)
FNDA:32,(anonymous_54)
FNDA:32,(anonymous_55)
DA:29,3
DA:30,3
DA:31,3
DA:32,3
DA:35,32
DA:36,32
DA:37,32
DA:38,32
DA:39,32
DA:42,32
DA:44,32
DA:47,32
DA:55,32
DA:62,32
DA:63,32
DA:66,32
DA:67,32
DA:68,32
DA:71,32
DA:72,19
DA:73,19
DA:75,19
DA:76,13
DA:77,13
DA:81,13
DA:82,13
DA:83,13
DA:87,13
DA:88,13
DA:89,13
DA:93,13
DA:94,13
DA:95,13
DA:99,13
DA:100,13
DA:102,13
DA:103,0
DA:104,0
DA:106,0
DA:107,0
DA:110,6
DA:114,19
DA:118,32
DA:119,19
DA:121,0
DA:122,0
DA:124,0
DA:128,0
DA:135,0
DA:136,0
DA:144,0
DA:145,0
DA:152,0
DA:155,0
DA:160,32
DA:161,0
DA:162,0
DA:163,0
DA:164,0
DA:166,0
DA:167,0
DA:175,32
DA:176,0
DA:177,0
DA:181,0
DA:182,0
DA:183,0
DA:185,0
DA:189,32
DA:190,0
DA:191,0
DA:195,0
DA:196,0
DA:198,0
DA:199,0
DA:207,32
DA:208,1
DA:220,0
DA:222,0
DA:229,0
DA:235,0
DA:236,0
DA:239,0
DA:240,0
DA:241,0
DA:242,0
DA:245,0
DA:255,0
DA:261,0
DA:262,0
DA:275,32
DA:276,0
DA:277,0
DA:282,0
DA:286,0
DA:287,0
DA:292,0
DA:295,0
DA:297,0
DA:306,0
DA:307,0
DA:308,0
DA:309,0
DA:311,0
DA:312,0
DA:320,0
DA:321,0
DA:325,0
DA:326,0
DA:327,0
DA:328,0
DA:333,0
DA:339,0
DA:340,0
DA:345,32
DA:346,0
DA:347,0
DA:348,0
DA:350,0
DA:353,0
DA:354,0
DA:362,32
DA:363,8
DA:374,0
DA:375,0
DA:384,0
DA:386,0
DA:387,0
DA:388,0
DA:390,0
DA:403,32
DA:404,3
DA:415,0
DA:437,0
DA:465,32
DA:466,2
DA:468,2
DA:469,2
DA:470,1
DA:472,1
DA:479,0
DA:487,32
DA:505,32
DA:508,0
DA:519,32
DA:522,0
DA:533,32
DA:536,0
DA:547,32
DA:550,0
DA:567,32
DA:569,32
DA:584,32
DA:586,32
DA:609,32
DA:611,32
DA:656,0
DA:658,0
DA:743,32
DA:745,32
DA:748,0
DA:758,32
DA:760,32
DA:763,0
DA:773,32
DA:775,32
DA:778,0
DA:819,32
DA:820,32
DA:827,32
DA:828,32
DA:835,32
DA:836,32
DA:847,3
LF:174
LH:81
BRDA:76,0,0,13
BRDA:76,0,1,0
BRDA:82,1,0,13
BRDA:82,1,1,0
BRDA:88,2,0,13
BRDA:88,2,1,0
BRDA:94,3,0,13
BRDA:94,3,1,0
BRDA:102,4,0,0
BRDA:102,4,1,13
BRDA:119,5,0,0
BRDA:119,5,1,19
BRDA:122,6,0,0
BRDA:122,6,1,0
BRDA:122,7,0,0
BRDA:122,7,1,0
BRDA:276,8,0,0
BRDA:276,8,1,0
BRDA:286,9,0,0
BRDA:286,9,1,0
BRDA:295,10,0,0
BRDA:295,10,1,0
BRDA:325,11,0,0
BRDA:325,11,1,0
BRDA:347,12,0,0
BRDA:347,12,1,0
BRDA:379,13,0,0
BRDA:379,13,1,0
BRDA:387,14,0,0
BRDA:387,14,1,0
BRDA:469,15,0,1
BRDA:469,15,1,1
BRDA:564,16,0,0
BRDA:564,16,1,32
BRDA:567,17,0,0
BRDA:567,17,1,32
BRDA:581,18,0,0
BRDA:581,18,1,32
BRDA:584,19,0,0
BRDA:584,19,1,32
BRDA:606,20,0,0
BRDA:606,20,1,32
BRDA:609,21,0,0
BRDA:609,21,1,32
BRDA:637,22,0,32
BRDA:637,22,1,0
BRDA:637,22,2,0
BRDA:637,22,3,0
BRDA:645,23,0,0
BRDA:645,23,1,0
BRDA:653,24,0,0
BRDA:653,24,1,0
BRDA:666,25,0,0
BRDA:666,25,1,0
BRDA:672,26,0,0
BRDA:672,26,1,0
BRDA:672,26,2,0
BRDA:694,27,0,0
BRDA:694,27,1,32
BRDA:696,28,0,0
BRDA:696,28,1,32
BRF:61
BRH:17
end_of_record
TN:
SF:services/accessibilityService.js
FN:12,(anonymous_0)
FN:38,(anonymous_1)
FN:40,(anonymous_2)
FN:70,(anonymous_3)
FN:72,(anonymous_4)
FN:78,(anonymous_5)
FN:80,(anonymous_6)
FN:81,(anonymous_7)
FN:97,(anonymous_8)
FN:98,(anonymous_9)
FNF:10
FNH:7
FNDA:0,(anonymous_0)
FNDA:3,(anonymous_1)
FNDA:6,(anonymous_2)
FNDA:0,(anonymous_3)
FNDA:0,(anonymous_4)
FNDA:2,(anonymous_5)
FNDA:8,(anonymous_6)
FNDA:2,(anonymous_7)
FNDA:2,(anonymous_8)
FNDA:6,(anonymous_9)
DA:13,0
DA:14,0
DA:15,0
DA:16,0
DA:18,0
DA:25,0
DA:26,0
DA:40,6
DA:41,3
DA:42,1
DA:46,2
DA:48,2
DA:49,0
DA:52,2
DA:53,1
DA:56,1
DA:57,0
DA:60,1
DA:61,0
DA:64,1
DA:71,0
DA:72,0
DA:79,2
DA:80,8
DA:82,2
DA:83,1
DA:84,0
DA:85,1
DA:86,0
DA:87,0
DA:91,2
DA:98,6
LF:32
LH:17
BRDA:15,0,0,0
BRDA:15,0,1,0
BRDA:41,1,0,1
BRDA:41,1,1,2
BRDA:46,2,0,2
BRDA:46,2,1,0
BRDA:48,3,0,0
BRDA:48,3,1,2
BRDA:48,4,0,2
BRDA:48,4,1,2
BRDA:52,5,0,1
BRDA:52,5,1,1
BRDA:52,6,0,2
BRDA:52,6,1,2
BRDA:56,7,0,0
BRDA:56,7,1,1
BRDA:56,8,0,1
BRDA:56,8,1,1
BRDA:60,9,0,0
BRDA:60,9,1,1
BRDA:60,10,0,1
BRDA:60,10,1,1
BRDA:82,11,0,1
BRDA:82,11,1,0
BRDA:82,11,2,1
BRDA:82,11,3,0
BRDA:82,11,4,0
BRDA:91,12,0,1
BRDA:91,12,1,1
BRF:29
BRH:20
end_of_record
TN:
SF:services/authService.js
FN:35,(anonymous_0)
FN:64,(anonymous_1)
FN:77,(anonymous_2)
FN:294,(anonymous_3)
FN:442,(anonymous_4)
FN:518,(anonymous_5)
FN:559,(anonymous_6)
FN:596,(anonymous_7)
FN:618,(anonymous_8)
FN:621,(anonymous_9)
FN:627,(anonymous_10)
FN:655,(anonymous_11)
FN:702,(anonymous_12)
FN:736,(anonymous_13)
FN:768,(anonymous_14)
FN:818,(anonymous_15)
FN:876,(anonymous_16)
FN:929,(anonymous_17)
FN:964,(anonymous_18)
FN:1005,(anonymous_19)
FN:1034,(anonymous_20)
FN:1068,(anonymous_21)
FN:1100,(anonymous_22)
FN:1129,(anonymous_23)
FNF:24
FNH:22
FNDA:1,(anonymous_0)
FNDA:2,(anonymous_1)
FNDA:4,(anonymous_2)
FNDA:5,(anonymous_3)
FNDA:2,(anonymous_4)
FNDA:2,(anonymous_5)
FNDA:8,(anonymous_6)
FNDA:2,(anonymous_7)
FNDA:1,(anonymous_8)
FNDA:0,(anonymous_9)
FNDA:3,(anonymous_10)
FNDA:2,(anonymous_11)
FNDA:1,(anonymous_12)
FNDA:0,(anonymous_13)
FNDA:2,(anonymous_14)
FNDA:3,(anonymous_15)
FNDA:3,(anonymous_16)
FNDA:4,(anonymous_17)
FNDA:1,(anonymous_18)
FNDA:3,(anonymous_19)
FNDA:1,(anonymous_20)
FNDA:2,(anonymous_21)
FNDA:2,(anonymous_22)
FNDA:2,(anonymous_23)
DA:7,1
DA:35,1
DA:36,1
DA:37,1
DA:38,3
DA:39,3
DA:41,3
DA:42,3
DA:43,3
DA:47,0
DA:52,1
DA:65,2
DA:66,2
DA:67,2
DA:68,1
DA:70,1
DA:78,4
DA:79,4
DA:82,4
DA:83,4
DA:86,4
DA:87,1
DA:88,1
DA:89,1
DA:90,1
DA:91,1
DA:95,3
DA:96,3
DA:99,3
DA:100,3
DA:102,3
DA:103,3
DA:105,3
DA:106,1
DA:111,2
DA:112,2
DA:114,2
DA:115,1
DA:116,1
DA:117,1
DA:120,1
DA:121,0
DA:122,0
DA:123,0
DA:124,0
DA:127,0
DA:128,0
DA:129,0
DA:130,0
DA:133,0
DA:137,1
DA:140,0
DA:144,1
DA:146,1
DA:147,1
DA:148,1
DA:151,1
DA:168,1
DA:169,14
DA:170,14
DA:171,14
DA:173,0
DA:178,1
DA:179,1
DA:180,1
DA:181,0
DA:182,0
DA:184,0
DA:185,0
DA:186,0
DA:187,0
DA:188,0
DA:190,0
DA:193,0
DA:196,1
DA:199,1
DA:201,0
DA:206,2
DA:207,2
DA:208,2
DA:209,2
DA:210,2
DA:211,2
DA:212,2
DA:214,0
DA:219,3
DA:224,3
DA:227,3
DA:238,3
DA:241,3
DA:242,3
DA:243,3
DA:244,3
DA:247,3
DA:248,3
DA:249,3
DA:250,3
DA:251,3
DA:254,3
DA:255,2
DA:261,2
DA:262,2
DA:263,2
DA:267,3
DA:268,1
DA:269,1
DA:270,1
DA:271,1
DA:275,2
DA:276,2
DA:277,2
DA:278,2
DA:279,2
DA:282,3
DA:283,3
DA:284,3
DA:287,1
DA:295,5
DA:296,5
DA:299,5
DA:300,1
DA:303,1
DA:304,1
DA:307,1
DA:308,0
DA:309,0
DA:312,1
DA:313,0
DA:316,0
DA:329,0
DA:330,0
DA:332,0
DA:337,5
DA:338,5
DA:340,5
DA:341,2
DA:342,2
DA:345,2
DA:346,2
DA:347,0
DA:348,0
DA:349,0
DA:350,0
DA:353,2
DA:354,2
DA:357,2
DA:366,2
DA:367,2
DA:368,2
DA:371,2
DA:372,2
DA:374,2
DA:380,3
DA:381,3
DA:383,3
DA:385,3
DA:386,1
DA:389,1
DA:392,1
DA:393,1
DA:394,1
DA:397,1
DA:401,2
DA:402,2
DA:403,2
DA:405,2
DA:408,2
DA:409,2
DA:410,0
DA:411,0
DA:412,0
DA:413,0
DA:416,2
DA:417,0
DA:420,0
DA:421,0
DA:422,0
DA:423,0
DA:426,0
DA:429,2
DA:430,2
DA:435,2
DA:443,2
DA:444,2
DA:447,2
DA:448,1
DA:450,1
DA:453,1
DA:461,1
DA:462,4
DA:463,4
DA:464,4
DA:466,0
DA:471,1
DA:472,0
DA:479,0
DA:480,0
DA:481,0
DA:482,0
DA:484,0
DA:490,1
DA:497,1
DA:498,4
DA:499,4
DA:500,4
DA:502,0
DA:506,1
DA:507,1
DA:509,1
DA:511,1
DA:519,2
DA:521,2
DA:522,2
DA:523,0
DA:524,0
DA:525,0
DA:526,0
DA:531,2
DA:532,2
DA:535,2
DA:536,1
DA:537,1
DA:539,1
DA:540,1
DA:541,1
DA:544,0
DA:548,1
DA:549,1
DA:551,0
DA:552,0
DA:560,8
DA:562,8
DA:563,8
DA:564,0
DA:565,0
DA:566,0
DA:567,0
DA:572,8
DA:573,8
DA:574,1
DA:575,1
DA:576,1
DA:577,1
DA:578,1
DA:579,1
DA:582,0
DA:586,7
DA:588,0
DA:589,0
DA:597,2
DA:599,2
DA:600,2
DA:601,2
DA:602,2
DA:603,2
DA:605,0
DA:608,0
DA:610,0
DA:611,0
DA:621,1
DA:628,3
DA:629,0
DA:632,3
DA:634,1
DA:636,0
DA:638,0
DA:640,1
DA:642,0
DA:644,0
DA:646,0
DA:648,1
DA:656,2
DA:657,2
DA:660,2
DA:661,2
DA:663,2
DA:664,1
DA:665,1
DA:669,1
DA:670,1
DA:672,1
DA:673,0
DA:674,0
DA:678,1
DA:679,1
DA:680,0
DA:681,0
DA:682,0
DA:683,0
DA:684,0
DA:687,0
DA:691,1
DA:692,1
DA:694,0
DA:695,0
DA:703,1
DA:704,1
DA:707,1
DA:708,1
DA:711,1
DA:718,1
DA:720,1
DA:721,1
DA:726,1
DA:728,0
DA:729,0
DA:737,0
DA:738,0
DA:740,0
DA:741,0
DA:743,0
DA:744,0
DA:745,0
DA:748,0
DA:751,0
DA:752,0
DA:753,0
DA:754,0
DA:757,0
DA:758,0
DA:760,0
DA:761,0
DA:769,2
DA:770,2
DA:773,2
DA:774,2
DA:775,1
DA:779,1
DA:780,1
DA:782,1
DA:784,1
DA:785,1
DA:786,1
DA:787,1
DA:790,0
DA:791,0
DA:792,0
DA:793,0
DA:794,0
DA:795,0
DA:797,0
DA:800,0
DA:805,1
DA:807,1
DA:808,1
DA:810,1
DA:811,1
DA:819,3
DA:820,3
DA:823,3
DA:824,3
DA:825,1
DA:828,2
DA:831,2
DA:832,2
DA:834,2
DA:836,2
DA:837,1
DA:838,1
DA:840,1
DA:841,1
DA:844,2
DA:845,1
DA:849,1
DA:850,1
DA:852,1
DA:854,1
DA:855,1
DA:856,1
DA:857,1
DA:860,0
DA:861,0
DA:864,1
DA:865,1
DA:867,2
DA:868,2
DA:877,3
DA:879,3
DA:880,3
DA:882,3
DA:883,1
DA:884,1
DA:888,2
DA:891,2
DA:892,2
DA:894,2
DA:896,2
DA:908,2
DA:910,2
DA:921,0
DA:922,0
DA:930,4
DA:931,4
DA:932,4
DA:934,4
DA:935,2
DA:939,2
DA:947,2
DA:948,2
DA:950,0
DA:951,0
DA:965,1
DA:967,1
DA:968,1
DA:972,0
DA:973,0
DA:975,0
DA:976,0
DA:980,0
DA:988,0
DA:989,0
DA:991,0
DA:992,0
DA:1006,3
DA:1007,3
DA:1010,3
DA:1011,3
DA:1012,3
DA:1014,3
DA:1025,3
DA:1027,0
DA:1035,1
DA:1037,1
DA:1038,1
DA:1041,0
DA:1044,0
DA:1045,0
DA:1046,0
DA:1048,0
DA:1059,0
DA:1061,0
DA:1069,2
DA:1071,2
DA:1072,2
DA:1074,2
DA:1075,0
DA:1076,0
DA:1079,2
DA:1080,2
DA:1081,2
DA:1083,2
DA:1084,2
DA:1087,2
DA:1089,2
DA:1090,2
DA:1092,0
DA:1093,0
DA:1101,2
DA:1103,2
DA:1104,2
DA:1106,2
DA:1107,2
DA:1108,2
DA:1111,0
DA:1112,0
DA:1114,0
DA:1115,0
DA:1119,0
DA:1121,0
DA:1122,0
DA:1130,2
DA:1131,2
DA:1134,2
DA:1135,2
DA:1138,1
DA:1141,1
DA:1149,1
DA:1151,1
DA:1152,1
DA:1154,1
DA:1155,1
LF:471
LH:325
BRDA:41,0,0,3
BRDA:41,0,1,0
BRDA:86,1,0,1
BRDA:86,1,1,3
BRDA:102,2,0,1
BRDA:102,2,1,2
BRDA:103,3,0,1
BRDA:103,3,1,2
BRDA:105,4,0,1
BRDA:105,4,1,2
BRDA:105,5,0,3
BRDA:105,5,1,2
BRDA:114,6,0,1
BRDA:114,6,1,1
BRDA:120,7,0,0
BRDA:120,7,1,1
BRDA:120,8,0,1
BRDA:120,8,1,1
BRDA:120,8,2,1
BRDA:127,9,0,0
BRDA:127,9,1,0
BRDA:127,10,0,0
BRDA:127,10,1,0
BRDA:129,11,0,0
BRDA:129,11,1,0
BRDA:129,12,0,0
BRDA:129,12,1,0
BRDA:184,13,0,0
BRDA:184,13,1,0
BRDA:231,14,0,3
BRDA:231,14,1,3
BRDA:254,15,0,2
BRDA:254,15,1,1
BRDA:267,16,0,1
BRDA:267,16,1,2
BRDA:299,17,0,1
BRDA:299,17,1,4
BRDA:307,18,0,0
BRDA:307,18,1,1
BRDA:307,19,0,1
BRDA:307,19,1,0
BRDA:312,20,0,0
BRDA:312,20,1,1
BRDA:340,21,0,2
BRDA:340,21,1,3
BRDA:346,22,0,0
BRDA:346,22,1,2
BRDA:346,23,0,2
BRDA:346,23,1,2
BRDA:353,24,0,2
BRDA:353,24,1,0
BRDA:360,25,0,2
BRDA:360,25,1,2
BRDA:385,26,0,1
BRDA:385,26,1,2
BRDA:385,27,0,3
BRDA:385,27,1,2
BRDA:392,28,0,1
BRDA:392,28,1,0
BRDA:409,29,0,0
BRDA:409,29,1,2
BRDA:409,30,0,2
BRDA:409,30,1,0
BRDA:416,31,0,0
BRDA:416,31,1,2
BRDA:416,32,0,2
BRDA:416,32,1,0
BRDA:421,33,0,0
BRDA:421,33,1,0
BRDA:471,34,0,0
BRDA:471,34,1,1
BRDA:471,35,0,1
BRDA:471,35,1,0
BRDA:522,36,0,0
BRDA:522,36,1,2
BRDA:522,37,0,2
BRDA:522,37,1,0
BRDA:522,37,2,0
BRDA:524,38,0,0
BRDA:524,38,1,0
BRDA:535,39,0,1
BRDA:535,39,1,1
BRDA:535,40,0,2
BRDA:535,40,1,1
BRDA:539,41,0,1
BRDA:539,41,1,0
BRDA:539,42,0,1
BRDA:539,42,1,1
BRDA:539,42,2,1
BRDA:563,43,0,0
BRDA:563,43,1,8
BRDA:563,44,0,8
BRDA:563,44,1,0
BRDA:563,44,2,0
BRDA:565,45,0,0
BRDA:565,45,1,0
BRDA:565,46,0,0
BRDA:565,46,1,0
BRDA:565,46,2,0
BRDA:573,47,0,1
BRDA:573,47,1,7
BRDA:575,48,0,1
BRDA:575,48,1,0
BRDA:578,49,0,1
BRDA:578,49,1,0
BRDA:578,50,0,1
BRDA:578,50,1,1
BRDA:578,50,2,1
BRDA:600,51,0,2
BRDA:600,51,1,0
BRDA:603,52,0,2
BRDA:603,52,1,2
BRDA:628,53,0,0
BRDA:628,53,1,3
BRDA:632,54,0,1
BRDA:632,54,1,0
BRDA:632,54,2,0
BRDA:632,54,3,1
BRDA:632,54,4,0
BRDA:632,54,5,0
BRDA:632,54,6,0
BRDA:632,54,7,1
BRDA:663,55,0,1
BRDA:663,55,1,1
BRDA:672,56,0,0
BRDA:672,56,1,1
BRDA:679,57,0,0
BRDA:679,57,1,1
BRDA:682,58,0,0
BRDA:682,58,1,0
BRDA:743,59,0,0
BRDA:743,59,1,0
BRDA:751,60,0,0
BRDA:751,60,1,0
BRDA:774,61,0,1
BRDA:774,61,1,1
BRDA:782,62,0,1
BRDA:782,62,1,0
BRDA:791,63,0,0
BRDA:791,63,1,0
BRDA:793,64,0,0
BRDA:793,64,1,0
BRDA:824,65,0,1
BRDA:824,65,1,2
BRDA:844,66,0,1
BRDA:844,66,1,1
BRDA:852,67,0,1
BRDA:852,67,1,0
BRDA:880,68,0,2
BRDA:880,68,1,1
BRDA:882,69,0,1
BRDA:882,69,1,2
BRDA:894,70,0,2
BRDA:894,70,1,2
BRDA:904,71,0,1
BRDA:904,71,1,1
BRDA:918,72,0,1
BRDA:918,72,1,1
BRDA:934,73,0,2
BRDA:934,73,1,2
BRDA:967,74,0,1
BRDA:967,74,1,0
BRDA:975,75,0,0
BRDA:975,75,1,0
BRDA:1016,76,0,3
BRDA:1016,76,1,0
BRDA:1037,77,0,1
BRDA:1037,77,1,0
BRDA:1050,78,0,0
BRDA:1050,78,1,0
BRDA:1072,79,0,2
BRDA:1072,79,1,0
BRDA:1074,80,0,0
BRDA:1074,80,1,2
BRDA:1104,81,0,0
BRDA:1104,81,1,2
BRDA:1106,82,0,2
BRDA:1106,82,1,0
BRDA:1114,83,0,0
BRDA:1114,83,1,0
BRF:180
BRH:104
end_of_record
TN:
SF:services/biometricService.js
FN:14,(anonymous_0)
FN:31,(anonymous_1)
FN:35,(anonymous_2)
FN:59,(anonymous_3)
FN:90,(anonymous_4)
FN:128,(anonymous_5)
FN:160,(anonymous_6)
FN:198,(anonymous_7)
FN:202,(anonymous_8)
FN:221,(anonymous_9)
FN:234,(anonymous_10)
FN:248,(anonymous_11)
FN:280,(anonymous_12)
FN:346,(anonymous_13)
FN:392,(anonymous_14)
FN:437,(anonymous_15)
FNF:16
FNH:4
FNDA:4,(anonymous_0)
FNDA:2,(anonymous_1)
FNDA:2,(anonymous_2)
FNDA:0,(anonymous_3)
FNDA:0,(anonymous_4)
FNDA:0,(anonymous_5)
FNDA:0,(anonymous_6)
FNDA:0,(anonymous_7)
FNDA:0,(anonymous_8)
FNDA:0,(anonymous_9)
FNDA:0,(anonymous_10)
FNDA:0,(anonymous_11)
FNDA:0,(anonymous_12)
FNDA:0,(anonymous_13)
FNDA:0,(anonymous_14)
FNDA:7,(anonymous_15)
DA:15,4
DA:16,4
DA:17,3
DA:19,3
DA:21,3
DA:23,1
DA:24,1
DA:32,2
DA:33,2
DA:35,1
DA:36,2
DA:38,1
DA:40,1
DA:42,0
DA:44,0
DA:48,1
DA:49,1
DA:51,1
DA:52,1
DA:60,0
DA:61,0
DA:63,0
DA:70,0
DA:72,0
DA:78,0
DA:79,0
DA:91,0
DA:93,0
DA:94,0
DA:95,0
DA:98,0
DA:105,0
DA:108,0
DA:109,0
DA:110,0
DA:112,0
DA:113,0
DA:116,0
DA:118,0
DA:120,0
DA:121,0
DA:129,0
DA:131,0
DA:133,0
DA:134,0
DA:135,0
DA:139,0
DA:140,0
DA:141,0
DA:144,0
DA:145,0
DA:146,0
DA:147,0
DA:149,0
DA:151,0
DA:154,0
DA:158,0
DA:159,0
DA:160,0
DA:162,0
DA:163,0
DA:164,0
DA:165,0
DA:166,0
DA:167,0
DA:168,0
DA:170,0
DA:171,0
DA:175,0
DA:179,0
DA:180,0
DA:186,0
DA:187,0
DA:199,0
DA:201,0
DA:202,0
DA:204,0
DA:205,0
DA:206,0
DA:207,0
DA:211,0
DA:213,0
DA:214,0
DA:222,0
DA:223,0
DA:224,0
DA:226,0
DA:227,0
DA:235,0
DA:236,0
DA:237,0
DA:238,0
DA:240,0
DA:241,0
DA:249,0
DA:251,0
DA:252,0
DA:254,0
DA:255,0
DA:256,0
DA:260,0
DA:264,0
DA:265,0
DA:266,0
DA:268,0
DA:269,0
DA:272,0
DA:273,0
DA:281,0
DA:282,0
DA:285,0
DA:286,0
DA:287,0
DA:291,0
DA:292,0
DA:293,0
DA:294,0
DA:298,0
DA:299,0
DA:301,0
DA:302,0
DA:305,0
DA:306,0
DA:307,0
DA:310,0
DA:311,0
DA:319,0
DA:320,0
DA:321,0
DA:322,0
DA:323,0
DA:324,0
DA:325,0
DA:326,0
DA:335,0
DA:336,0
DA:338,0
DA:339,0
DA:347,0
DA:348,0
DA:351,0
DA:352,0
DA:353,0
DA:354,0
DA:355,0
DA:356,0
DA:358,0
DA:359,0
DA:364,0
DA:366,0
DA:367,0
DA:371,0
DA:373,0
DA:374,0
DA:377,0
DA:378,0
DA:384,0
DA:385,0
DA:393,0
DA:394,0
DA:397,0
DA:398,0
DA:399,0
DA:403,0
DA:404,0
DA:405,0
DA:406,0
DA:410,0
DA:414,0
DA:415,0
DA:416,0
DA:420,0
DA:421,0
DA:422,0
DA:423,0
DA:426,0
DA:427,0
DA:429,0
DA:430,0
DA:438,7
DA:440,0
DA:442,0
DA:444,0
DA:446,0
DA:448,0
DA:450,0
DA:452,0
DA:454,0
DA:456,0
DA:458,7
LF:190
LH:19
BRDA:21,0,0,3
BRDA:21,0,1,2
BRDA:36,1,0,1
BRDA:36,1,1,1
BRDA:36,1,2,0
BRDA:36,1,3,0
BRDA:59,2,0,0
BRDA:93,3,0,0
BRDA:93,3,1,0
BRDA:108,4,0,0
BRDA:108,4,1,0
BRDA:133,5,0,0
BRDA:133,5,1,0
BRDA:133,6,0,0
BRDA:133,6,1,0
BRDA:140,7,0,0
BRDA:140,7,1,0
BRDA:145,8,0,0
BRDA:145,8,1,0
BRDA:145,9,0,0
BRDA:145,9,1,0
BRDA:165,10,0,0
BRDA:165,10,1,0
BRDA:167,11,0,0
BRDA:167,11,1,0
BRDA:167,12,0,0
BRDA:167,12,1,0
BRDA:167,12,2,0
BRDA:204,13,0,0
BRDA:204,13,1,0
BRDA:206,14,0,0
BRDA:206,14,1,0
BRDA:224,15,0,0
BRDA:224,15,1,0
BRDA:254,16,0,0
BRDA:254,16,1,0
BRDA:254,17,0,0
BRDA:254,17,1,0
BRDA:264,18,0,0
BRDA:264,18,1,0
BRDA:285,19,0,0
BRDA:285,19,1,0
BRDA:292,20,0,0
BRDA:292,20,1,0
BRDA:301,21,0,0
BRDA:301,21,1,0
BRDA:306,22,0,0
BRDA:306,22,1,0
BRDA:320,23,0,0
BRDA:320,23,1,0
BRDA:322,24,0,0
BRDA:322,24,1,0
BRDA:324,25,0,0
BRDA:324,25,1,0
BRDA:346,26,0,0
BRDA:352,27,0,0
BRDA:352,27,1,0
BRDA:354,28,0,0
BRDA:354,28,1,0
BRDA:354,29,0,0
BRDA:354,29,1,0
BRDA:354,29,2,0
BRDA:366,30,0,0
BRDA:366,30,1,0
BRDA:373,31,0,0
BRDA:373,31,1,0
BRDA:397,32,0,0
BRDA:397,32,1,0
BRDA:404,33,0,0
BRDA:404,33,1,0
BRDA:414,34,0,0
BRDA:414,34,1,0
BRDA:421,35,0,0
BRDA:421,35,1,0
BRDA:438,36,0,0
BRDA:438,36,1,0
BRDA:438,36,2,0
BRDA:438,36,3,0
BRDA:438,36,4,0
BRDA:438,36,5,0
BRDA:438,36,6,0
BRDA:438,36,7,0
BRDA:438,36,8,0
BRDA:438,36,9,7
BRF:84
BRH:5
end_of_record
TN:
SF:services/cryptoService.js
FN:11,(anonymous_0)
FN:18,(anonymous_1)
FN:34,(anonymous_2)
FN:57,(anonymous_3)
FN:75,(anonymous_4)
FN:94,(anonymous_5)
FN:100,(anonymous_6)
FN:149,(anonymous_7)
FNF:8
FNH:1
FNDA:0,(anonymous_0)
FNDA:0,(anonymous_1)
FNDA:0,(anonymous_2)
FNDA:0,(anonymous_3)
FNDA:0,(anonymous_4)
FNDA:0,(anonymous_5)
FNDA:0,(anonymous_6)
FNDA:6,(anonymous_7)
DA:12,0
DA:19,0
DA:20,0
DA:22,0
DA:23,0
DA:24,0
DA:26,0
DA:27,0
DA:35,0
DA:36,0
DA:38,0
DA:39,0
DA:41,0
DA:42,0
DA:43,0
DA:46,0
DA:47,0
DA:49,0
DA:50,0
DA:58,0
DA:59,0
DA:60,0
DA:61,0
DA:62,0
DA:63,0
DA:65,0
DA:67,0
DA:68,0
DA:76,0
DA:77,0
DA:78,0
DA:79,0
DA:80,0
DA:81,0
DA:83,0
DA:85,0
DA:86,0
DA:95,0
DA:96,0
DA:99,0
DA:100,0
DA:102,0
DA:103,0
DA:104,0
DA:105,0
DA:106,0
DA:107,0
DA:109,0
DA:110,0
DA:111,0
DA:112,0
DA:116,0
DA:117,0
DA:119,0
DA:120,0
DA:121,0
DA:122,0
DA:125,0
DA:132,0
DA:133,0
DA:134,0
DA:135,0
DA:136,0
DA:137,0
DA:140,0
DA:142,0
DA:150,6
LF:67
LH:1
BRDA:12,0,0,0
BRDA:12,0,1,0
BRDA:20,1,0,0
BRDA:20,1,1,0
BRDA:36,2,0,0
BRDA:36,2,1,0
BRDA:41,3,0,0
BRDA:41,3,1,0
BRDA:60,4,0,0
BRDA:60,4,1,0
BRDA:78,5,0,0
BRDA:78,5,1,0
BRDA:104,6,0,0
BRDA:104,6,1,0
BRDA:107,7,0,0
BRDA:107,7,1,0
BRDA:107,8,0,0
BRDA:107,8,1,0
BRDA:116,9,0,0
BRDA:116,9,1,0
BRDA:119,10,0,0
BRDA:119,10,1,0
BRDA:119,11,0,0
BRDA:119,11,1,0
BRDA:133,12,0,0
BRDA:133,12,1,0
BRDA:133,13,0,0
BRDA:133,13,1,0
BRDA:150,14,0,6
BRDA:150,14,1,3
BRF:30
BRH:2
end_of_record
TN:
SF:services/firebaseService.js
FN:44,(anonymous_0)
FN:49,(anonymous_1)
FN:62,(anonymous_2)
FN:68,(anonymous_3)
FN:81,(anonymous_4)
FN:87,(anonymous_5)
FN:100,(anonymous_6)
FN:122,(anonymous_7)
FN:148,(anonymous_8)
FN:164,(anonymous_9)
FN:177,(anonymous_10)
FN:184,(anonymous_11)
FN:189,(anonymous_12)
FN:202,(anonymous_13)
FN:316,(anonymous_14)
FN:335,(anonymous_15)
FN:375,(anonymous_16)
FN:381,(anonymous_17)
FN:394,(anonymous_18)
FN:421,(anonymous_19)
FN:431,(anonymous_20)
FN:444,(anonymous_21)
FN:461,(anonymous_22)
FN:472,(anonymous_23)
FN:486,(anonymous_24)
FN:544,(anonymous_25)
FN:546,(anonymous_26)
FNF:27
FNH:22
FNDA:2,(anonymous_0)
FNDA:2,(anonymous_1)
FNDA:1,(anonymous_2)
FNDA:1,(anonymous_3)
FNDA:1,(anonymous_4)
FNDA:1,(anonymous_5)
FNDA:2,(anonymous_6)
FNDA:2,(anonymous_7)
FNDA:1,(anonymous_8)
FNDA:1,(anonymous_9)
FNDA:2,(anonymous_10)
FNDA:3,(anonymous_11)
FNDA:3,(anonymous_12)
FNDA:0,(anonymous_13)
FNDA:0,(anonymous_14)
FNDA:1,(anonymous_15)
FNDA:1,(anonymous_16)
FNDA:2,(anonymous_17)
FNDA:1,(anonymous_18)
FNDA:1,(anonymous_19)
FNDA:0,(anonymous_20)
FNDA:1,(anonymous_21)
FNDA:0,(anonymous_22)
FNDA:0,(anonymous_23)
FNDA:3,(anonymous_24)
FNDA:1,(anonymous_25)
FNDA:2,(anonymous_26)
DA:10,1
DA:22,1
DA:23,1
DA:25,0
DA:29,1
DA:30,1
DA:33,1
DA:34,1
DA:45,2
DA:46,2
DA:47,2
DA:49,2
DA:54,1
DA:55,1
DA:63,1
DA:64,1
DA:65,1
DA:66,1
DA:68,1
DA:73,0
DA:74,0
DA:82,1
DA:83,1
DA:84,1
DA:85,1
DA:87,1
DA:92,0
DA:93,0
DA:101,2
DA:102,2
DA:103,2
DA:105,2
DA:106,1
DA:111,1
DA:114,1
DA:115,1
DA:123,2
DA:124,2
DA:125,2
DA:133,2
DA:134,1
DA:135,1
DA:138,2
DA:140,0
DA:141,0
DA:149,1
DA:150,1
DA:151,1
DA:156,0
DA:157,0
DA:165,1
DA:166,1
DA:167,1
DA:169,0
DA:170,0
DA:178,2
DA:179,2
DA:180,2
DA:184,3
DA:189,2
DA:190,3
DA:194,0
DA:195,0
DA:203,0
DA:204,0
DA:316,0
DA:317,0
DA:319,0
DA:321,0
DA:322,0
DA:336,1
DA:338,1
DA:341,1
DA:342,0
DA:343,0
DA:344,1
DA:345,1
DA:346,1
DA:347,1
DA:350,1
DA:351,1
DA:360,1
DA:361,1
DA:362,1
DA:365,1
DA:367,0
DA:368,0
DA:376,1
DA:377,1
DA:378,1
DA:379,1
DA:381,2
DA:386,0
DA:387,0
DA:395,1
DA:396,1
DA:399,1
DA:402,1
DA:403,1
DA:404,1
DA:407,1
DA:411,1
DA:412,1
DA:413,1
DA:415,0
DA:416,0
DA:419,1
DA:421,1
DA:431,1
DA:433,1
DA:434,1
DA:436,0
DA:437,0
DA:445,1
DA:446,1
DA:448,1
DA:449,1
DA:451,1
DA:453,0
DA:454,0
DA:462,0
DA:463,0
DA:465,0
DA:466,0
DA:467,0
DA:469,0
DA:472,0
DA:473,0
DA:475,0
DA:476,0
DA:478,0
DA:479,0
DA:487,3
DA:488,3
DA:492,3
DA:493,0
DA:494,0
DA:498,3
DA:499,0
DA:502,3
DA:504,3
DA:505,3
DA:506,0
DA:508,3
DA:509,3
DA:512,3
DA:513,3
DA:514,3
DA:515,3
DA:518,3
DA:519,3
DA:520,3
DA:523,3
DA:524,3
DA:526,3
DA:528,0
DA:529,0
DA:532,0
DA:533,0
DA:534,0
DA:537,0
DA:545,1
DA:546,2
DA:547,1
DA:549,1
DA:551,0
DA:552,0
LF:167
LH:111
BRDA:11,0,0,1
BRDA:11,0,1,1
BRDA:12,1,0,1
BRDA:12,1,1,1
BRDA:13,2,0,1
BRDA:13,2,1,1
BRDA:14,3,0,1
BRDA:14,3,1,1
BRDA:15,4,0,1
BRDA:15,4,1,1
BRDA:16,5,0,1
BRDA:16,5,1,1
BRDA:17,6,0,1
BRDA:17,6,1,1
BRDA:22,7,0,1
BRDA:22,7,1,0
BRDA:81,8,0,0
BRDA:105,9,0,1
BRDA:105,9,1,1
BRDA:122,10,0,1
BRDA:129,11,0,2
BRDA:129,11,1,1
BRDA:133,12,0,1
BRDA:133,12,1,1
BRDA:133,13,0,2
BRDA:133,13,1,1
BRDA:190,14,0,3
BRDA:190,14,1,2
BRDA:335,15,0,0
BRDA:341,16,0,0
BRDA:341,16,1,1
BRDA:344,17,0,1
BRDA:344,17,1,0
BRDA:344,18,0,1
BRDA:344,18,1,1
BRDA:346,19,0,1
BRDA:346,19,1,0
BRDA:355,20,0,1
BRDA:355,20,1,0
BRDA:356,21,0,1
BRDA:356,21,1,0
BRDA:360,22,0,1
BRDA:360,22,1,0
BRDA:360,23,0,1
BRDA:360,23,1,1
BRDA:394,24,0,0
BRDA:394,25,0,1
BRDA:402,26,0,1
BRDA:402,26,1,0
BRDA:402,27,0,1
BRDA:402,27,1,1
BRDA:404,28,0,1
BRDA:404,28,1,0
BRDA:411,29,0,1
BRDA:411,29,1,0
BRDA:425,30,0,1
BRDA:425,30,1,0
BRDA:426,31,0,1
BRDA:426,31,1,0
BRDA:427,32,0,1
BRDA:427,32,1,1
BRDA:486,33,0,1
BRDA:492,34,0,0
BRDA:492,34,1,3
BRDA:492,35,0,3
BRDA:492,35,1,0
BRDA:498,36,0,0
BRDA:498,36,1,3
BRDA:505,37,0,0
BRDA:505,37,1,3
BRDA:532,38,0,0
BRDA:532,38,1,0
BRDA:532,39,0,0
BRDA:532,39,1,0
BRDA:544,40,0,1
BRF:75
BRH:52
end_of_record
TN:
SF:services/notificationService.js
FN:13,(anonymous_0)
FN:25,(anonymous_1)
FN:85,(anonymous_2)
FN:98,(anonymous_3)
FN:119,(anonymous_4)
FN:150,(anonymous_5)
FN:171,(anonymous_6)
FN:193,(anonymous_7)
FN:216,(anonymous_8)
FN:240,(anonymous_9)
FN:270,(anonymous_10)
FN:282,(anonymous_11)
FN:294,(anonymous_12)
FN:296,(anonymous_13)
FN:301,(anonymous_14)
FN:324,(anonymous_15)
FNF:16
FNH:5
FNDA:0,(anonymous_0)
FNDA:0,(anonymous_1)
FNDA:3,(anonymous_2)
FNDA:5,(anonymous_3)
FNDA:1,(anonymous_4)
FNDA:1,(anonymous_5)
FNDA:1,(anonymous_6)
FNDA:0,(anonymous_7)
FNDA:0,(anonymous_8)
FNDA:0,(anonymous_9)
FNDA:0,(anonymous_10)
FNDA:0,(anonymous_11)
FNDA:0,(anonymous_12)
FNDA:0,(anonymous_13)
FNDA:0,(anonymous_14)
FNDA:0,(anonymous_15)
DA:12,1
DA:13,0
DA:26,0
DA:27,0
DA:30,0
DA:31,0
DA:32,0
DA:36,0
DA:37,0
DA:39,0
DA:40,0
DA:41,0
DA:44,0
DA:45,0
DA:46,0
DA:50,0
DA:51,0
DA:55,0
DA:58,0
DA:60,0
DA:65,0
DA:66,0
DA:74,0
DA:75,0
DA:77,0
DA:78,0
DA:86,3
DA:87,3
DA:88,2
DA:90,1
DA:91,1
DA:99,5
DA:100,5
DA:101,0
DA:107,5
DA:108,5
DA:120,1
DA:121,1
DA:124,1
DA:125,1
DA:126,1
DA:129,0
DA:139,0
DA:140,0
DA:142,0
DA:143,0
DA:151,1
DA:153,1
DA:154,1
DA:157,0
DA:172,1
DA:174,1
DA:175,1
DA:178,0
DA:179,0
DA:194,0
DA:196,0
DA:197,0
DA:200,0
DA:202,0
DA:217,0
DA:219,0
DA:220,0
DA:223,0
DA:225,0
DA:241,0
DA:242,0
DA:245,0
DA:246,0
DA:249,0
DA:259,0
DA:260,0
DA:262,0
DA:263,0
DA:271,0
DA:272,0
DA:273,0
DA:275,0
DA:283,0
DA:284,0
DA:286,0
DA:287,0
DA:296,0
DA:297,0
DA:301,0
DA:302,0
DA:304,0
DA:307,0
DA:310,0
DA:311,0
DA:313,0
DA:314,0
DA:317,0
DA:319,0
DA:324,0
DA:325,0
DA:326,0
LF:97
LH:21
BRDA:30,0,0,0
BRDA:30,0,1,0
BRDA:39,1,0,0
BRDA:39,1,1,0
BRDA:44,2,0,0
BRDA:44,2,1,0
BRDA:65,3,0,0
BRDA:65,3,1,0
BRDA:101,4,0,0
BRDA:101,4,1,0
BRDA:119,5,0,1
BRDA:124,6,0,1
BRDA:124,6,1,0
BRDA:124,7,0,1
BRDA:124,7,1,1
BRDA:124,7,2,1
BRDA:153,8,0,1
BRDA:153,8,1,0
BRDA:174,9,0,1
BRDA:174,9,1,0
BRDA:193,10,0,0
BRDA:196,11,0,0
BRDA:196,11,1,0
BRDA:200,12,0,0
BRDA:200,12,1,0
BRDA:219,13,0,0
BRDA:219,13,1,0
BRDA:223,14,0,0
BRDA:223,14,1,0
BRDA:240,15,0,0
BRDA:245,16,0,0
BRDA:245,16,1,0
BRDA:245,17,0,0
BRDA:245,17,1,0
BRDA:245,17,2,0
BRDA:307,18,0,0
BRDA:307,18,1,0
BRDA:307,18,2,0
BRDA:307,18,3,0
BRDA:307,18,4,0
BRF:40
BRH:7
end_of_record
TN:
SF:services/placesApi.js
FN:12,(anonymous_0)
FN:24,(anonymous_1)
FN:59,(anonymous_2)
FN:110,(anonymous_3)
FNF:4
FNH:4
FNDA:3,(anonymous_0)
FNDA:1,(anonymous_1)
FNDA:1,(anonymous_2)
FNDA:1,(anonymous_3)
DA:7,1
DA:13,3
DA:14,3
DA:15,3
DA:16,3
DA:18,0
DA:25,1
DA:26,1
DA:27,1
DA:28,1
DA:29,1
DA:32,0
DA:34,0
DA:35,0
DA:38,0
DA:40,0
DA:41,0
DA:43,0
DA:44,0
DA:45,0
DA:47,0
DA:48,0
DA:51,0
DA:52,0
DA:60,1
DA:61,1
DA:62,1
DA:63,1
DA:64,1
DA:68,0
DA:70,0
DA:72,0
DA:73,0
DA:75,0
DA:76,0
DA:78,0
DA:79,0
DA:82,0
DA:95,0
DA:97,0
DA:98,0
DA:99,0
DA:102,0
DA:103,0
DA:111,1
DA:112,1
DA:113,1
DA:114,1
DA:115,1
DA:118,0
DA:120,0
DA:121,0
DA:124,0
DA:126,0
DA:127,0
DA:129,0
DA:130,0
DA:131,0
DA:133,0
DA:134,0
DA:137,0
DA:138,0
LF:62
LH:20
BRDA:14,0,0,3
BRDA:14,0,1,0
BRDA:24,1,0,1
BRDA:24,2,0,1
BRDA:27,3,0,1
BRDA:27,3,1,0
BRDA:34,4,0,0
BRDA:34,4,1,0
BRDA:43,5,0,0
BRDA:43,5,1,0
BRDA:62,6,0,1
BRDA:62,6,1,0
BRDA:78,7,0,0
BRDA:78,7,1,0
BRDA:84,8,0,0
BRDA:84,8,1,0
BRDA:85,9,0,0
BRDA:85,9,1,0
BRDA:88,10,0,0
BRDA:88,10,1,0
BRDA:110,11,0,1
BRDA:110,12,0,1
BRDA:113,13,0,1
BRDA:113,13,1,0
BRDA:120,14,0,0
BRDA:120,14,1,0
BRDA:129,15,0,0
BRDA:129,15,1,0
BRF:28
BRH:8
end_of_record
TN:
SF:services/placesSearch.js
FN:9,(anonymous_0)
FN:22,(anonymous_1)
FN:79,(anonymous_2)
FN:107,(anonymous_3)
FN:195,(anonymous_4)
FN:208,(anonymous_5)
FN:219,(anonymous_6)
FN:240,(anonymous_7)
FN:243,(anonymous_8)
FN:244,(anonymous_9)
FN:260,(anonymous_10)
FN:261,(anonymous_11)
FN:265,(anonymous_12)
FN:269,(anonymous_13)
FN:315,(anonymous_14)
FNF:15
FNH:9
FNDA:3,(anonymous_0)
FNDA:0,(anonymous_1)
FNDA:6,(anonymous_2)
FNDA:10,(anonymous_3)
FNDA:10,(anonymous_4)
FNDA:10,(anonymous_5)
FNDA:0,(anonymous_6)
FNDA:0,(anonymous_7)
FNDA:0,(anonymous_8)
FNDA:0,(anonymous_9)
FNDA:10,(anonymous_10)
FNDA:10,(anonymous_11)
FNDA:10,(anonymous_12)
FNDA:10,(anonymous_13)
FNDA:0,(anonymous_14)
DA:9,1
DA:10,3
DA:11,3
DA:17,2
DA:19,2
DA:21,0
DA:23,0
DA:24,0
DA:25,0
DA:42,0
DA:43,0
DA:61,0
DA:63,2
DA:64,2
DA:67,1
DA:68,1
DA:79,1
DA:80,6
DA:82,6
DA:85,6
DA:86,2
DA:87,2
DA:88,1
DA:92,4
DA:96,6
DA:98,6
DA:99,5
DA:101,5
DA:103,4
DA:106,4
DA:108,10
DA:109,10
DA:110,10
DA:113,0
DA:123,0
DA:150,10
DA:152,10
DA:179,4
DA:181,1
DA:182,1
DA:185,1
DA:186,1
DA:195,1
DA:196,10
DA:207,10
DA:208,10
DA:209,10
DA:213,0
DA:219,1
DA:220,0
DA:221,0
DA:225,0
DA:232,0
DA:240,0
DA:241,0
DA:243,0
DA:244,0
DA:246,0
DA:247,0
DA:254,0
DA:260,1
DA:261,10
DA:262,10
DA:265,10
DA:266,10
DA:269,10
DA:270,10
DA:274,10
DA:275,0
DA:284,10
DA:285,0
DA:294,10
DA:295,0
DA:304,10
DA:315,1
DA:316,0
DA:318,0
LF:77
LH:51
BRDA:19,0,0,0
BRDA:19,0,1,2
BRDA:31,1,0,0
BRDA:31,1,1,0
BRDA:32,2,0,0
BRDA:32,2,1,0
BRDA:33,3,0,0
BRDA:33,3,1,0
BRDA:34,4,0,0
BRDA:34,4,1,0
BRDA:35,5,0,0
BRDA:35,5,1,0
BRDA:36,6,0,0
BRDA:36,6,1,0
BRDA:37,7,0,0
BRDA:37,7,1,0
BRDA:48,8,0,0
BRDA:48,8,1,0
BRDA:49,9,0,0
BRDA:49,9,1,0
BRDA:79,10,0,3
BRDA:79,11,0,5
BRDA:85,12,0,2
BRDA:85,12,1,4
BRDA:87,13,0,1
BRDA:87,13,1,1
BRDA:101,14,0,4
BRDA:101,14,1,1
BRDA:116,15,0,0
BRDA:116,15,1,0
BRDA:117,16,0,0
BRDA:117,16,1,0
BRDA:119,17,0,0
BRDA:119,17,1,0
BRDA:126,18,0,0
BRDA:126,18,1,0
BRDA:126,18,2,0
BRDA:127,19,0,0
BRDA:127,19,1,0
BRDA:128,20,0,0
BRDA:128,20,1,0
BRDA:129,21,0,0
BRDA:129,21,1,0
BRDA:130,22,0,0
BRDA:130,22,1,0
BRDA:130,23,0,0
BRDA:130,23,1,0
BRDA:138,24,0,0
BRDA:138,24,1,0
BRDA:139,25,0,0
BRDA:139,25,1,0
BRDA:140,26,0,0
BRDA:140,26,1,0
BRDA:141,27,0,0
BRDA:141,27,1,0
BRDA:143,28,0,0
BRDA:143,28,1,0
BRDA:146,29,0,0
BRDA:146,29,1,0
BRDA:155,30,0,10
BRDA:155,30,1,0
BRDA:155,30,2,0
BRDA:156,31,0,10
BRDA:156,31,1,0
BRDA:157,32,0,10
BRDA:157,32,1,0
BRDA:158,33,0,10
BRDA:158,33,1,0
BRDA:159,34,0,0
BRDA:159,34,1,10
BRDA:159,35,0,10
BRDA:159,35,1,0
BRDA:172,36,0,0
BRDA:172,36,1,10
BRDA:208,37,0,10
BRDA:208,37,1,0
BRDA:220,38,0,0
BRDA:220,38,1,0
BRDA:220,39,0,0
BRDA:220,39,1,0
BRDA:244,40,0,0
BRDA:244,40,1,0
BRDA:246,41,0,0
BRDA:246,41,1,0
BRDA:274,42,0,0
BRDA:274,42,1,10
BRDA:284,43,0,0
BRDA:284,43,1,10
BRDA:294,44,0,0
BRDA:294,44,1,10
BRDA:319,45,0,0
BRDA:319,45,1,0
BRDA:320,46,0,0
BRDA:320,46,1,0
BRDA:321,47,0,0
BRDA:321,47,1,0
BRDA:322,48,0,0
BRDA:322,48,1,0
BRF:98
BRH:20
end_of_record
TN:
SF:services/simplePlacesService.js
FN:7,(anonymous_0)
FN:40,(anonymous_1)
FN:45,(anonymous_2)
FN:98,(anonymous_3)
FN:126,(anonymous_4)
FN:131,(anonymous_5)
FN:145,(anonymous_6)
FNF:7
FNH:3
FNDA:2,(anonymous_0)
FNDA:4,(anonymous_1)
FNDA:0,(anonymous_2)
FNDA:0,(anonymous_3)
FNDA:0,(anonymous_4)
FNDA:0,(anonymous_5)
FNDA:8,(anonymous_6)
DA:5,1
DA:8,2
DA:9,0
DA:12,2
DA:14,2
DA:15,0
DA:16,0
DA:18,0
DA:19,0
DA:20,0
DA:21,0
DA:24,0
DA:25,0
DA:26,0
DA:28,2
DA:29,2
DA:30,2
DA:41,4
DA:42,2
DA:46,0
DA:48,0
DA:49,0
DA:50,0
DA:51,0
DA:54,0
DA:58,0
DA:59,0
DA:60,0
DA:63,0
DA:64,0
DA:68,0
DA:78,0
DA:81,0
DA:83,0
DA:86,0
DA:88,0
DA:89,0
DA:91,0
DA:92,0
DA:93,0
DA:94,0
DA:98,0
DA:100,0
DA:104,0
DA:125,0
DA:126,0
DA:127,0
DA:131,0
DA:132,0
DA:134,0
DA:135,0
DA:138,0
DA:139,0
DA:140,0
DA:146,8
DA:147,8
LF:56
LH:11
BRDA:8,0,0,0
BRDA:8,0,1,2
BRDA:18,1,0,0
BRDA:18,1,1,0
BRDA:40,2,0,3
BRDA:41,3,0,2
BRDA:41,3,1,2
BRDA:45,4,0,0
BRDA:45,5,0,0
BRDA:45,6,0,0
BRDA:45,7,0,0
BRDA:49,8,0,0
BRDA:49,8,1,0
BRDA:58,9,0,0
BRDA:58,9,1,0
BRDA:58,10,0,0
BRDA:58,10,1,0
BRDA:58,10,2,0
BRDA:78,11,0,0
BRDA:78,11,1,0
BRDA:81,12,0,0
BRDA:81,12,1,0
BRDA:81,13,0,0
BRDA:81,13,1,0
BRDA:83,14,0,0
BRDA:83,14,1,0
BRDA:91,15,0,0
BRDA:91,15,1,0
BRDA:100,16,0,0
BRDA:100,16,1,0
BRDA:100,17,0,0
BRDA:100,17,1,0
BRDA:108,18,0,0
BRDA:108,18,1,0
BRDA:113,19,0,0
BRDA:113,19,1,0
BRDA:120,20,0,0
BRDA:120,20,1,0
BRDA:127,21,0,0
BRDA:127,21,1,0
BRF:40
BRH:4
end_of_record
TN:
SF:services/storageService.js
FN:16,(anonymous_0)
FN:27,(anonymous_1)
FN:79,(anonymous_2)
FN:98,(anonymous_3)
FN:131,(anonymous_4)
FN:147,(anonymous_5)
FN:150,(anonymous_6)
FN:171,(anonymous_7)
FN:174,(anonymous_8)
FN:188,(anonymous_9)
FN:208,(anonymous_10)
FN:212,(anonymous_11)
FN:216,(anonymous_12)
FN:218,(anonymous_13)
FN:225,(anonymous_14)
FN:227,(anonymous_15)
FN:232,(anonymous_16)
FN:236,(anonymous_17)
FN:240,(anonymous_18)
FN:242,(anonymous_19)
FN:250,(anonymous_20)
FN:262,(anonymous_21)
FN:269,(anonymous_22)
FN:289,(anonymous_23)
FN:297,(anonymous_24)
FN:302,(anonymous_25)
FN:306,(anonymous_26)
FN:311,(anonymous_27)
FN:315,(anonymous_28)
FN:320,(anonymous_29)
FN:327,(anonymous_30)
FN:332,(anonymous_31)
FN:336,(anonymous_32)
FN:341,(anonymous_33)
FN:345,(anonymous_34)
FN:350,(anonymous_35)
FN:354,(anonymous_36)
FN:361,(anonymous_37)
FN:391,(anonymous_38)
FN:452,(anonymous_39)
FNF:40
FNH:39
FNDA:54,(anonymous_0)
FNDA:56,(anonymous_1)
FNDA:23,(anonymous_2)
FNDA:26,(anonymous_3)
FNDA:3,(anonymous_4)
FNDA:4,(anonymous_5)
FNDA:4,(anonymous_6)
FNDA:5,(anonymous_7)
FNDA:2,(anonymous_8)
FNDA:5,(anonymous_9)
FNDA:5,(anonymous_10)
FNDA:4,(anonymous_11)
FNDA:2,(anonymous_12)
FNDA:1,(anonymous_13)
FNDA:2,(anonymous_14)
FNDA:4,(anonymous_15)
FNDA:3,(anonymous_16)
FNDA:2,(anonymous_17)
FNDA:2,(anonymous_18)
FNDA:1,(anonymous_19)
FNDA:2,(anonymous_20)
FNDA:1,(anonymous_21)
FNDA:2,(anonymous_22)
FNDA:2,(anonymous_23)
FNDA:1,(anonymous_24)
FNDA:2,(anonymous_25)
FNDA:1,(anonymous_26)
FNDA:2,(anonymous_27)
FNDA:1,(anonymous_28)
FNDA:2,(anonymous_29)
FNDA:1,(anonymous_30)
FNDA:1,(anonymous_31)
FNDA:1,(anonymous_32)
FNDA:1,(anonymous_33)
FNDA:1,(anonymous_34)
FNDA:1,(anonymous_35)
FNDA:1,(anonymous_36)
FNDA:2,(anonymous_37)
FNDA:4,(anonymous_38)
FNDA:0,(anonymous_39)
DA:17,54
DA:18,1
DA:20,53
DA:28,56
DA:29,56
DA:33,56
DA:34,53
DA:36,53
DA:37,5
DA:38,5
DA:40,5
DA:41,4
DA:42,4
DA:43,3
DA:46,3
DA:47,1
DA:48,1
DA:51,2
DA:52,2
DA:53,2
DA:55,1
DA:56,1
DA:59,1
DA:62,48
DA:65,49
DA:66,49
DA:68,3
DA:69,3
DA:80,23
DA:81,23
DA:82,23
DA:83,23
DA:84,23
DA:85,22
DA:87,1
DA:99,26
DA:100,26
DA:101,26
DA:103,26
DA:105,26
DA:106,25
DA:107,6
DA:108,6
DA:112,19
DA:113,19
DA:114,17
DA:115,17
DA:117,2
DA:118,2
DA:121,1
DA:122,1
DA:132,3
DA:133,3
DA:134,3
DA:135,3
DA:136,2
DA:138,1
DA:148,4
DA:149,4
DA:150,4
DA:151,3
DA:152,3
DA:153,4
DA:154,4
DA:155,4
DA:156,4
DA:158,1
DA:161,3
DA:163,1
DA:172,5
DA:173,5
DA:174,4
DA:175,4
DA:176,1
DA:178,4
DA:180,1
DA:189,5
DA:190,5
DA:191,5
DA:192,19
DA:193,18
DA:194,1
DA:197,4
DA:199,1
DA:209,5
DA:213,4
DA:217,2
DA:218,2
DA:219,2
DA:220,1
DA:221,1
DA:226,2
DA:227,4
DA:228,2
DA:233,3
DA:237,2
DA:241,2
DA:242,2
DA:243,2
DA:244,1
DA:245,1
DA:251,2
DA:259,2
DA:263,1
DA:271,2
DA:272,2
DA:277,0
DA:284,0
DA:285,0
DA:290,2
DA:298,1
DA:303,2
DA:307,1
DA:312,2
DA:316,1
DA:321,2
DA:328,1
DA:333,1
DA:337,1
DA:342,1
DA:346,1
DA:351,1
DA:355,1
DA:362,2
DA:363,2
DA:366,2
DA:378,2
DA:380,2
DA:382,0
DA:392,4
DA:393,4
DA:394,4
DA:395,4
DA:396,4
DA:398,4
DA:401,4
DA:402,1
DA:403,1
DA:406,3
DA:407,3
DA:410,3
DA:412,2
DA:414,4
DA:415,4
DA:416,4
DA:417,4
DA:419,0
DA:425,3
DA:426,3
DA:428,3
DA:429,3
DA:431,0
DA:432,0
DA:434,3
DA:437,3
DA:438,3
DA:440,3
DA:441,0
DA:443,0
DA:444,0
DA:447,0
DA:448,0
DA:449,0
DA:450,0
DA:452,0
DA:453,0
DA:456,0
DA:457,0
DA:459,0
DA:461,0
DA:463,0
DA:467,0
DA:468,0
DA:470,0
DA:472,0
DA:473,0
DA:478,0
DA:488,0
DA:489,0
DA:490,0
DA:493,0
DA:494,0
DA:497,0
DA:500,0
DA:501,0
DA:502,0
DA:503,0
DA:505,0
DA:506,0
DA:507,0
DA:508,0
DA:510,0
DA:513,0
DA:517,0
DA:518,0
DA:519,0
DA:520,0
DA:522,0
DA:529,0
DA:530,0
DA:531,0
DA:534,0
DA:535,0
DA:536,0
DA:542,3
DA:545,0
DA:546,0
DA:551,3
DA:552,2
DA:553,2
DA:555,2
DA:556,2
DA:559,2
DA:576,2
DA:577,28
DA:578,28
DA:579,28
DA:581,0
DA:585,2
DA:587,0
DA:590,1
DA:591,0
DA:593,1
DA:596,3
DA:602,3
DA:603,3
DA:606,0
DA:607,0
LF:228
LH:167
BRDA:17,0,0,1
BRDA:17,0,1,53
BRDA:36,1,0,5
BRDA:36,1,1,48
BRDA:40,2,0,4
BRDA:40,2,1,1
BRDA:46,3,0,1
BRDA:46,3,1,2
BRDA:51,4,0,2
BRDA:51,4,1,1
BRDA:79,5,0,17
BRDA:81,6,0,23
BRDA:81,6,1,17
BRDA:83,7,0,4
BRDA:83,7,1,19
BRDA:87,8,0,1
BRDA:87,8,1,0
BRDA:98,9,0,2
BRDA:98,10,0,25
BRDA:100,11,0,26
BRDA:100,11,1,25
BRDA:106,12,0,6
BRDA:106,12,1,19
BRDA:131,13,0,2
BRDA:133,14,0,3
BRDA:133,14,1,2
BRDA:138,15,0,1
BRDA:138,15,1,0
BRDA:163,16,0,1
BRDA:163,16,1,0
BRDA:175,17,0,1
BRDA:175,17,1,3
BRDA:180,18,0,1
BRDA:180,18,1,0
BRDA:193,19,0,1
BRDA:193,19,1,17
BRDA:199,20,0,1
BRDA:199,20,1,0
BRDA:219,21,0,1
BRDA:219,21,1,1
BRDA:243,22,0,1
BRDA:243,22,1,1
BRDA:271,23,0,2
BRDA:271,23,1,0
BRDA:278,24,0,0
BRDA:278,24,1,0
BRDA:278,24,2,0
BRDA:279,25,0,0
BRDA:279,25,1,0
BRDA:280,26,0,0
BRDA:280,26,1,0
BRDA:280,26,2,0
BRDA:281,27,0,0
BRDA:281,27,1,0
BRDA:281,27,2,0
BRDA:391,28,0,3
BRDA:401,29,0,1
BRDA:401,29,1,3
BRDA:410,30,0,2
BRDA:410,30,1,1
BRDA:410,31,0,3
BRDA:410,31,1,3
BRDA:414,32,0,4
BRDA:414,32,1,0
BRDA:428,33,0,3
BRDA:428,33,1,0
BRDA:440,34,0,0
BRDA:440,34,1,3
BRDA:440,35,0,3
BRDA:440,35,1,3
BRDA:448,36,0,0
BRDA:448,36,1,0
BRDA:448,37,0,0
BRDA:448,37,1,0
BRDA:456,38,0,0
BRDA:456,38,1,0
BRDA:456,39,0,0
BRDA:456,39,1,0
BRDA:484,40,0,0
BRDA:484,40,1,0
BRDA:505,41,0,0
BRDA:505,41,1,0
BRDA:524,42,0,0
BRDA:524,42,1,0
BRDA:525,43,0,0
BRDA:525,43,1,0
BRDA:525,44,0,0
BRDA:525,44,1,0
BRDA:536,45,0,0
BRDA:536,45,1,0
BRDA:551,46,0,2
BRDA:551,46,1,1
BRDA:551,47,0,3
BRDA:551,47,1,3
BRDA:551,47,2,1
BRDA:590,48,0,0
BRDA:590,48,1,1
BRDA:597,49,0,3
BRDA:597,49,1,1
BRF:99
BRH:58
end_of_record
